#
# There is insufficient memory for the Java Runtime Environment to continue.
# Native memory allocation (mmap) failed to map 65536 bytes for Failed to commit metaspace.
# Possible reasons:
#   The system is out of physical RAM or swap space
#   The process is running with CompressedOops enabled, and the Java Heap may be blocking the growth of the native heap
# Possible solutions:
#   Reduce memory load on the system
#   Increase physical memory or swap space
#   Check if swap backing store is full
#   Decrease Java heap size (-Xmx/-Xms)
#   Decrease number of Java threads
#   Decrease Java thread stack sizes (-Xss)
#   Set larger code cache with -XX:ReservedCodeCacheSize=
#   JVM is running with Unscaled Compressed Oops mode in which the Java heap is
#     placed in the first 4GB address space. The Java Heap base address is the
#     maximum limit for the native heap growth. Please use -XX:HeapBaseMinAddress
#     to set the Java Heap base and to place the Java Heap above 4GB virtual address.
# This output file may be truncated or incomplete.
#
#  Out of Memory Error (virtualSpaceNode.cpp:110), pid=9856, tid=13928
#
# JRE version: OpenJDK Runtime Environment OpenLogic-OpenJDK (17.0.10+7) (build 17.0.10+7-adhoc..jdk17u)
# Java VM: OpenJDK 64-Bit Server VM OpenLogic-OpenJDK (17.0.10+7-adhoc..jdk17u, mixed mode, sharing, tiered, compressed oops, compressed class ptrs, g1 gc, windows-amd64)
# No core dump will be written. Minidumps are not enabled by default on client versions of Windows
#

---------------  S U M M A R Y ------------

Command Line: -javaagent:C:\\Users\\dell\\.m2\\repository\\org\\jacoco\\org.jacoco.agent\\0.8.10\\org.jacoco.agent-0.8.10-runtime.jar=destfile=C:\\Users\\dell\\OneDrive\\Desktop\\software\\Fitness-Project-SE-course\\target\\jacoco.exec C:\Users\dell\AppData\Local\Temp\surefire12310231800448587399\surefirebooter-20241230085446867_3.jar C:\Users\dell\AppData\Local\Temp\surefire12310231800448587399 2024-12-30T08-54-46_665-jvmRun1 surefire-20241230085446867_1tmp surefire_0-20241230085446867_2tmp

Host: 11th Gen Intel(R) Core(TM) i5-1135G7 @ 2.40GHz, 8 cores, 7G,  Windows 11 , 64 bit Build 22621 (10.0.22621.4391)
Time: Mon Dec 30 08:54:47 2024 West Bank Gaza Standard Time elapsed time: 0.271367 seconds (0d 0h 0m 0s)

---------------  T H R E A D  ---------------

Current thread (0x0000016b8071f290):  JavaThread "main" [_thread_in_vm, id=13928, stack(0x0000000935700000,0x0000000935800000)]

Stack: [0x0000000935700000,0x0000000935800000]
Native frames: (J=compiled Java code, j=interpreted, Vv=VM code, C=native code)
V  [jvm.dll+0x67d6e9]
V  [jvm.dll+0x834dca]
V  [jvm.dll+0x83688e]
V  [jvm.dll+0x836ef3]
V  [jvm.dll+0x247bdf]
V  [jvm.dll+0x830a8b]
V  [jvm.dll+0x622136]
V  [jvm.dll+0x62219a]
V  [jvm.dll+0x6249ca]
V  [jvm.dll+0x622ad6]
V  [jvm.dll+0x36eea2]
V  [jvm.dll+0x1e35db]
V  [jvm.dll+0x542be7]
V  [jvm.dll+0x1f2767]
V  [jvm.dll+0x7ae25b]
V  [jvm.dll+0x7af62c]
V  [jvm.dll+0x7af978]
V  [jvm.dll+0x23feae]
V  [jvm.dll+0x382a0e]
C  0x0000016b922db6ce

The last pc belongs to new (printed below).
Java frames: (J=compiled Java code, j=interpreted, Vv=VM code)
j  java.lang.management.DefaultPlatformMBeanProvider.init()Ljava/util/List;+35 java.management@17.0.10
j  java.lang.management.DefaultPlatformMBeanProvider.<init>()V+6 java.management@17.0.10
j  java.lang.management.ManagementFactory$PlatformMBeanFinder$1.run()Ljava/util/List;+52 java.management@17.0.10
j  java.lang.management.ManagementFactory$PlatformMBeanFinder$1.run()Ljava/lang/Object;+1 java.management@17.0.10
j  java.security.AccessController.executePrivileged(Ljava/security/PrivilegedAction;Ljava/security/AccessControlContext;Ljava/lang/Class;)Ljava/lang/Object;+29 java.base@17.0.10
j  java.security.AccessController.doPrivileged(Ljava/security/PrivilegedAction;Ljava/security/AccessControlContext;)Ljava/lang/Object;+13 java.base@17.0.10
j  java.security.AccessController.doPrivileged(Ljava/security/PrivilegedAction;Ljava/security/AccessControlContext;[Ljava/security/Permission;)Ljava/lang/Object;+48 java.base@17.0.10
j  java.lang.management.ManagementFactory$PlatformMBeanFinder.<clinit>()V+38 java.management@17.0.10
v  ~StubRoutines::call_stub
j  java.lang.management.ManagementFactory.getPlatformMXBean(Ljava/lang/Class;)Ljava/lang/management/PlatformManagedObject;+1 java.management@17.0.10
j  java.lang.management.ManagementFactory.getRuntimeMXBean()Ljava/lang/management/RuntimeMXBean;+2 java.management@17.0.10
j  org.apache.maven.surefire.booter.ForkedBooter.isDebugging()Z+4
j  org.apache.maven.surefire.booter.ForkedBooter.setupBooter(Ljava/lang/String;Ljava/lang/String;Ljava/lang/String;Ljava/lang/String;)V+103
j  org.apache.maven.surefire.booter.ForkedBooter.run(Lorg/apache/maven/surefire/booter/ForkedBooter;[Ljava/lang/String;)V+39
j  org.apache.maven.surefire.booter.ForkedBooter.main([Ljava/lang/String;)V+20
v  ~StubRoutines::call_stub
new  187 new  [0x0000016b922db540, 0x0000016b922db760]  544 bytes
[MachCode]
  0x0000016b922db540: 4883 ec08 | c5fa 1104 | 24eb 1f48 | 83ec 10c5 | fb11 0424 | eb14 4883 | ec10 4889 | 0424 48c7 
  0x0000016b922db560: 4424 0800 | 0000 00eb | 0150 410f | b755 010f | cac1 ea10 | 488b 4de8 | 488b 4908 | 488b 4908 
  0x0000016b922db580: 488b 4108 | 807c 1004 | 070f 85df | 0000 0066 | 8b54 d148 | 488b 4928 | 488b 4cd1 | 0851 80b9 
  0x0000016b922db5a0: 3301 0000 | 040f 85c2 | 0000 008b | 5108 f7c2 | 0100 0000 | 0f85 b300 | 0000 498b | 8708 0100 
  0x0000016b922db5c0: 0048 8d1c | 1049 3b9f | 1801 0000 | 0f87 9b00 | 0000 4989 | 9f08 0100 | 00e9 0000 | 0000 4883 
  0x0000016b922db5e0: ea10 0f84 | 0f00 0000 | 33c9 c1ea | 0348 894c | d008 48ff | ca75 f648 | c700 0100 | 0000 5933 
  0x0000016b922db600: f689 700c | 49ba 0000 | 00a2 6b01 | 0000 492b | ca89 4808 | 49ba 7a35 | c3e4 f97f | 0000 4180 
  0x0000016b922db620: 3a00 0f84 | 4000 0000 | 5048 8bc8 | 4883 ec20 | f7c4 0f00 | 0000 0f84 | 1a00 0000 | 4883 ec08 
  0x0000016b922db640: 49ba c032 | 79e4 f97f | 0000 41ff | d248 83c4 | 08e9 0d00 | 0000 49ba | c032 79e4 | f97f 0000 
  0x0000016b922db660: 41ff d248 | 83c4 2058 | e9cd 0000 | 0059 488b | 55e8 488b | 5208 488b | 5208 450f | b745 0141 
  0x0000016b922db680: 0fc8 41c1 | e810 e805 | 0000 00e9 | aa00 0000 | 488d 4424 | 084c 896d | c049 8bcf | c5f8 7749 
  0x0000016b922db6a0: 89af a802 | 0000 4989 | 8798 0200 | 0048 83ec | 20f7 c40f | 0000 000f | 841a 0000 | 0048 83ec 
  0x0000016b922db6c0: 0849 bac0 | 2943 e4f9 | 7f00 0041 | ffd2 4883 | c408 e90d | 0000 0049 | bac0 2943 | e4f9 7f00 
  0x0000016b922db6e0: 0041 ffd2 | 4883 c420 | 49c7 8798 | 0200 0000 | 0000 0049 | c787 a802 | 0000 0000 | 0000 49c7 
  0x0000016b922db700: 87a0 0200 | 0000 0000 | 00c5 f877 | 4981 7f08 | 0000 0000 | 0f84 0500 | 0000 e9e1 | 57fe ff49 
  0x0000016b922db720: 8b87 f002 | 0000 49c7 | 87f0 0200 | 0000 0000 | 004c 8b6d | c04c 8b75 | c8c3 410f | b65d 0349 
  0x0000016b922db740: 83c5 0349 | ba90 a1c5 | e4f9 7f00 | 0041 ff24 | da0f 1f80 | 0000 0000 | 0000 0000 | 0000 0000 
[/MachCode]

---------------  P R O C E S S  ---------------

Threads class SMR info:
_java_thread_list=0x0000016be748b960, length=13, elements={
0x0000016b8071f290, 0x0000016ba1c353a0, 0x0000016ba1c35d60, 0x0000016ba1c4c650,
0x0000016ba1c4cf20, 0x0000016ba1c4d8e0, 0x0000016ba1c4f8c0, 0x0000016ba1c58a80,
0x0000016ba1c5b3b0, 0x0000016ba1c5ccd0, 0x0000016be70c5cc0, 0x0000016be70dbe30,
0x0000016be734bdf0
}

Java Threads: ( => current thread )
=>0x0000016b8071f290 JavaThread "main" [_thread_in_vm, id=13928, stack(0x0000000935700000,0x0000000935800000)]
  0x0000016ba1c353a0 JavaThread "Reference Handler" daemon [_thread_blocked, id=14172, stack(0x0000000935e00000,0x0000000935f00000)]
  0x0000016ba1c35d60 JavaThread "Finalizer" daemon [_thread_blocked, id=15368, stack(0x0000000935f00000,0x0000000936000000)]
  0x0000016ba1c4c650 JavaThread "Signal Dispatcher" daemon [_thread_blocked, id=10460, stack(0x0000000936000000,0x0000000936100000)]
  0x0000016ba1c4cf20 JavaThread "Attach Listener" daemon [_thread_blocked, id=13320, stack(0x0000000936100000,0x0000000936200000)]
  0x0000016ba1c4d8e0 JavaThread "Service Thread" daemon [_thread_blocked, id=11408, stack(0x0000000936200000,0x0000000936300000)]
  0x0000016ba1c4f8c0 JavaThread "Monitor Deflation Thread" daemon [_thread_blocked, id=10664, stack(0x0000000936300000,0x0000000936400000)]
  0x0000016ba1c58a80 JavaThread "C2 CompilerThread0" daemon [_thread_blocked, id=16408, stack(0x0000000936400000,0x0000000936500000)]
  0x0000016ba1c5b3b0 JavaThread "C1 CompilerThread0" daemon [_thread_blocked, id=4568, stack(0x0000000936500000,0x0000000936600000)]
  0x0000016ba1c5ccd0 JavaThread "Sweeper thread" daemon [_thread_blocked, id=12828, stack(0x0000000936600000,0x0000000936700000)]
  0x0000016be70c5cc0 JavaThread "Common-Cleaner" daemon [_thread_blocked, id=9692, stack(0x0000000936700000,0x0000000936800000)]
  0x0000016be70dbe30 JavaThread "C2 CompilerThread1" daemon [_thread_in_native, id=13948, stack(0x0000000936800000,0x0000000936900000)]
  0x0000016be734bdf0 JavaThread "Notification Thread" daemon [_thread_blocked, id=8464, stack(0x0000000936900000,0x0000000936a00000)]

Other Threads:
  0x0000016ba1c319f0 VMThread "VM Thread" [stack: 0x0000000935d00000,0x0000000935e00000] [id=12412]
  0x0000016be73a9680 WatcherThread [stack: 0x0000000936a00000,0x0000000936b00000] [id=1452]
  0x0000016b80778ca0 GCTaskThread "GC Thread#0" [stack: 0x0000000935800000,0x0000000935900000] [id=10784]
  0x0000016b80789370 ConcurrentGCThread "G1 Main Marker" [stack: 0x0000000935900000,0x0000000935a00000] [id=14304]
  0x0000016b80789d90 ConcurrentGCThread "G1 Conc#0" [stack: 0x0000000935a00000,0x0000000935b00000] [id=13204]
  0x0000016b807ce8f0 ConcurrentGCThread "G1 Refine#0" [stack: 0x0000000935b00000,0x0000000935c00000] [id=1244]
  0x0000016ba1ada750 ConcurrentGCThread "G1 Service" [stack: 0x0000000935c00000,0x0000000935d00000] [id=10856]

Threads with active compile tasks:
C2 CompilerThread1      283  728       4       org.jacoco.agent.rt.internal_4a7f17c.asm.SymbolTable::addConstantUtf8 (98 bytes)

VM state: not at safepoint (normal execution)

VM Mutex/Monitor currently owned by a thread:  ([mutex/lock_event])
[0x0000016b8071ad30] Metaspace_lock - owner thread: 0x0000016b8071f290

Heap address: 0x0000000084400000, size: 1980 MB, Compressed Oops mode: 32-bit

CDS archive(s) mapped at: [0x0000016ba2000000-0x0000016ba2bc0000-0x0000016ba2bc0000), size 12320768, SharedBaseAddress: 0x0000016ba2000000, ArchiveRelocationMode: 1.
Compressed class space mapped at: 0x0000016ba3000000-0x0000016be3000000, reserved size: 1073741824
Narrow klass base: 0x0000016ba2000000, Narrow klass shift: 0, Narrow klass range: 0x100000000

GC Precious Log:
 CPUs: 8 total, 8 available
 Memory: 7918M
 Large Page Support: Disabled
 NUMA Support: Disabled
 Compressed Oops: Enabled (32-bit)
 Heap Region Size: 1M
 Heap Min Capacity: 8M
 Heap Initial Capacity: 124M
 Heap Max Capacity: 1980M
 Pre-touch: Disabled
 Parallel Workers: 8
 Concurrent Workers: 2
 Concurrent Refinement Workers: 8
 Periodic GC: Disabled

Heap:
 garbage-first heap   total 126976K, used 10240K [0x0000000084400000, 0x0000000100000000)
  region size 1024K, 12 young (12288K), 0 survivors (0K)
 Metaspace       used 2380K, committed 2496K, reserved 1114112K
  class space    used 218K, committed 256K, reserved 1048576K

Heap Regions: E=young(eden), S=young(survivor), O=old, HS=humongous(starts), HC=humongous(continues), CS=collection set, F=free, OA=open archive, CA=closed archive, TAMS=top-at-mark-start (previous, next)
|   0|0x0000000084400000, 0x0000000084400000, 0x0000000084500000|  0%| F|  |TAMS 0x0000000084400000, 0x0000000084400000| Untracked 
|   1|0x0000000084500000, 0x0000000084500000, 0x0000000084600000|  0%| F|  |TAMS 0x0000000084500000, 0x0000000084500000| Untracked 
|   2|0x0000000084600000, 0x0000000084600000, 0x0000000084700000|  0%| F|  |TAMS 0x0000000084600000, 0x0000000084600000| Untracked 
|   3|0x0000000084700000, 0x0000000084700000, 0x0000000084800000|  0%| F|  |TAMS 0x0000000084700000, 0x0000000084700000| Untracked 
|   4|0x0000000084800000, 0x0000000084800000, 0x0000000084900000|  0%| F|  |TAMS 0x0000000084800000, 0x0000000084800000| Untracked 
|   5|0x0000000084900000, 0x0000000084900000, 0x0000000084a00000|  0%| F|  |TAMS 0x0000000084900000, 0x0000000084900000| Untracked 
|   6|0x0000000084a00000, 0x0000000084a00000, 0x0000000084b00000|  0%| F|  |TAMS 0x0000000084a00000, 0x0000000084a00000| Untracked 
|   7|0x0000000084b00000, 0x0000000084b00000, 0x0000000084c00000|  0%| F|  |TAMS 0x0000000084b00000, 0x0000000084b00000| Untracked 
|   8|0x0000000084c00000, 0x0000000084c00000, 0x0000000084d00000|  0%| F|  |TAMS 0x0000000084c00000, 0x0000000084c00000| Untracked 
|   9|0x0000000084d00000, 0x0000000084d00000, 0x0000000084e00000|  0%| F|  |TAMS 0x0000000084d00000, 0x0000000084d00000| Untracked 
|  10|0x0000000084e00000, 0x0000000084e00000, 0x0000000084f00000|  0%| F|  |TAMS 0x0000000084e00000, 0x0000000084e00000| Untracked 
|  11|0x0000000084f00000, 0x0000000084f00000, 0x0000000085000000|  0%| F|  |TAMS 0x0000000084f00000, 0x0000000084f00000| Untracked 
|  12|0x0000000085000000, 0x0000000085000000, 0x0000000085100000|  0%| F|  |TAMS 0x0000000085000000, 0x0000000085000000| Untracked 
|  13|0x0000000085100000, 0x0000000085100000, 0x0000000085200000|  0%| F|  |TAMS 0x0000000085100000, 0x0000000085100000| Untracked 
|  14|0x0000000085200000, 0x0000000085200000, 0x0000000085300000|  0%| F|  |TAMS 0x0000000085200000, 0x0000000085200000| Untracked 
|  15|0x0000000085300000, 0x0000000085300000, 0x0000000085400000|  0%| F|  |TAMS 0x0000000085300000, 0x0000000085300000| Untracked 
|  16|0x0000000085400000, 0x0000000085400000, 0x0000000085500000|  0%| F|  |TAMS 0x0000000085400000, 0x0000000085400000| Untracked 
|  17|0x0000000085500000, 0x0000000085500000, 0x0000000085600000|  0%| F|  |TAMS 0x0000000085500000, 0x0000000085500000| Untracked 
|  18|0x0000000085600000, 0x0000000085600000, 0x0000000085700000|  0%| F|  |TAMS 0x0000000085600000, 0x0000000085600000| Untracked 
|  19|0x0000000085700000, 0x0000000085700000, 0x0000000085800000|  0%| F|  |TAMS 0x0000000085700000, 0x0000000085700000| Untracked 
|  20|0x0000000085800000, 0x0000000085800000, 0x0000000085900000|  0%| F|  |TAMS 0x0000000085800000, 0x0000000085800000| Untracked 
|  21|0x0000000085900000, 0x0000000085900000, 0x0000000085a00000|  0%| F|  |TAMS 0x0000000085900000, 0x0000000085900000| Untracked 
|  22|0x0000000085a00000, 0x0000000085a00000, 0x0000000085b00000|  0%| F|  |TAMS 0x0000000085a00000, 0x0000000085a00000| Untracked 
|  23|0x0000000085b00000, 0x0000000085b00000, 0x0000000085c00000|  0%| F|  |TAMS 0x0000000085b00000, 0x0000000085b00000| Untracked 
|  24|0x0000000085c00000, 0x0000000085c00000, 0x0000000085d00000|  0%| F|  |TAMS 0x0000000085c00000, 0x0000000085c00000| Untracked 
|  25|0x0000000085d00000, 0x0000000085d00000, 0x0000000085e00000|  0%| F|  |TAMS 0x0000000085d00000, 0x0000000085d00000| Untracked 
|  26|0x0000000085e00000, 0x0000000085e00000, 0x0000000085f00000|  0%| F|  |TAMS 0x0000000085e00000, 0x0000000085e00000| Untracked 
|  27|0x0000000085f00000, 0x0000000085f00000, 0x0000000086000000|  0%| F|  |TAMS 0x0000000085f00000, 0x0000000085f00000| Untracked 
|  28|0x0000000086000000, 0x0000000086000000, 0x0000000086100000|  0%| F|  |TAMS 0x0000000086000000, 0x0000000086000000| Untracked 
|  29|0x0000000086100000, 0x0000000086100000, 0x0000000086200000|  0%| F|  |TAMS 0x0000000086100000, 0x0000000086100000| Untracked 
|  30|0x0000000086200000, 0x0000000086200000, 0x0000000086300000|  0%| F|  |TAMS 0x0000000086200000, 0x0000000086200000| Untracked 
|  31|0x0000000086300000, 0x0000000086300000, 0x0000000086400000|  0%| F|  |TAMS 0x0000000086300000, 0x0000000086300000| Untracked 
|  32|0x0000000086400000, 0x0000000086400000, 0x0000000086500000|  0%| F|  |TAMS 0x0000000086400000, 0x0000000086400000| Untracked 
|  33|0x0000000086500000, 0x0000000086500000, 0x0000000086600000|  0%| F|  |TAMS 0x0000000086500000, 0x0000000086500000| Untracked 
|  34|0x0000000086600000, 0x0000000086600000, 0x0000000086700000|  0%| F|  |TAMS 0x0000000086600000, 0x0000000086600000| Untracked 
|  35|0x0000000086700000, 0x0000000086700000, 0x0000000086800000|  0%| F|  |TAMS 0x0000000086700000, 0x0000000086700000| Untracked 
|  36|0x0000000086800000, 0x0000000086800000, 0x0000000086900000|  0%| F|  |TAMS 0x0000000086800000, 0x0000000086800000| Untracked 
|  37|0x0000000086900000, 0x0000000086900000, 0x0000000086a00000|  0%| F|  |TAMS 0x0000000086900000, 0x0000000086900000| Untracked 
|  38|0x0000000086a00000, 0x0000000086a00000, 0x0000000086b00000|  0%| F|  |TAMS 0x0000000086a00000, 0x0000000086a00000| Untracked 
|  39|0x0000000086b00000, 0x0000000086b00000, 0x0000000086c00000|  0%| F|  |TAMS 0x0000000086b00000, 0x0000000086b00000| Untracked 
|  40|0x0000000086c00000, 0x0000000086c00000, 0x0000000086d00000|  0%| F|  |TAMS 0x0000000086c00000, 0x0000000086c00000| Untracked 
|  41|0x0000000086d00000, 0x0000000086d00000, 0x0000000086e00000|  0%| F|  |TAMS 0x0000000086d00000, 0x0000000086d00000| Untracked 
|  42|0x0000000086e00000, 0x0000000086e00000, 0x0000000086f00000|  0%| F|  |TAMS 0x0000000086e00000, 0x0000000086e00000| Untracked 
|  43|0x0000000086f00000, 0x0000000086f00000, 0x0000000087000000|  0%| F|  |TAMS 0x0000000086f00000, 0x0000000086f00000| Untracked 
|  44|0x0000000087000000, 0x0000000087000000, 0x0000000087100000|  0%| F|  |TAMS 0x0000000087000000, 0x0000000087000000| Untracked 
|  45|0x0000000087100000, 0x0000000087100000, 0x0000000087200000|  0%| F|  |TAMS 0x0000000087100000, 0x0000000087100000| Untracked 
|  46|0x0000000087200000, 0x0000000087200000, 0x0000000087300000|  0%| F|  |TAMS 0x0000000087200000, 0x0000000087200000| Untracked 
|  47|0x0000000087300000, 0x0000000087300000, 0x0000000087400000|  0%| F|  |TAMS 0x0000000087300000, 0x0000000087300000| Untracked 
|  48|0x0000000087400000, 0x0000000087400000, 0x0000000087500000|  0%| F|  |TAMS 0x0000000087400000, 0x0000000087400000| Untracked 
|  49|0x0000000087500000, 0x0000000087500000, 0x0000000087600000|  0%| F|  |TAMS 0x0000000087500000, 0x0000000087500000| Untracked 
|  50|0x0000000087600000, 0x0000000087600000, 0x0000000087700000|  0%| F|  |TAMS 0x0000000087600000, 0x0000000087600000| Untracked 
|  51|0x0000000087700000, 0x0000000087700000, 0x0000000087800000|  0%| F|  |TAMS 0x0000000087700000, 0x0000000087700000| Untracked 
|  52|0x0000000087800000, 0x0000000087800000, 0x0000000087900000|  0%| F|  |TAMS 0x0000000087800000, 0x0000000087800000| Untracked 
|  53|0x0000000087900000, 0x0000000087900000, 0x0000000087a00000|  0%| F|  |TAMS 0x0000000087900000, 0x0000000087900000| Untracked 
|  54|0x0000000087a00000, 0x0000000087a00000, 0x0000000087b00000|  0%| F|  |TAMS 0x0000000087a00000, 0x0000000087a00000| Untracked 
|  55|0x0000000087b00000, 0x0000000087b00000, 0x0000000087c00000|  0%| F|  |TAMS 0x0000000087b00000, 0x0000000087b00000| Untracked 
|  56|0x0000000087c00000, 0x0000000087c00000, 0x0000000087d00000|  0%| F|  |TAMS 0x0000000087c00000, 0x0000000087c00000| Untracked 
|  57|0x0000000087d00000, 0x0000000087d00000, 0x0000000087e00000|  0%| F|  |TAMS 0x0000000087d00000, 0x0000000087d00000| Untracked 
|  58|0x0000000087e00000, 0x0000000087e00000, 0x0000000087f00000|  0%| F|  |TAMS 0x0000000087e00000, 0x0000000087e00000| Untracked 
|  59|0x0000000087f00000, 0x0000000087f00000, 0x0000000088000000|  0%| F|  |TAMS 0x0000000087f00000, 0x0000000087f00000| Untracked 
|  60|0x0000000088000000, 0x0000000088000000, 0x0000000088100000|  0%| F|  |TAMS 0x0000000088000000, 0x0000000088000000| Untracked 
|  61|0x0000000088100000, 0x0000000088100000, 0x0000000088200000|  0%| F|  |TAMS 0x0000000088100000, 0x0000000088100000| Untracked 
|  62|0x0000000088200000, 0x0000000088200000, 0x0000000088300000|  0%| F|  |TAMS 0x0000000088200000, 0x0000000088200000| Untracked 
|  63|0x0000000088300000, 0x0000000088300000, 0x0000000088400000|  0%| F|  |TAMS 0x0000000088300000, 0x0000000088300000| Untracked 
|  64|0x0000000088400000, 0x0000000088400000, 0x0000000088500000|  0%| F|  |TAMS 0x0000000088400000, 0x0000000088400000| Untracked 
|  65|0x0000000088500000, 0x0000000088500000, 0x0000000088600000|  0%| F|  |TAMS 0x0000000088500000, 0x0000000088500000| Untracked 
|  66|0x0000000088600000, 0x0000000088600000, 0x0000000088700000|  0%| F|  |TAMS 0x0000000088600000, 0x0000000088600000| Untracked 
|  67|0x0000000088700000, 0x0000000088700000, 0x0000000088800000|  0%| F|  |TAMS 0x0000000088700000, 0x0000000088700000| Untracked 
|  68|0x0000000088800000, 0x0000000088800000, 0x0000000088900000|  0%| F|  |TAMS 0x0000000088800000, 0x0000000088800000| Untracked 
|  69|0x0000000088900000, 0x0000000088900000, 0x0000000088a00000|  0%| F|  |TAMS 0x0000000088900000, 0x0000000088900000| Untracked 
|  70|0x0000000088a00000, 0x0000000088a00000, 0x0000000088b00000|  0%| F|  |TAMS 0x0000000088a00000, 0x0000000088a00000| Untracked 
|  71|0x0000000088b00000, 0x0000000088b00000, 0x0000000088c00000|  0%| F|  |TAMS 0x0000000088b00000, 0x0000000088b00000| Untracked 
|  72|0x0000000088c00000, 0x0000000088c00000, 0x0000000088d00000|  0%| F|  |TAMS 0x0000000088c00000, 0x0000000088c00000| Untracked 
|  73|0x0000000088d00000, 0x0000000088d00000, 0x0000000088e00000|  0%| F|  |TAMS 0x0000000088d00000, 0x0000000088d00000| Untracked 
|  74|0x0000000088e00000, 0x0000000088e00000, 0x0000000088f00000|  0%| F|  |TAMS 0x0000000088e00000, 0x0000000088e00000| Untracked 
|  75|0x0000000088f00000, 0x0000000088f00000, 0x0000000089000000|  0%| F|  |TAMS 0x0000000088f00000, 0x0000000088f00000| Untracked 
|  76|0x0000000089000000, 0x0000000089000000, 0x0000000089100000|  0%| F|  |TAMS 0x0000000089000000, 0x0000000089000000| Untracked 
|  77|0x0000000089100000, 0x0000000089100000, 0x0000000089200000|  0%| F|  |TAMS 0x0000000089100000, 0x0000000089100000| Untracked 
|  78|0x0000000089200000, 0x0000000089200000, 0x0000000089300000|  0%| F|  |TAMS 0x0000000089200000, 0x0000000089200000| Untracked 
|  79|0x0000000089300000, 0x0000000089300000, 0x0000000089400000|  0%| F|  |TAMS 0x0000000089300000, 0x0000000089300000| Untracked 
|  80|0x0000000089400000, 0x0000000089400000, 0x0000000089500000|  0%| F|  |TAMS 0x0000000089400000, 0x0000000089400000| Untracked 
|  81|0x0000000089500000, 0x0000000089500000, 0x0000000089600000|  0%| F|  |TAMS 0x0000000089500000, 0x0000000089500000| Untracked 
|  82|0x0000000089600000, 0x0000000089600000, 0x0000000089700000|  0%| F|  |TAMS 0x0000000089600000, 0x0000000089600000| Untracked 
|  83|0x0000000089700000, 0x0000000089700000, 0x0000000089800000|  0%| F|  |TAMS 0x0000000089700000, 0x0000000089700000| Untracked 
|  84|0x0000000089800000, 0x0000000089800000, 0x0000000089900000|  0%| F|  |TAMS 0x0000000089800000, 0x0000000089800000| Untracked 
|  85|0x0000000089900000, 0x0000000089900000, 0x0000000089a00000|  0%| F|  |TAMS 0x0000000089900000, 0x0000000089900000| Untracked 
|  86|0x0000000089a00000, 0x0000000089a00000, 0x0000000089b00000|  0%| F|  |TAMS 0x0000000089a00000, 0x0000000089a00000| Untracked 
|  87|0x0000000089b00000, 0x0000000089b00000, 0x0000000089c00000|  0%| F|  |TAMS 0x0000000089b00000, 0x0000000089b00000| Untracked 
|  88|0x0000000089c00000, 0x0000000089c00000, 0x0000000089d00000|  0%| F|  |TAMS 0x0000000089c00000, 0x0000000089c00000| Untracked 
|  89|0x0000000089d00000, 0x0000000089d00000, 0x0000000089e00000|  0%| F|  |TAMS 0x0000000089d00000, 0x0000000089d00000| Untracked 
|  90|0x0000000089e00000, 0x0000000089e00000, 0x0000000089f00000|  0%| F|  |TAMS 0x0000000089e00000, 0x0000000089e00000| Untracked 
|  91|0x0000000089f00000, 0x0000000089f00000, 0x000000008a000000|  0%| F|  |TAMS 0x0000000089f00000, 0x0000000089f00000| Untracked 
|  92|0x000000008a000000, 0x000000008a000000, 0x000000008a100000|  0%| F|  |TAMS 0x000000008a000000, 0x000000008a000000| Untracked 
|  93|0x000000008a100000, 0x000000008a100000, 0x000000008a200000|  0%| F|  |TAMS 0x000000008a100000, 0x000000008a100000| Untracked 
|  94|0x000000008a200000, 0x000000008a200000, 0x000000008a300000|  0%| F|  |TAMS 0x000000008a200000, 0x000000008a200000| Untracked 
|  95|0x000000008a300000, 0x000000008a300000, 0x000000008a400000|  0%| F|  |TAMS 0x000000008a300000, 0x000000008a300000| Untracked 
|  96|0x000000008a400000, 0x000000008a400000, 0x000000008a500000|  0%| F|  |TAMS 0x000000008a400000, 0x000000008a400000| Untracked 
|  97|0x000000008a500000, 0x000000008a500000, 0x000000008a600000|  0%| F|  |TAMS 0x000000008a500000, 0x000000008a500000| Untracked 
|  98|0x000000008a600000, 0x000000008a600000, 0x000000008a700000|  0%| F|  |TAMS 0x000000008a600000, 0x000000008a600000| Untracked 
|  99|0x000000008a700000, 0x000000008a700000, 0x000000008a800000|  0%| F|  |TAMS 0x000000008a700000, 0x000000008a700000| Untracked 
| 100|0x000000008a800000, 0x000000008a800000, 0x000000008a900000|  0%| F|  |TAMS 0x000000008a800000, 0x000000008a800000| Untracked 
| 101|0x000000008a900000, 0x000000008a900000, 0x000000008aa00000|  0%| F|  |TAMS 0x000000008a900000, 0x000000008a900000| Untracked 
| 102|0x000000008aa00000, 0x000000008aa00000, 0x000000008ab00000|  0%| F|  |TAMS 0x000000008aa00000, 0x000000008aa00000| Untracked 
| 103|0x000000008ab00000, 0x000000008ab00000, 0x000000008ac00000|  0%| F|  |TAMS 0x000000008ab00000, 0x000000008ab00000| Untracked 
| 104|0x000000008ac00000, 0x000000008ac00000, 0x000000008ad00000|  0%| F|  |TAMS 0x000000008ac00000, 0x000000008ac00000| Untracked 
| 105|0x000000008ad00000, 0x000000008ad00000, 0x000000008ae00000|  0%| F|  |TAMS 0x000000008ad00000, 0x000000008ad00000| Untracked 
| 106|0x000000008ae00000, 0x000000008ae00000, 0x000000008af00000|  0%| F|  |TAMS 0x000000008ae00000, 0x000000008ae00000| Untracked 
| 107|0x000000008af00000, 0x000000008af00000, 0x000000008b000000|  0%| F|  |TAMS 0x000000008af00000, 0x000000008af00000| Untracked 
| 108|0x000000008b000000, 0x000000008b000000, 0x000000008b100000|  0%| F|  |TAMS 0x000000008b000000, 0x000000008b000000| Untracked 
| 109|0x000000008b100000, 0x000000008b100000, 0x000000008b200000|  0%| F|  |TAMS 0x000000008b100000, 0x000000008b100000| Untracked 
| 110|0x000000008b200000, 0x000000008b200000, 0x000000008b300000|  0%| F|  |TAMS 0x000000008b200000, 0x000000008b200000| Untracked 
| 111|0x000000008b300000, 0x000000008b300000, 0x000000008b400000|  0%| F|  |TAMS 0x000000008b300000, 0x000000008b300000| Untracked 
| 112|0x000000008b400000, 0x000000008b476da0, 0x000000008b500000| 46%| E|  |TAMS 0x000000008b400000, 0x000000008b400000| Complete 
| 113|0x000000008b500000, 0x000000008b600000, 0x000000008b600000|100%| E|CS|TAMS 0x000000008b500000, 0x000000008b500000| Complete 
| 114|0x000000008b600000, 0x000000008b700000, 0x000000008b700000|100%| E|CS|TAMS 0x000000008b600000, 0x000000008b600000| Complete 
| 115|0x000000008b700000, 0x000000008b800000, 0x000000008b800000|100%| E|CS|TAMS 0x000000008b700000, 0x000000008b700000| Complete 
| 116|0x000000008b800000, 0x000000008b900000, 0x000000008b900000|100%| E|CS|TAMS 0x000000008b800000, 0x000000008b800000| Complete 
| 117|0x000000008b900000, 0x000000008ba00000, 0x000000008ba00000|100%| E|CS|TAMS 0x000000008b900000, 0x000000008b900000| Complete 
| 118|0x000000008ba00000, 0x000000008bb00000, 0x000000008bb00000|100%| E|CS|TAMS 0x000000008ba00000, 0x000000008ba00000| Complete 
| 119|0x000000008bb00000, 0x000000008bc00000, 0x000000008bc00000|100%| E|  |TAMS 0x000000008bb00000, 0x000000008bb00000| Complete 
| 120|0x000000008bc00000, 0x000000008bd00000, 0x000000008bd00000|100%| E|CS|TAMS 0x000000008bc00000, 0x000000008bc00000| Complete 
| 121|0x000000008bd00000, 0x000000008be00000, 0x000000008be00000|100%| E|CS|TAMS 0x000000008bd00000, 0x000000008bd00000| Complete 
| 122|0x000000008be00000, 0x000000008bf00000, 0x000000008bf00000|100%| E|CS|TAMS 0x000000008be00000, 0x000000008be00000| Complete 
| 123|0x000000008bf00000, 0x000000008c000000, 0x000000008c000000|100%| E|CS|TAMS 0x000000008bf00000, 0x000000008bf00000| Complete 

Card table byte_map: [0x0000016b9abe0000,0x0000016b9afc0000] _byte_map_base: 0x0000016b9a7be000

Marking Bits (Prev, Next): (CMBitMap*) 0x0000016b807792c0, (CMBitMap*) 0x0000016b80779300
 Prev Bits: [0x0000016b9b3a0000, 0x0000016b9d290000)
 Next Bits: [0x0000016b9d290000, 0x0000016b9f180000)

Polling page: 0x0000016b807d0000

Metaspace:

Usage:
  Non-class:      2.11 MB used.
      Class:    218.96 KB used.
       Both:      2.32 MB used.

Virtual space:
  Non-class space:       64.00 MB reserved,       2.19 MB (  3%) committed,  1 nodes.
      Class space:        1.00 GB reserved,     256.00 KB ( <1%) committed,  1 nodes.
             Both:        1.06 GB reserved,       2.44 MB ( <1%) committed. 

Chunk freelists:
   Non-Class:  11.08 MB
       Class:  15.66 MB
        Both:  26.73 MB

MaxMetaspaceSize: unlimited
CompressedClassSpaceSize: 1.00 GB
Initial GC threshold: 21.00 MB
Current GC threshold: 21.00 MB
CDS: on
MetaspaceReclaimPolicy: balanced
 - commit_granule_bytes: 65536.
 - commit_granule_words: 8192.
 - virtual_space_node_default_size: 8388608.
 - enlarge_chunks_in_place: 1.
 - new_chunks_are_fully_committed: 0.
 - uncommit_free_chunks: 1.
 - use_allocation_guard: 0.
 - handle_deallocations: 1.


Internal statistics:

num_allocs_failed_limit: 0.
num_arena_births: 14.
num_arena_deaths: 0.
num_vsnodes_births: 2.
num_vsnodes_deaths: 0.
num_space_committed: 39.
num_space_uncommitted: 0.
num_chunks_returned_to_freelist: 0.
num_chunks_taken_from_freelist: 55.
num_chunk_merges: 0.
num_chunk_splits: 43.
num_chunks_enlarged: 36.
num_inconsistent_stats: 0.

CodeHeap 'non-profiled nmethods': size=120000Kb used=217Kb max_used=217Kb free=119782Kb
 bounds [0x0000016b92860000, 0x0000016b92ad0000, 0x0000016b99d90000]
CodeHeap 'profiled nmethods': size=120000Kb used=1438Kb max_used=1438Kb free=118562Kb
 bounds [0x0000016b8ad90000, 0x0000016b8b000000, 0x0000016b922c0000]
CodeHeap 'non-nmethods': size=5760Kb used=1138Kb max_used=1167Kb free=4621Kb
 bounds [0x0000016b922c0000, 0x0000016b92530000, 0x0000016b92860000]
 total_blobs=1143 nmethods=732 adapters=324
 compilation: enabled
              stopped_count=0, restarted_count=0
 full_count=0

Compilation events (20 events):
Event: 0.253 Thread 0x0000016ba1c5b3b0 nmethod 723 0x0000016b8aef2810 code [0x0000016b8aef29c0, 0x0000016b8aef2b48]
Event: 0.253 Thread 0x0000016ba1c5b3b0  719       3       org.jacoco.agent.rt.internal_4a7f17c.asm.commons.AnalyzerAdapter::visitLocalVariable (54 bytes)
Event: 0.254 Thread 0x0000016ba1c5b3b0 nmethod 719 0x0000016b8aef2c90 code [0x0000016b8aef2ea0, 0x0000016b8aef3648]
Event: 0.254 Thread 0x0000016ba1c5b3b0  720       3       org.jacoco.agent.rt.internal_4a7f17c.core.internal.instr.ProbeInserter::visitLocalVariable (51 bytes)
Event: 0.254 Thread 0x0000016ba1c5b3b0 nmethod 720 0x0000016b8aef3990 code [0x0000016b8aef3b60, 0x0000016b8aef3f18]
Event: 0.254 Thread 0x0000016ba1c5b3b0  721       3       org.jacoco.agent.rt.internal_4a7f17c.asm.MethodWriter::visitLocalVariable (222 bytes)
Event: 0.254 Thread 0x0000016ba1c5b3b0 nmethod 721 0x0000016b8aef4090 code [0x0000016b8aef43c0, 0x0000016b8aef54f8]
Event: 0.254 Thread 0x0000016ba1c5b3b0  725       3       java.util.ArrayList::removeRange (39 bytes)
Event: 0.255 Thread 0x0000016ba1c5b3b0 nmethod 725 0x0000016b8aef5d10 code [0x0000016b8aef5f60, 0x0000016b8aef65f8]
Event: 0.255 Thread 0x0000016ba1c5b3b0  730       3       jdk.internal.org.objectweb.asm.ClassReader::readUnsignedShort (26 bytes)
Event: 0.255 Thread 0x0000016ba1c5b3b0 nmethod 730 0x0000016b8aef6910 code [0x0000016b8aef6aa0, 0x0000016b8aef6c18]
Event: 0.255 Thread 0x0000016ba1c58a80 nmethod 715% 0x0000016b92895c10 code [0x0000016b92895da0, 0x0000016b928961d8]
Event: 0.255 Thread 0x0000016ba1c58a80  727       4       org.jacoco.agent.rt.internal_4a7f17c.asm.MethodVisitor::visitMethodInsn (80 bytes)
Event: 0.256 Thread 0x0000016ba1c58a80 nmethod 727 0x0000016b92896310 code [0x0000016b928964a0, 0x0000016b928965b8]
Event: 0.257 Thread 0x0000016ba1c5b3b0  731       3       java.lang.invoke.MemberName::getReferenceKind (12 bytes)
Event: 0.257 Thread 0x0000016ba1c5b3b0 nmethod 731 0x0000016b8aef6d10 code [0x0000016b8aef6ea0, 0x0000016b8aef6fb8]
Event: 0.257 Thread 0x0000016ba1c5b3b0  732       3       java.lang.reflect.Modifier::isProtected (12 bytes)
Event: 0.257 Thread 0x0000016ba1c5b3b0 nmethod 732 0x0000016b8aef7090 code [0x0000016b8aef7220, 0x0000016b8aef7378]
Event: 0.257 Thread 0x0000016ba1c5b3b0  733       3       java.lang.ref.SoftReference::get (29 bytes)
Event: 0.257 Thread 0x0000016ba1c5b3b0 nmethod 733 0x0000016b8aef7410 code [0x0000016b8aef75a0, 0x0000016b8aef7778]

GC Heap History (0 events):
No events

Dll operation events (11 events):
Event: 0.006 Loaded shared library C:\Program Files\OpenLogic\jdk-17.0.10.7-hotspot\bin\java.dll
Event: 0.021 Loaded shared library C:\Program Files\OpenLogic\jdk-17.0.10.7-hotspot\bin\jsvml.dll
Event: 0.051 Loaded shared library C:\Program Files\OpenLogic\jdk-17.0.10.7-hotspot\bin\zip.dll
Event: 0.052 Loaded shared library C:\Program Files\OpenLogic\jdk-17.0.10.7-hotspot\bin\instrument.dll
Event: 0.055 Loaded shared library C:\Program Files\OpenLogic\jdk-17.0.10.7-hotspot\bin\net.dll
Event: 0.056 Loaded shared library C:\Program Files\OpenLogic\jdk-17.0.10.7-hotspot\bin\nio.dll
Event: 0.058 Loaded shared library C:\Program Files\OpenLogic\jdk-17.0.10.7-hotspot\bin\zip.dll
Event: 0.089 Loaded shared library C:\Program Files\OpenLogic\jdk-17.0.10.7-hotspot\bin\verify.dll
Event: 0.120 Loaded shared library C:\Program Files\OpenLogic\jdk-17.0.10.7-hotspot\bin\jimage.dll
Event: 0.255 Loaded shared library C:\Program Files\OpenLogic\jdk-17.0.10.7-hotspot\bin\management.dll
Event: 0.258 Loaded shared library C:\Program Files\OpenLogic\jdk-17.0.10.7-hotspot\bin\management_ext.dll

Deoptimization events (20 events):
Event: 0.123 Thread 0x0000016b8071f290 DEOPT PACKING pc=0x0000016b92873164 sp=0x00000009357fdb30
Event: 0.123 Thread 0x0000016b8071f290 DEOPT UNPACKING pc=0x0000016b9231a1a3 sp=0x00000009357fdab8 mode 2
Event: 0.128 Thread 0x0000016b8071f290 Uncommon trap: trap_request=0xffffff45 fr.pc=0x0000016b9286d44c relative=0x000000000000066c
Event: 0.128 Thread 0x0000016b8071f290 Uncommon trap: reason=unstable_if action=reinterpret pc=0x0000016b9286d44c method=java.util.HashMap.putVal(ILjava/lang/Object;Ljava/lang/Object;ZZ)Ljava/lang/Object; @ 69 c2
Event: 0.128 Thread 0x0000016b8071f290 DEOPT PACKING pc=0x0000016b9286d44c sp=0x00000009357fcc80
Event: 0.128 Thread 0x0000016b8071f290 DEOPT UNPACKING pc=0x0000016b9231a1a3 sp=0x00000009357fcc20 mode 2
Event: 0.148 Thread 0x0000016b8071f290 DEOPT PACKING pc=0x0000016b8adbf165 sp=0x00000009357fd540
Event: 0.148 Thread 0x0000016b8071f290 DEOPT UNPACKING pc=0x0000016b9231ace3 sp=0x00000009357fc990 mode 0
Event: 0.161 Thread 0x0000016b8071f290 DEOPT PACKING pc=0x0000016b8adbf165 sp=0x00000009357f7d00
Event: 0.161 Thread 0x0000016b8071f290 DEOPT UNPACKING pc=0x0000016b9231ace3 sp=0x00000009357f7150 mode 0
Event: 0.168 Thread 0x0000016b8071f290 DEOPT PACKING pc=0x0000016b8adbf165 sp=0x00000009357f7f10
Event: 0.168 Thread 0x0000016b8071f290 DEOPT UNPACKING pc=0x0000016b9231ace3 sp=0x00000009357f7360 mode 0
Event: 0.246 Thread 0x0000016b8071f290 Uncommon trap: trap_request=0xffffff3d fr.pc=0x0000016b9288be44 relative=0x0000000000000ae4
Event: 0.246 Thread 0x0000016b8071f290 Uncommon trap: reason=unstable_fused_if action=reinterpret pc=0x0000016b9288be44 method=java.util.HashMap.resize()[Ljava/util/HashMap$Node; @ 31 c2
Event: 0.246 Thread 0x0000016b8071f290 DEOPT PACKING pc=0x0000016b9288be44 sp=0x00000009357fe560
Event: 0.246 Thread 0x0000016b8071f290 DEOPT UNPACKING pc=0x0000016b9231a1a3 sp=0x00000009357fe4e8 mode 2
Event: 0.256 Thread 0x0000016b8071f290 Uncommon trap: trap_request=0xffffff45 fr.pc=0x0000016b9288d0b8 relative=0x0000000000000418
Event: 0.256 Thread 0x0000016b8071f290 Uncommon trap: reason=unstable_if action=reinterpret pc=0x0000016b9288d0b8 method=java.lang.StringLatin1.newString([BII)Ljava/lang/String; @ 1 c2
Event: 0.256 Thread 0x0000016b8071f290 DEOPT PACKING pc=0x0000016b9288d0b8 sp=0x00000009357fdad0
Event: 0.256 Thread 0x0000016b8071f290 DEOPT UNPACKING pc=0x0000016b9231a1a3 sp=0x00000009357fda98 mode 2

Classes unloaded (0 events):
No events

Classes redefined (0 events):
No events

Internal exceptions (3 events):
Event: 0.117 Thread 0x0000016b8071f290 Exception <a 'java/lang/NoSuchMethodError'{0x000000008bc69160}: 'void java.lang.invoke.DirectMethodHandle$Holder.invokeStatic(java.lang.Object, java.lang.Object, java.lang.Object)'> (0x000000008bc69160) 
thrown [s\src\hotspot\share\interpreter\linkResolver.cpp, line 759]
Event: 0.117 Thread 0x0000016b8071f290 Exception <a 'java/lang/NoSuchMethodError'{0x000000008bc6f920}: 'void java.lang.invoke.DirectMethodHandle$Holder.invokeStatic(java.lang.Object, java.lang.Object, java.lang.Object, java.lang.Object)'> (0x000000008bc6f920) 
thrown [s\src\hotspot\share\interpreter\linkResolver.cpp, line 759]
Event: 0.254 Thread 0x0000016b8071f290 Exception <a 'java/lang/NoSuchMethodError'{0x000000008b406e08}: 'java.lang.Object java.lang.invoke.DirectMethodHandle$Holder.invokeStaticInit(java.lang.Object)'> (0x000000008b406e08) 
thrown [s\src\hotspot\share\interpreter\linkResolver.cpp, line 759]

VM Operations (10 events):
Event: 0.042 Executing VM operation: HandshakeAllThreads
Event: 0.042 Executing VM operation: HandshakeAllThreads done
Event: 0.101 Executing VM operation: HandshakeAllThreads
Event: 0.101 Executing VM operation: HandshakeAllThreads done
Event: 0.111 Executing VM operation: HandshakeAllThreads
Event: 0.111 Executing VM operation: HandshakeAllThreads done
Event: 0.123 Executing VM operation: HandshakeAllThreads
Event: 0.123 Executing VM operation: HandshakeAllThreads done
Event: 0.243 Executing VM operation: ICBufferFull
Event: 0.244 Executing VM operation: ICBufferFull done

Events (20 events):
Event: 0.258 loading class javax/management/NotificationEmitter done
Event: 0.258 loading class sun/management/NotificationEmitterSupport done
Event: 0.258 loading class com/sun/management/internal/DiagnosticCommandImpl done
Event: 0.259 loading class sun/management/ManagementFactoryHelper
Event: 0.259 loading class sun/management/ManagementFactoryHelper done
Event: 0.259 loading class sun/management/VMManagementImpl
Event: 0.259 loading class sun/management/VMManagement
Event: 0.259 loading class sun/management/VMManagement done
Event: 0.259 loading class sun/management/VMManagementImpl done
Event: 0.259 loading class com/sun/management/internal/PlatformMBeanProviderImpl$5
Event: 0.259 loading class com/sun/management/internal/PlatformMBeanProviderImpl$5 done
Event: 0.259 loading class jdk/management/jfr/internal/FlightRecorderMXBeanProvider
Event: 0.259 loading class jdk/management/jfr/internal/FlightRecorderMXBeanProvider done
Event: 0.259 loading class java/lang/management/DefaultPlatformMBeanProvider
Event: 0.259 loading class java/lang/management/DefaultPlatformMBeanProvider done
Event: 0.259 loading class java/lang/management/DefaultPlatformMBeanProvider$1
Event: 0.259 loading class java/lang/management/DefaultPlatformMBeanProvider$1 done
Event: 0.259 loading class java/lang/management/DefaultPlatformMBeanProvider$2
Event: 0.259 loading class java/lang/management/DefaultPlatformMBeanProvider$2 done
Event: 0.259 loading class java/lang/management/DefaultPlatformMBeanProvider$3


Dynamic libraries:
0x00007ff642830000 - 0x00007ff64283e000 	C:\Program Files\OpenLogic\jdk-17.0.10.7-hotspot\bin\java.exe
0x00007ffa61e50000 - 0x00007ffa62067000 	C:\WINDOWS\SYSTEM32\ntdll.dll
0x00007ffa61570000 - 0x00007ffa61634000 	C:\WINDOWS\System32\KERNEL32.DLL
0x00007ffa5f3e0000 - 0x00007ffa5f79a000 	C:\WINDOWS\System32\KERNELBASE.dll
0x00007ffa5fa30000 - 0x00007ffa5fb41000 	C:\WINDOWS\System32\ucrtbase.dll
0x00007ffa3d9b0000 - 0x00007ffa3d9cb000 	C:\Program Files\OpenLogic\jdk-17.0.10.7-hotspot\bin\VCRUNTIME140.dll
0x00007ffa3ca90000 - 0x00007ffa3caa7000 	C:\Program Files\OpenLogic\jdk-17.0.10.7-hotspot\bin\jli.dll
0x00007ffa601a0000 - 0x00007ffa6034e000 	C:\WINDOWS\System32\USER32.dll
0x00007ffa5f1e0000 - 0x00007ffa5f206000 	C:\WINDOWS\System32\win32u.dll
0x00007ffa39370000 - 0x00007ffa39602000 	C:\WINDOWS\WinSxS\amd64_microsoft.windows.common-controls_6595b64144ccf1df_6.0.22621.4541_none_2710d1c57384c085\COMCTL32.dll
0x00007ffa610a0000 - 0x00007ffa610c9000 	C:\WINDOWS\System32\GDI32.dll
0x00007ffa61460000 - 0x00007ffa61507000 	C:\WINDOWS\System32\msvcrt.dll
0x00007ffa5f210000 - 0x00007ffa5f32b000 	C:\WINDOWS\System32\gdi32full.dll
0x00007ffa5f7a0000 - 0x00007ffa5f83a000 	C:\WINDOWS\System32\msvcp_win.dll
0x00007ffa61dd0000 - 0x00007ffa61e01000 	C:\WINDOWS\System32\IMM32.DLL
0x00007ffa52eb0000 - 0x00007ffa52ebc000 	C:\Program Files\OpenLogic\jdk-17.0.10.7-hotspot\bin\vcruntime140_1.dll
0x00007ffa1adb0000 - 0x00007ffa1ae3d000 	C:\Program Files\OpenLogic\jdk-17.0.10.7-hotspot\bin\msvcp140.dll
0x00007ff9e40b0000 - 0x00007ff9e4d12000 	C:\Program Files\OpenLogic\jdk-17.0.10.7-hotspot\bin\server\jvm.dll
0x00007ffa61900000 - 0x00007ffa619b2000 	C:\WINDOWS\System32\ADVAPI32.dll
0x00007ffa61850000 - 0x00007ffa618f7000 	C:\WINDOWS\System32\sechost.dll
0x00007ffa5f3b0000 - 0x00007ffa5f3d8000 	C:\WINDOWS\System32\bcrypt.dll
0x00007ffa610d0000 - 0x00007ffa611e4000 	C:\WINDOWS\System32\RPCRT4.dll
0x00007ffa5df70000 - 0x00007ffa5dfbd000 	C:\WINDOWS\SYSTEM32\POWRPROF.dll
0x00007ffa582d0000 - 0x00007ffa582d9000 	C:\WINDOWS\SYSTEM32\WSOCK32.dll
0x00007ffa55190000 - 0x00007ffa551c4000 	C:\WINDOWS\SYSTEM32\WINMM.dll
0x00007ffa60390000 - 0x00007ffa60401000 	C:\WINDOWS\System32\WS2_32.dll
0x00007ffa54ea0000 - 0x00007ffa54eaa000 	C:\WINDOWS\SYSTEM32\VERSION.dll
0x00007ffa5df50000 - 0x00007ffa5df63000 	C:\WINDOWS\SYSTEM32\UMPDC.dll
0x00007ffa5e210000 - 0x00007ffa5e228000 	C:\WINDOWS\SYSTEM32\kernel.appcore.dll
0x00007ffa52e70000 - 0x00007ffa52e7a000 	C:\Program Files\OpenLogic\jdk-17.0.10.7-hotspot\bin\jimage.dll
0x00007ffa5c920000 - 0x00007ffa5cb52000 	C:\WINDOWS\SYSTEM32\DBGHELP.DLL
0x00007ffa60410000 - 0x00007ffa6079f000 	C:\WINDOWS\System32\combase.dll
0x00007ffa61cf0000 - 0x00007ffa61dc7000 	C:\WINDOWS\System32\OLEAUT32.dll
0x00007ffa329e0000 - 0x00007ffa32a12000 	C:\WINDOWS\SYSTEM32\dbgcore.DLL
0x00007ffa5f330000 - 0x00007ffa5f3ab000 	C:\WINDOWS\System32\bcryptPrimitives.dll
0x00007ffa49d40000 - 0x00007ffa49d4e000 	C:\Program Files\OpenLogic\jdk-17.0.10.7-hotspot\bin\instrument.dll
0x00007ffa33410000 - 0x00007ffa33435000 	C:\Program Files\OpenLogic\jdk-17.0.10.7-hotspot\bin\java.dll
0x00007ffa17520000 - 0x00007ffa175f6000 	C:\Program Files\OpenLogic\jdk-17.0.10.7-hotspot\bin\jsvml.dll
0x00007ffa60820000 - 0x00007ffa61098000 	C:\WINDOWS\System32\SHELL32.dll
0x00007ffa5d020000 - 0x00007ffa5d928000 	C:\WINDOWS\SYSTEM32\windows.storage.dll
0x00007ffa5cee0000 - 0x00007ffa5d01f000 	C:\WINDOWS\SYSTEM32\wintypes.dll
0x00007ffa5fb70000 - 0x00007ffa5fc6a000 	C:\WINDOWS\System32\SHCORE.dll
0x00007ffa61510000 - 0x00007ffa6156e000 	C:\WINDOWS\System32\shlwapi.dll
0x00007ffa5f050000 - 0x00007ffa5f07b000 	C:\WINDOWS\SYSTEM32\profapi.dll
0x00007ffa33530000 - 0x00007ffa33548000 	C:\Program Files\OpenLogic\jdk-17.0.10.7-hotspot\bin\zip.dll
0x00007ffa32e60000 - 0x00007ffa32e79000 	C:\Program Files\OpenLogic\jdk-17.0.10.7-hotspot\bin\net.dll
0x00007ffa56810000 - 0x00007ffa56946000 	C:\WINDOWS\SYSTEM32\WINHTTP.dll
0x00007ffa5e680000 - 0x00007ffa5e6e9000 	C:\WINDOWS\system32\mswsock.dll
0x00007ffa32d90000 - 0x00007ffa32da6000 	C:\Program Files\OpenLogic\jdk-17.0.10.7-hotspot\bin\nio.dll
0x00007ffa48a20000 - 0x00007ffa48a30000 	C:\Program Files\OpenLogic\jdk-17.0.10.7-hotspot\bin\verify.dll
0x00007ffa55fa0000 - 0x00007ffa55fb7000 	C:\WINDOWS\system32\napinsp.dll
0x00007ffa549d0000 - 0x00007ffa549eb000 	C:\WINDOWS\system32\pnrpnsp.dll
0x00007ffa5dc70000 - 0x00007ffa5dd72000 	C:\WINDOWS\SYSTEM32\DNSAPI.dll
0x00007ffa5dc40000 - 0x00007ffa5dc6d000 	C:\WINDOWS\SYSTEM32\IPHLPAPI.DLL
0x00007ffa60350000 - 0x00007ffa60359000 	C:\WINDOWS\System32\NSI.dll
0x00007ffa473f0000 - 0x00007ffa47401000 	C:\WINDOWS\System32\winrnr.dll
0x00007ffa553e0000 - 0x00007ffa553f5000 	C:\WINDOWS\system32\wshbth.dll
0x00007ff9dc910000 - 0x00007ff9dc937000 	C:\WINDOWS\system32\nlansp_c.dll
0x00007ffa56650000 - 0x00007ffa5665a000 	C:\Windows\System32\rasadhlp.dll
0x00007ffa55750000 - 0x00007ffa557d3000 	C:\WINDOWS\System32\fwpuclnt.dll
0x00007ffa582e0000 - 0x00007ffa582e9000 	C:\Program Files\OpenLogic\jdk-17.0.10.7-hotspot\bin\management.dll
0x00007ffa57370000 - 0x00007ffa5737b000 	C:\Program Files\OpenLogic\jdk-17.0.10.7-hotspot\bin\management_ext.dll
0x00007ffa60380000 - 0x00007ffa60388000 	C:\WINDOWS\System32\PSAPI.DLL

dbghelp: loaded successfully - version: 4.0.5 - missing functions: none
symbol engine: initialized successfully - sym options: 0x614 - pdb path: .;C:\Program Files\OpenLogic\jdk-17.0.10.7-hotspot\bin;C:\WINDOWS\SYSTEM32;C:\WINDOWS\WinSxS\amd64_microsoft.windows.common-controls_6595b64144ccf1df_6.0.22621.4541_none_2710d1c57384c085;C:\Program Files\OpenLogic\jdk-17.0.10.7-hotspot\bin\server

VM Arguments:
jvm_args: -javaagent:C:\\Users\\dell\\.m2\\repository\\org\\jacoco\\org.jacoco.agent\\0.8.10\\org.jacoco.agent-0.8.10-runtime.jar=destfile=C:\\Users\\dell\\OneDrive\\Desktop\\software\\Fitness-Project-SE-course\\target\\jacoco.exec 
java_command: C:\Users\dell\AppData\Local\Temp\surefire12310231800448587399\surefirebooter-20241230085446867_3.jar C:\Users\dell\AppData\Local\Temp\surefire12310231800448587399 2024-12-30T08-54-46_665-jvmRun1 surefire-20241230085446867_1tmp surefire_0-20241230085446867_2tmp
java_class_path (initial): C:\Users\dell\AppData\Local\Temp\surefire12310231800448587399\surefirebooter-20241230085446867_3.jar
Launcher Type: SUN_STANDARD

[Global flags]
     intx CICompilerCount                          = 4                                         {product} {ergonomic}
     uint ConcGCThreads                            = 2                                         {product} {ergonomic}
     uint G1ConcRefinementThreads                  = 8                                         {product} {ergonomic}
   size_t G1HeapRegionSize                         = 1048576                                   {product} {ergonomic}
    uintx GCDrainStackTargetSize                   = 64                                        {product} {ergonomic}
   size_t InitialHeapSize                          = 130023424                                 {product} {ergonomic}
   size_t MarkStackSize                            = 4194304                                   {product} {ergonomic}
   size_t MaxHeapSize                              = 2076180480                                {product} {ergonomic}
   size_t MaxNewSize                               = 1245708288                                {product} {ergonomic}
   size_t MinHeapDeltaBytes                        = 1048576                                   {product} {ergonomic}
   size_t MinHeapSize                              = 8388608                                   {product} {ergonomic}
    uintx NonNMethodCodeHeapSize                   = 5839372                                {pd product} {ergonomic}
    uintx NonProfiledCodeHeapSize                  = 122909434                              {pd product} {ergonomic}
    uintx ProfiledCodeHeapSize                     = 122909434                              {pd product} {ergonomic}
    uintx ReservedCodeCacheSize                    = 251658240                              {pd product} {ergonomic}
     bool SegmentedCodeCache                       = true                                      {product} {ergonomic}
   size_t SoftMaxHeapSize                          = 2076180480                             {manageable} {ergonomic}
     bool UseCompressedClassPointers               = true                           {product lp64_product} {ergonomic}
     bool UseCompressedOops                        = true                           {product lp64_product} {ergonomic}
     bool UseG1GC                                  = true                                      {product} {ergonomic}
     bool UseLargePagesIndividualAllocation        = false                                  {pd product} {ergonomic}

Logging:
Log output configuration:
 #0: stdout all=warning uptime,level,tags
 #1: stderr all=off uptime,level,tags

Environment Variables:
JAVA_HOME=C:\Program Files\OpenLogic\jdk-17.0.10.7-hotspot\
PATH=C:\Program Files\Volta\;C:\Program Files\OpenLogic\jdk-17.0.10.7-hotspot\bin;C:\Program Files\Common Files\Oracle\Java\javapath;C:\WINDOWS\system32;C:\WINDOWS;C:\WINDOWS\System32\Wbem;C:\WINDOWS\System32\WindowsPowerShell\v1.0\;C:\WINDOWS\System32\OpenSSH\;C:\Program Files\dotnet\;C:\MinGW\bin;C:\Program Files\Git\cmd;C:\Users\dell\AppData\Local\Android\Sdk\platform-tools;C:\Users\dell\AppData\Local\Android\Sdk;C:\ProgramData\chocolatey\bin;C:\Program Files\nodejs\;C:\opencv\build\x64\vc16\bin;C:\Program Files\MongoDB\mongosh-2.3.1-win32-x64\mongosh-2.3.1-win32-x64\bin;C:\ProgramData\chocolatey\lib\maven\apache-maven-3.9.9\bin;;C:\Program Files (x86)\Microchip\xc8\v1.37\bin;C:\Program Files (x86)\Microchip\xc8\v1.45\bin;C:\Users\dell\AppData\Local\Volta\bin;C:\Users\dell\AppData\Local\Android\Sdk;C:\Users\dell\AppData\Local\Android\Sdk\tools;C:\Users\dell\AppData\Local\Android\Sdk\platform-tools;C:\Users\dell\AppData\Local\Microsoft\WindowsApps;C:\Microsoft VS Code\bin;C:\Users\dell\AppData\Local\Android\Sdk\platform-tools;C:\Users\dell\AppData\Local\Android\Sdk\tools\bin;C:\Users\dell\AppData\Local\Android\Sdk\emulator;C:\Users\dell\AppData\Roaming\npm;C:\Program Files\OpenLogic\jdk-17.0.10.7-hotspot\bin;
USERNAME=dell
LANG=en_US.UTF-8
OS=Windows_NT
PROCESSOR_IDENTIFIER=Intel64 Family 6 Model 140 Stepping 1, GenuineIntel
TMP=C:\Users\dell\AppData\Local\Temp
TEMP=C:\Users\dell\AppData\Local\Temp



Periodic native trim disabled


---------------  S Y S T E M  ---------------

OS:
 Windows 11 , 64 bit Build 22621 (10.0.22621.4391)
OS uptime: 1 days 18:37 hours
Hyper-V role detected

CPU: total 8 (initial active 8) (4 cores per cpu, 2 threads per core) family 6 model 140 stepping 1 microcode 0xb8, cx8, cmov, fxsr, ht, mmx, 3dnowpref, sse, sse2, sse3, ssse3, sse4.1, sse4.2, popcnt, lzcnt, tsc, tscinvbit, avx, avx2, aes, erms, clmul, bmi1, bmi2, adx, avx512f, avx512dq, avx512cd, avx512bw, avx512vl, sha, fma, vzeroupper, avx512_vpopcntdq, avx512_vpclmulqdq, avx512_vaes, avx512_vnni, clflush, clflushopt, clwb, avx512_vbmi2, avx512_vbmi, hv
Processor Information for all 8 processors :
  Max Mhz: 2419, Current Mhz: 2419, Mhz Limit: 2419

Memory: 4k page, system-wide physical 7918M (667M free)
TotalPageFile size 9966M (AvailPageFile size 4M)
current process WorkingSet (physical memory assigned to process): 60M, peak: 60M
current process commit charge ("private bytes"): 217M, peak: 217M

vm_info: OpenJDK 64-Bit Server VM (17.0.10+7-adhoc..jdk17u) for windows-amd64 JRE (17.0.10+7-adhoc..jdk17u), built on Jan 24 2024 08:51:31 by "" with MS VC++ 16.10 / 16.11 (VS2019)

END.
