#
# There is insufficient memory for the Java Runtime Environment to continue.
# Native memory allocation (malloc) failed to allocate 100976 bytes for Chunk::new
# Possible reasons:
#   The system is out of physical RAM or swap space
#   The process is running with CompressedOops enabled, and the Java Heap may be blocking the growth of the native heap
# Possible solutions:
#   Reduce memory load on the system
#   Increase physical memory or swap space
#   Check if swap backing store is full
#   Decrease Java heap size (-Xmx/-Xms)
#   Decrease number of Java threads
#   Decrease Java thread stack sizes (-Xss)
#   Set larger code cache with -XX:ReservedCodeCacheSize=
#   JVM is running with Unscaled Compressed Oops mode in which the Java heap is
#     placed in the first 4GB address space. The Java Heap base address is the
#     maximum limit for the native heap growth. Please use -XX:HeapBaseMinAddress
#     to set the Java Heap base and to place the Java Heap above 4GB virtual address.
# This output file may be truncated or incomplete.
#
#  Out of Memory Error (arena.cpp:191), pid=3220, tid=8220
#
# JRE version: OpenJDK Runtime Environment OpenLogic-OpenJDK (17.0.10+7) (build 17.0.10+7-adhoc..jdk17u)
# Java VM: OpenJDK 64-Bit Server VM OpenLogic-OpenJDK (17.0.10+7-adhoc..jdk17u, mixed mode, tiered, compressed oops, compressed class ptrs, g1 gc, windows-amd64)
# No core dump will be written. Minidumps are not enabled by default on client versions of Windows
#

---------------  S U M M A R Y ------------

Command Line: -Dclassworlds.conf=C:\ProgramData\chocolatey\lib\maven\apache-maven-3.9.9\bin\m2.conf -Dmaven.home=C:\ProgramData\chocolatey\lib\maven\apache-maven-3.9.9 -Dlibrary.jansi.path=C:\ProgramData\chocolatey\lib\maven\apache-maven-3.9.9\lib\jansi-native -Dmaven.multiModuleProjectDirectory=C:\Users\dell\OneDrive\Desktop\software\Fitness-Project-SE-course org.codehaus.plexus.classworlds.launcher.Launcher test

Host: 11th Gen Intel(R) Core(TM) i5-1135G7 @ 2.40GHz, 8 cores, 7G,  Windows 11 , 64 bit Build 22621 (10.0.22621.4391)
Time: Mon Dec 30 10:04:23 2024 West Bank Gaza Standard Time elapsed time: 0.224745 seconds (0d 0h 0m 0s)

---------------  T H R E A D  ---------------

Current thread (0x000001a593059350):  JavaThread "C2 CompilerThread0" daemon [_thread_in_native, id=8220, stack(0x0000009e8cb00000,0x0000009e8cc00000)]


Current CompileTask:
C2:    224  230   !   4       java.util.zip.ZipFile$Source::checkAndAddEntry (262 bytes)

Stack: [0x0000009e8cb00000,0x0000009e8cc00000]
Native frames: (J=compiled Java code, j=interpreted, Vv=VM code, C=native code)
V  [jvm.dll+0x67d6e9]
V  [jvm.dll+0x834dca]
V  [jvm.dll+0x83688e]
V  [jvm.dll+0x836ef3]
V  [jvm.dll+0x247bdf]
V  [jvm.dll+0xac514]
V  [jvm.dll+0xacb5c]
V  [jvm.dll+0x366b82]
V  [jvm.dll+0x330ffa]
V  [jvm.dll+0x33049a]
V  [jvm.dll+0x21a2a1]
V  [jvm.dll+0x2196c1]
V  [jvm.dll+0x1a512d]
V  [jvm.dll+0x22949e]
V  [jvm.dll+0x22766c]
V  [jvm.dll+0x7e9ea7]
V  [jvm.dll+0x7e42aa]
V  [jvm.dll+0x67c5d5]
C  [ucrtbase.dll+0x29333]
C  [KERNEL32.DLL+0x1259d]
C  [ntdll.dll+0x5af38]


---------------  P R O C E S S  ---------------

Threads class SMR info:
_java_thread_list=0x000001a59324cb80, length=13, elements={
0x000001a5e99ffbb0, 0x000001a5f9fb6af0, 0x000001a5f9fb84c0, 0x000001a593037ca0,
0x000001a593038660, 0x000001a593058270, 0x000001a593058750, 0x000001a593059350,
0x000001a593059c60, 0x000001a59305a660, 0x000001a5931ce290, 0x000001a5931ecbe0,
0x000001a5933b6060
}

Java Threads: ( => current thread )
  0x000001a5e99ffbb0 JavaThread "main" [_thread_in_vm, id=17668, stack(0x0000009e8be00000,0x0000009e8bf00000)]
  0x000001a5f9fb6af0 JavaThread "Reference Handler" daemon [_thread_blocked, id=4756, stack(0x0000009e8c500000,0x0000009e8c600000)]
  0x000001a5f9fb84c0 JavaThread "Finalizer" daemon [_thread_blocked, id=9236, stack(0x0000009e8c600000,0x0000009e8c700000)]
  0x000001a593037ca0 JavaThread "Signal Dispatcher" daemon [_thread_blocked, id=3512, stack(0x0000009e8c700000,0x0000009e8c800000)]
  0x000001a593038660 JavaThread "Attach Listener" daemon [_thread_blocked, id=12612, stack(0x0000009e8c800000,0x0000009e8c900000)]
  0x000001a593058270 JavaThread "Service Thread" daemon [_thread_blocked, id=10656, stack(0x0000009e8c900000,0x0000009e8ca00000)]
  0x000001a593058750 JavaThread "Monitor Deflation Thread" daemon [_thread_blocked, id=5140, stack(0x0000009e8ca00000,0x0000009e8cb00000)]
=>0x000001a593059350 JavaThread "C2 CompilerThread0" daemon [_thread_in_native, id=8220, stack(0x0000009e8cb00000,0x0000009e8cc00000)]
  0x000001a593059c60 JavaThread "C1 CompilerThread0" daemon [_thread_blocked, id=7908, stack(0x0000009e8cc00000,0x0000009e8cd00000)]
  0x000001a59305a660 JavaThread "Sweeper thread" daemon [_thread_blocked, id=3104, stack(0x0000009e8cd00000,0x0000009e8ce00000)]
  0x000001a5931ce290 JavaThread "Notification Thread" daemon [_thread_blocked, id=1564, stack(0x0000009e8ce00000,0x0000009e8cf00000)]
  0x000001a5931ecbe0 JavaThread "Common-Cleaner" daemon [_thread_blocked, id=12384, stack(0x0000009e8d000000,0x0000009e8d100000)]
  0x000001a5933b6060 JavaThread "C2 CompilerThread1" daemon [_thread_in_native, id=18108, stack(0x0000009e8d100000,0x0000009e8d200000)]

Other Threads:
  0x000001a5f9fb2040 VMThread "VM Thread" [stack: 0x0000009e8c400000,0x0000009e8c500000] [id=10956]
  0x000001a5931ceb80 WatcherThread [stack: 0x0000009e8cf00000,0x0000009e8d000000] [id=17772]
  0x000001a5e9a59430 GCTaskThread "GC Thread#0" [stack: 0x0000009e8bf00000,0x0000009e8c000000] [id=15160]
  0x000001a5e9a69b00 ConcurrentGCThread "G1 Main Marker" [stack: 0x0000009e8c000000,0x0000009e8c100000] [id=12196]
  0x000001a5e9a6a520 ConcurrentGCThread "G1 Conc#0" [stack: 0x0000009e8c100000,0x0000009e8c200000] [id=18296]
  0x000001a5e9aad680 ConcurrentGCThread "G1 Refine#0" [stack: 0x0000009e8c200000,0x0000009e8c300000] [id=3704]
  0x000001a5e9aadfb0 ConcurrentGCThread "G1 Service" [stack: 0x0000009e8c300000,0x0000009e8c400000] [id=12076]

Threads with active compile tasks:
C2 CompilerThread0      240  230   !   4       java.util.zip.ZipFile$Source::checkAndAddEntry (262 bytes)
C2 CompilerThread1      240  293       4       java.lang.StringLatin1::equals (36 bytes)

VM state: not at safepoint (normal execution)

VM Mutex/Monitor currently owned by a thread: None

Heap address: 0x0000000084400000, size: 1980 MB, Compressed Oops mode: 32-bit

CDS archive(s) not mapped
Compressed class space mapped at: 0x0000000100000000-0x0000000140000000, reserved size: 1073741824
Narrow klass base: 0x0000000000000000, Narrow klass shift: 3, Narrow klass range: 0x140000000

GC Precious Log:
 CPUs: 8 total, 8 available
 Memory: 7918M
 Large Page Support: Disabled
 NUMA Support: Disabled
 Compressed Oops: Enabled (32-bit)
 Heap Region Size: 1M
 Heap Min Capacity: 8M
 Heap Initial Capacity: 124M
 Heap Max Capacity: 1980M
 Pre-touch: Disabled
 Parallel Workers: 8
 Concurrent Workers: 2
 Concurrent Refinement Workers: 8
 Periodic GC: Disabled

Heap:
 garbage-first heap   total 126976K, used 3072K [0x0000000084400000, 0x0000000100000000)
  region size 1024K, 5 young (5120K), 0 survivors (0K)
 Metaspace       used 6697K, committed 6848K, reserved 1114112K
  class space    used 557K, committed 640K, reserved 1048576K

Heap Regions: E=young(eden), S=young(survivor), O=old, HS=humongous(starts), HC=humongous(continues), CS=collection set, F=free, OA=open archive, CA=closed archive, TAMS=top-at-mark-start (previous, next)
|   0|0x0000000084400000, 0x0000000084400000, 0x0000000084500000|  0%| F|  |TAMS 0x0000000084400000, 0x0000000084400000| Untracked 
|   1|0x0000000084500000, 0x0000000084500000, 0x0000000084600000|  0%| F|  |TAMS 0x0000000084500000, 0x0000000084500000| Untracked 
|   2|0x0000000084600000, 0x0000000084600000, 0x0000000084700000|  0%| F|  |TAMS 0x0000000084600000, 0x0000000084600000| Untracked 
|   3|0x0000000084700000, 0x0000000084700000, 0x0000000084800000|  0%| F|  |TAMS 0x0000000084700000, 0x0000000084700000| Untracked 
|   4|0x0000000084800000, 0x0000000084800000, 0x0000000084900000|  0%| F|  |TAMS 0x0000000084800000, 0x0000000084800000| Untracked 
|   5|0x0000000084900000, 0x0000000084900000, 0x0000000084a00000|  0%| F|  |TAMS 0x0000000084900000, 0x0000000084900000| Untracked 
|   6|0x0000000084a00000, 0x0000000084a00000, 0x0000000084b00000|  0%| F|  |TAMS 0x0000000084a00000, 0x0000000084a00000| Untracked 
|   7|0x0000000084b00000, 0x0000000084b00000, 0x0000000084c00000|  0%| F|  |TAMS 0x0000000084b00000, 0x0000000084b00000| Untracked 
|   8|0x0000000084c00000, 0x0000000084c00000, 0x0000000084d00000|  0%| F|  |TAMS 0x0000000084c00000, 0x0000000084c00000| Untracked 
|   9|0x0000000084d00000, 0x0000000084d00000, 0x0000000084e00000|  0%| F|  |TAMS 0x0000000084d00000, 0x0000000084d00000| Untracked 
|  10|0x0000000084e00000, 0x0000000084e00000, 0x0000000084f00000|  0%| F|  |TAMS 0x0000000084e00000, 0x0000000084e00000| Untracked 
|  11|0x0000000084f00000, 0x0000000084f00000, 0x0000000085000000|  0%| F|  |TAMS 0x0000000084f00000, 0x0000000084f00000| Untracked 
|  12|0x0000000085000000, 0x0000000085000000, 0x0000000085100000|  0%| F|  |TAMS 0x0000000085000000, 0x0000000085000000| Untracked 
|  13|0x0000000085100000, 0x0000000085100000, 0x0000000085200000|  0%| F|  |TAMS 0x0000000085100000, 0x0000000085100000| Untracked 
|  14|0x0000000085200000, 0x0000000085200000, 0x0000000085300000|  0%| F|  |TAMS 0x0000000085200000, 0x0000000085200000| Untracked 
|  15|0x0000000085300000, 0x0000000085300000, 0x0000000085400000|  0%| F|  |TAMS 0x0000000085300000, 0x0000000085300000| Untracked 
|  16|0x0000000085400000, 0x0000000085400000, 0x0000000085500000|  0%| F|  |TAMS 0x0000000085400000, 0x0000000085400000| Untracked 
|  17|0x0000000085500000, 0x0000000085500000, 0x0000000085600000|  0%| F|  |TAMS 0x0000000085500000, 0x0000000085500000| Untracked 
|  18|0x0000000085600000, 0x0000000085600000, 0x0000000085700000|  0%| F|  |TAMS 0x0000000085600000, 0x0000000085600000| Untracked 
|  19|0x0000000085700000, 0x0000000085700000, 0x0000000085800000|  0%| F|  |TAMS 0x0000000085700000, 0x0000000085700000| Untracked 
|  20|0x0000000085800000, 0x0000000085800000, 0x0000000085900000|  0%| F|  |TAMS 0x0000000085800000, 0x0000000085800000| Untracked 
|  21|0x0000000085900000, 0x0000000085900000, 0x0000000085a00000|  0%| F|  |TAMS 0x0000000085900000, 0x0000000085900000| Untracked 
|  22|0x0000000085a00000, 0x0000000085a00000, 0x0000000085b00000|  0%| F|  |TAMS 0x0000000085a00000, 0x0000000085a00000| Untracked 
|  23|0x0000000085b00000, 0x0000000085b00000, 0x0000000085c00000|  0%| F|  |TAMS 0x0000000085b00000, 0x0000000085b00000| Untracked 
|  24|0x0000000085c00000, 0x0000000085c00000, 0x0000000085d00000|  0%| F|  |TAMS 0x0000000085c00000, 0x0000000085c00000| Untracked 
|  25|0x0000000085d00000, 0x0000000085d00000, 0x0000000085e00000|  0%| F|  |TAMS 0x0000000085d00000, 0x0000000085d00000| Untracked 
|  26|0x0000000085e00000, 0x0000000085e00000, 0x0000000085f00000|  0%| F|  |TAMS 0x0000000085e00000, 0x0000000085e00000| Untracked 
|  27|0x0000000085f00000, 0x0000000085f00000, 0x0000000086000000|  0%| F|  |TAMS 0x0000000085f00000, 0x0000000085f00000| Untracked 
|  28|0x0000000086000000, 0x0000000086000000, 0x0000000086100000|  0%| F|  |TAMS 0x0000000086000000, 0x0000000086000000| Untracked 
|  29|0x0000000086100000, 0x0000000086100000, 0x0000000086200000|  0%| F|  |TAMS 0x0000000086100000, 0x0000000086100000| Untracked 
|  30|0x0000000086200000, 0x0000000086200000, 0x0000000086300000|  0%| F|  |TAMS 0x0000000086200000, 0x0000000086200000| Untracked 
|  31|0x0000000086300000, 0x0000000086300000, 0x0000000086400000|  0%| F|  |TAMS 0x0000000086300000, 0x0000000086300000| Untracked 
|  32|0x0000000086400000, 0x0000000086400000, 0x0000000086500000|  0%| F|  |TAMS 0x0000000086400000, 0x0000000086400000| Untracked 
|  33|0x0000000086500000, 0x0000000086500000, 0x0000000086600000|  0%| F|  |TAMS 0x0000000086500000, 0x0000000086500000| Untracked 
|  34|0x0000000086600000, 0x0000000086600000, 0x0000000086700000|  0%| F|  |TAMS 0x0000000086600000, 0x0000000086600000| Untracked 
|  35|0x0000000086700000, 0x0000000086700000, 0x0000000086800000|  0%| F|  |TAMS 0x0000000086700000, 0x0000000086700000| Untracked 
|  36|0x0000000086800000, 0x0000000086800000, 0x0000000086900000|  0%| F|  |TAMS 0x0000000086800000, 0x0000000086800000| Untracked 
|  37|0x0000000086900000, 0x0000000086900000, 0x0000000086a00000|  0%| F|  |TAMS 0x0000000086900000, 0x0000000086900000| Untracked 
|  38|0x0000000086a00000, 0x0000000086a00000, 0x0000000086b00000|  0%| F|  |TAMS 0x0000000086a00000, 0x0000000086a00000| Untracked 
|  39|0x0000000086b00000, 0x0000000086b00000, 0x0000000086c00000|  0%| F|  |TAMS 0x0000000086b00000, 0x0000000086b00000| Untracked 
|  40|0x0000000086c00000, 0x0000000086c00000, 0x0000000086d00000|  0%| F|  |TAMS 0x0000000086c00000, 0x0000000086c00000| Untracked 
|  41|0x0000000086d00000, 0x0000000086d00000, 0x0000000086e00000|  0%| F|  |TAMS 0x0000000086d00000, 0x0000000086d00000| Untracked 
|  42|0x0000000086e00000, 0x0000000086e00000, 0x0000000086f00000|  0%| F|  |TAMS 0x0000000086e00000, 0x0000000086e00000| Untracked 
|  43|0x0000000086f00000, 0x0000000086f00000, 0x0000000087000000|  0%| F|  |TAMS 0x0000000086f00000, 0x0000000086f00000| Untracked 
|  44|0x0000000087000000, 0x0000000087000000, 0x0000000087100000|  0%| F|  |TAMS 0x0000000087000000, 0x0000000087000000| Untracked 
|  45|0x0000000087100000, 0x0000000087100000, 0x0000000087200000|  0%| F|  |TAMS 0x0000000087100000, 0x0000000087100000| Untracked 
|  46|0x0000000087200000, 0x0000000087200000, 0x0000000087300000|  0%| F|  |TAMS 0x0000000087200000, 0x0000000087200000| Untracked 
|  47|0x0000000087300000, 0x0000000087300000, 0x0000000087400000|  0%| F|  |TAMS 0x0000000087300000, 0x0000000087300000| Untracked 
|  48|0x0000000087400000, 0x0000000087400000, 0x0000000087500000|  0%| F|  |TAMS 0x0000000087400000, 0x0000000087400000| Untracked 
|  49|0x0000000087500000, 0x0000000087500000, 0x0000000087600000|  0%| F|  |TAMS 0x0000000087500000, 0x0000000087500000| Untracked 
|  50|0x0000000087600000, 0x0000000087600000, 0x0000000087700000|  0%| F|  |TAMS 0x0000000087600000, 0x0000000087600000| Untracked 
|  51|0x0000000087700000, 0x0000000087700000, 0x0000000087800000|  0%| F|  |TAMS 0x0000000087700000, 0x0000000087700000| Untracked 
|  52|0x0000000087800000, 0x0000000087800000, 0x0000000087900000|  0%| F|  |TAMS 0x0000000087800000, 0x0000000087800000| Untracked 
|  53|0x0000000087900000, 0x0000000087900000, 0x0000000087a00000|  0%| F|  |TAMS 0x0000000087900000, 0x0000000087900000| Untracked 
|  54|0x0000000087a00000, 0x0000000087a00000, 0x0000000087b00000|  0%| F|  |TAMS 0x0000000087a00000, 0x0000000087a00000| Untracked 
|  55|0x0000000087b00000, 0x0000000087b00000, 0x0000000087c00000|  0%| F|  |TAMS 0x0000000087b00000, 0x0000000087b00000| Untracked 
|  56|0x0000000087c00000, 0x0000000087c00000, 0x0000000087d00000|  0%| F|  |TAMS 0x0000000087c00000, 0x0000000087c00000| Untracked 
|  57|0x0000000087d00000, 0x0000000087d00000, 0x0000000087e00000|  0%| F|  |TAMS 0x0000000087d00000, 0x0000000087d00000| Untracked 
|  58|0x0000000087e00000, 0x0000000087e00000, 0x0000000087f00000|  0%| F|  |TAMS 0x0000000087e00000, 0x0000000087e00000| Untracked 
|  59|0x0000000087f00000, 0x0000000087f00000, 0x0000000088000000|  0%| F|  |TAMS 0x0000000087f00000, 0x0000000087f00000| Untracked 
|  60|0x0000000088000000, 0x0000000088000000, 0x0000000088100000|  0%| F|  |TAMS 0x0000000088000000, 0x0000000088000000| Untracked 
|  61|0x0000000088100000, 0x0000000088100000, 0x0000000088200000|  0%| F|  |TAMS 0x0000000088100000, 0x0000000088100000| Untracked 
|  62|0x0000000088200000, 0x0000000088200000, 0x0000000088300000|  0%| F|  |TAMS 0x0000000088200000, 0x0000000088200000| Untracked 
|  63|0x0000000088300000, 0x0000000088300000, 0x0000000088400000|  0%| F|  |TAMS 0x0000000088300000, 0x0000000088300000| Untracked 
|  64|0x0000000088400000, 0x0000000088400000, 0x0000000088500000|  0%| F|  |TAMS 0x0000000088400000, 0x0000000088400000| Untracked 
|  65|0x0000000088500000, 0x0000000088500000, 0x0000000088600000|  0%| F|  |TAMS 0x0000000088500000, 0x0000000088500000| Untracked 
|  66|0x0000000088600000, 0x0000000088600000, 0x0000000088700000|  0%| F|  |TAMS 0x0000000088600000, 0x0000000088600000| Untracked 
|  67|0x0000000088700000, 0x0000000088700000, 0x0000000088800000|  0%| F|  |TAMS 0x0000000088700000, 0x0000000088700000| Untracked 
|  68|0x0000000088800000, 0x0000000088800000, 0x0000000088900000|  0%| F|  |TAMS 0x0000000088800000, 0x0000000088800000| Untracked 
|  69|0x0000000088900000, 0x0000000088900000, 0x0000000088a00000|  0%| F|  |TAMS 0x0000000088900000, 0x0000000088900000| Untracked 
|  70|0x0000000088a00000, 0x0000000088a00000, 0x0000000088b00000|  0%| F|  |TAMS 0x0000000088a00000, 0x0000000088a00000| Untracked 
|  71|0x0000000088b00000, 0x0000000088b00000, 0x0000000088c00000|  0%| F|  |TAMS 0x0000000088b00000, 0x0000000088b00000| Untracked 
|  72|0x0000000088c00000, 0x0000000088c00000, 0x0000000088d00000|  0%| F|  |TAMS 0x0000000088c00000, 0x0000000088c00000| Untracked 
|  73|0x0000000088d00000, 0x0000000088d00000, 0x0000000088e00000|  0%| F|  |TAMS 0x0000000088d00000, 0x0000000088d00000| Untracked 
|  74|0x0000000088e00000, 0x0000000088e00000, 0x0000000088f00000|  0%| F|  |TAMS 0x0000000088e00000, 0x0000000088e00000| Untracked 
|  75|0x0000000088f00000, 0x0000000088f00000, 0x0000000089000000|  0%| F|  |TAMS 0x0000000088f00000, 0x0000000088f00000| Untracked 
|  76|0x0000000089000000, 0x0000000089000000, 0x0000000089100000|  0%| F|  |TAMS 0x0000000089000000, 0x0000000089000000| Untracked 
|  77|0x0000000089100000, 0x0000000089100000, 0x0000000089200000|  0%| F|  |TAMS 0x0000000089100000, 0x0000000089100000| Untracked 
|  78|0x0000000089200000, 0x0000000089200000, 0x0000000089300000|  0%| F|  |TAMS 0x0000000089200000, 0x0000000089200000| Untracked 
|  79|0x0000000089300000, 0x0000000089300000, 0x0000000089400000|  0%| F|  |TAMS 0x0000000089300000, 0x0000000089300000| Untracked 
|  80|0x0000000089400000, 0x0000000089400000, 0x0000000089500000|  0%| F|  |TAMS 0x0000000089400000, 0x0000000089400000| Untracked 
|  81|0x0000000089500000, 0x0000000089500000, 0x0000000089600000|  0%| F|  |TAMS 0x0000000089500000, 0x0000000089500000| Untracked 
|  82|0x0000000089600000, 0x0000000089600000, 0x0000000089700000|  0%| F|  |TAMS 0x0000000089600000, 0x0000000089600000| Untracked 
|  83|0x0000000089700000, 0x0000000089700000, 0x0000000089800000|  0%| F|  |TAMS 0x0000000089700000, 0x0000000089700000| Untracked 
|  84|0x0000000089800000, 0x0000000089800000, 0x0000000089900000|  0%| F|  |TAMS 0x0000000089800000, 0x0000000089800000| Untracked 
|  85|0x0000000089900000, 0x0000000089900000, 0x0000000089a00000|  0%| F|  |TAMS 0x0000000089900000, 0x0000000089900000| Untracked 
|  86|0x0000000089a00000, 0x0000000089a00000, 0x0000000089b00000|  0%| F|  |TAMS 0x0000000089a00000, 0x0000000089a00000| Untracked 
|  87|0x0000000089b00000, 0x0000000089b00000, 0x0000000089c00000|  0%| F|  |TAMS 0x0000000089b00000, 0x0000000089b00000| Untracked 
|  88|0x0000000089c00000, 0x0000000089c00000, 0x0000000089d00000|  0%| F|  |TAMS 0x0000000089c00000, 0x0000000089c00000| Untracked 
|  89|0x0000000089d00000, 0x0000000089d00000, 0x0000000089e00000|  0%| F|  |TAMS 0x0000000089d00000, 0x0000000089d00000| Untracked 
|  90|0x0000000089e00000, 0x0000000089e00000, 0x0000000089f00000|  0%| F|  |TAMS 0x0000000089e00000, 0x0000000089e00000| Untracked 
|  91|0x0000000089f00000, 0x0000000089f00000, 0x000000008a000000|  0%| F|  |TAMS 0x0000000089f00000, 0x0000000089f00000| Untracked 
|  92|0x000000008a000000, 0x000000008a000000, 0x000000008a100000|  0%| F|  |TAMS 0x000000008a000000, 0x000000008a000000| Untracked 
|  93|0x000000008a100000, 0x000000008a100000, 0x000000008a200000|  0%| F|  |TAMS 0x000000008a100000, 0x000000008a100000| Untracked 
|  94|0x000000008a200000, 0x000000008a200000, 0x000000008a300000|  0%| F|  |TAMS 0x000000008a200000, 0x000000008a200000| Untracked 
|  95|0x000000008a300000, 0x000000008a300000, 0x000000008a400000|  0%| F|  |TAMS 0x000000008a300000, 0x000000008a300000| Untracked 
|  96|0x000000008a400000, 0x000000008a400000, 0x000000008a500000|  0%| F|  |TAMS 0x000000008a400000, 0x000000008a400000| Untracked 
|  97|0x000000008a500000, 0x000000008a500000, 0x000000008a600000|  0%| F|  |TAMS 0x000000008a500000, 0x000000008a500000| Untracked 
|  98|0x000000008a600000, 0x000000008a600000, 0x000000008a700000|  0%| F|  |TAMS 0x000000008a600000, 0x000000008a600000| Untracked 
|  99|0x000000008a700000, 0x000000008a700000, 0x000000008a800000|  0%| F|  |TAMS 0x000000008a700000, 0x000000008a700000| Untracked 
| 100|0x000000008a800000, 0x000000008a800000, 0x000000008a900000|  0%| F|  |TAMS 0x000000008a800000, 0x000000008a800000| Untracked 
| 101|0x000000008a900000, 0x000000008a900000, 0x000000008aa00000|  0%| F|  |TAMS 0x000000008a900000, 0x000000008a900000| Untracked 
| 102|0x000000008aa00000, 0x000000008aa00000, 0x000000008ab00000|  0%| F|  |TAMS 0x000000008aa00000, 0x000000008aa00000| Untracked 
| 103|0x000000008ab00000, 0x000000008ab00000, 0x000000008ac00000|  0%| F|  |TAMS 0x000000008ab00000, 0x000000008ab00000| Untracked 
| 104|0x000000008ac00000, 0x000000008ac00000, 0x000000008ad00000|  0%| F|  |TAMS 0x000000008ac00000, 0x000000008ac00000| Untracked 
| 105|0x000000008ad00000, 0x000000008ad00000, 0x000000008ae00000|  0%| F|  |TAMS 0x000000008ad00000, 0x000000008ad00000| Untracked 
| 106|0x000000008ae00000, 0x000000008ae00000, 0x000000008af00000|  0%| F|  |TAMS 0x000000008ae00000, 0x000000008ae00000| Untracked 
| 107|0x000000008af00000, 0x000000008af00000, 0x000000008b000000|  0%| F|  |TAMS 0x000000008af00000, 0x000000008af00000| Untracked 
| 108|0x000000008b000000, 0x000000008b000000, 0x000000008b100000|  0%| F|  |TAMS 0x000000008b000000, 0x000000008b000000| Untracked 
| 109|0x000000008b100000, 0x000000008b100000, 0x000000008b200000|  0%| F|  |TAMS 0x000000008b100000, 0x000000008b100000| Untracked 
| 110|0x000000008b200000, 0x000000008b200000, 0x000000008b300000|  0%| F|  |TAMS 0x000000008b200000, 0x000000008b200000| Untracked 
| 111|0x000000008b300000, 0x000000008b300000, 0x000000008b400000|  0%| F|  |TAMS 0x000000008b300000, 0x000000008b300000| Untracked 
| 112|0x000000008b400000, 0x000000008b400000, 0x000000008b500000|  0%| F|  |TAMS 0x000000008b400000, 0x000000008b400000| Untracked 
| 113|0x000000008b500000, 0x000000008b500000, 0x000000008b600000|  0%| F|  |TAMS 0x000000008b500000, 0x000000008b500000| Untracked 
| 114|0x000000008b600000, 0x000000008b600000, 0x000000008b700000|  0%| F|  |TAMS 0x000000008b600000, 0x000000008b600000| Untracked 
| 115|0x000000008b700000, 0x000000008b700000, 0x000000008b800000|  0%| F|  |TAMS 0x000000008b700000, 0x000000008b700000| Untracked 
| 116|0x000000008b800000, 0x000000008b800000, 0x000000008b900000|  0%| F|  |TAMS 0x000000008b800000, 0x000000008b800000| Untracked 
| 117|0x000000008b900000, 0x000000008b900000, 0x000000008ba00000|  0%| F|  |TAMS 0x000000008b900000, 0x000000008b900000| Untracked 
| 118|0x000000008ba00000, 0x000000008ba00000, 0x000000008bb00000|  0%| F|  |TAMS 0x000000008ba00000, 0x000000008ba00000| Untracked 
| 119|0x000000008bb00000, 0x000000008bb7a8a0, 0x000000008bc00000| 47%| E|  |TAMS 0x000000008bb00000, 0x000000008bb00000| Complete 
| 120|0x000000008bc00000, 0x000000008bd00000, 0x000000008bd00000|100%| E|CS|TAMS 0x000000008bc00000, 0x000000008bc00000| Complete 
| 121|0x000000008bd00000, 0x000000008be00000, 0x000000008be00000|100%| E|CS|TAMS 0x000000008bd00000, 0x000000008bd00000| Complete 
| 122|0x000000008be00000, 0x000000008bf00000, 0x000000008bf00000|100%| E|  |TAMS 0x000000008be00000, 0x000000008be00000| Complete 
| 123|0x000000008bf00000, 0x000000008c000000, 0x000000008c000000|100%| E|CS|TAMS 0x000000008bf00000, 0x000000008bf00000| Complete 

Card table byte_map: [0x000001a5f2fa0000,0x000001a5f3380000] _byte_map_base: 0x000001a5f2b7e000

Marking Bits (Prev, Next): (CMBitMap*) 0x000001a5e9a59a50, (CMBitMap*) 0x000001a5e9a59a90
 Prev Bits: [0x000001a5f3760000, 0x000001a5f5650000)
 Next Bits: [0x000001a5f5650000, 0x000001a5f7540000)

Polling page: 0x000001a5e91b0000

Metaspace:

Usage:
  Non-class:      6.04 MB used.
      Class:    563.41 KB used.
       Both:      6.60 MB used.

Virtual space:
  Non-class space:       64.00 MB reserved,       6.12 MB ( 10%) committed,  1 nodes.
      Class space:        1.00 GB reserved,     640.00 KB ( <1%) committed,  1 nodes.
             Both:        1.06 GB reserved,       6.75 MB ( <1%) committed. 

Chunk freelists:
   Non-Class:  9.91 MB
       Class:  15.23 MB
        Both:  25.13 MB

MaxMetaspaceSize: unlimited
CompressedClassSpaceSize: 1.00 GB
Initial GC threshold: 21.00 MB
Current GC threshold: 21.00 MB
CDS: off
MetaspaceReclaimPolicy: balanced
 - commit_granule_bytes: 65536.
 - commit_granule_words: 8192.
 - virtual_space_node_default_size: 8388608.
 - enlarge_chunks_in_place: 1.
 - new_chunks_are_fully_committed: 0.
 - uncommit_free_chunks: 1.
 - use_allocation_guard: 0.
 - handle_deallocations: 1.


Internal statistics:

num_allocs_failed_limit: 0.
num_arena_births: 14.
num_arena_deaths: 0.
num_vsnodes_births: 2.
num_vsnodes_deaths: 0.
num_space_committed: 108.
num_space_uncommitted: 0.
num_chunks_returned_to_freelist: 0.
num_chunks_taken_from_freelist: 46.
num_chunk_merges: 0.
num_chunk_splits: 23.
num_chunks_enlarged: 17.
num_inconsistent_stats: 0.

CodeHeap 'non-profiled nmethods': size=120000Kb used=86Kb max_used=86Kb free=119913Kb
 bounds [0x000001a587ad0000, 0x000001a587d40000, 0x000001a58f000000]
CodeHeap 'profiled nmethods': size=120000Kb used=406Kb max_used=406Kb free=119593Kb
 bounds [0x000001a580000000, 0x000001a580270000, 0x000001a587530000]
CodeHeap 'non-nmethods': size=5760Kb used=1116Kb max_used=1130Kb free=4644Kb
 bounds [0x000001a587530000, 0x000001a5877a0000, 0x000001a587ad0000]
 total_blobs=688 nmethods=306 adapters=295
 compilation: enabled
              stopped_count=0, restarted_count=0
 full_count=0

Compilation events (20 events):
Event: 0.216 Thread 0x000001a593059c60 nmethod 227 0x000001a580049f10 code [0x000001a58004a0a0, 0x000001a58004a2b8]
Event: 0.216 Thread 0x000001a593059c60  228       3       java.io.RandomAccessFile::readFully (45 bytes)
Event: 0.216 Thread 0x000001a593059c60 nmethod 228 0x000001a58004a390 code [0x000001a58004a560, 0x000001a58004a8d8]
Event: 0.216 Thread 0x000001a593059c60  229       3       java.io.RandomAccessFile::seek (22 bytes)
Event: 0.216 Thread 0x000001a593059c60 nmethod 229 0x000001a58004aa90 code [0x000001a58004ac40, 0x000001a58004ae98]
Event: 0.218 Thread 0x000001a593059350  230   !   4       java.util.zip.ZipFile$Source::checkAndAddEntry (262 bytes)
Event: 0.219 Thread 0x000001a593059c60  234       1       java.net.URL::getPort (5 bytes)
Event: 0.220 Thread 0x000001a593059c60 nmethod 234 0x000001a587adf410 code [0x000001a587adf5a0, 0x000001a587adf678]
Event: 0.220 Thread 0x000001a593059c60  235   !   3       java.util.zip.ZipFile$Source::getEntryPos (195 bytes)
Event: 0.221 Thread 0x000001a593059c60 nmethod 235 0x000001a58004af90 code [0x000001a58004b2a0, 0x000001a58004c418]
Event: 0.221 Thread 0x000001a593059c60  236       3       java.util.zip.ZipFile::ensureOpen (40 bytes)
Event: 0.221 Thread 0x000001a593059c60 nmethod 236 0x000001a58004ce90 code [0x000001a58004d060, 0x000001a58004d398]
Event: 0.221 Thread 0x000001a593059c60  237   !   3       java.util.zip.ZipFile::getEntry (59 bytes)
Event: 0.221 Thread 0x000001a593059c60 nmethod 237 0x000001a58004d510 code [0x000001a58004d700, 0x000001a58004db58]
Event: 0.222 Thread 0x000001a593059c60  238       3       java.lang.ref.Reference::refersTo (6 bytes)
Event: 0.222 Thread 0x000001a593059c60 nmethod 238 0x000001a58004de10 code [0x000001a58004dfc0, 0x000001a58004e188]
Event: 0.222 Thread 0x000001a593059c60  239       3       java.lang.ref.Reference::refersToImpl (6 bytes)
Event: 0.222 Thread 0x000001a593059c60 nmethod 239 0x000001a58004e210 code [0x000001a58004e3a0, 0x000001a58004e4e8]
Event: 0.222 Thread 0x000001a593059c60  240       3       java.lang.Math::abs (13 bytes)
Event: 0.223 Thread 0x000001a593059c60 nmethod 240 0x000001a58004e590 code [0x000001a58004e720, 0x000001a58004e898]

GC Heap History (0 events):
No events

Dll operation events (5 events):
Event: 0.006 Loaded shared library C:\Program Files\OpenLogic\jdk-17.0.10.7-hotspot\bin\java.dll
Event: 0.039 Loaded shared library C:\Program Files\OpenLogic\jdk-17.0.10.7-hotspot\bin\jsvml.dll
Event: 0.124 Loaded shared library C:\Program Files\OpenLogic\jdk-17.0.10.7-hotspot\bin\net.dll
Event: 0.125 Loaded shared library C:\Program Files\OpenLogic\jdk-17.0.10.7-hotspot\bin\nio.dll
Event: 0.132 Loaded shared library C:\Program Files\OpenLogic\jdk-17.0.10.7-hotspot\bin\zip.dll

Deoptimization events (4 events):
Event: 0.110 Thread 0x000001a5e99ffbb0 Uncommon trap: trap_request=0xffffff45 fr.pc=0x000001a587ad41cc relative=0x00000000000001ac
Event: 0.110 Thread 0x000001a5e99ffbb0 Uncommon trap: reason=unstable_if action=reinterpret pc=0x000001a587ad41cc method=java.lang.String.hashCode()I @ 42 c2
Event: 0.110 Thread 0x000001a5e99ffbb0 DEOPT PACKING pc=0x000001a587ad41cc sp=0x0000009e8befd960
Event: 0.110 Thread 0x000001a5e99ffbb0 DEOPT UNPACKING pc=0x000001a58758a1a3 sp=0x0000009e8befd8f8 mode 2

Classes unloaded (0 events):
No events

Classes redefined (0 events):
No events

Internal exceptions (1 events):
Event: 0.170 Thread 0x000001a5e99ffbb0 Exception <a 'java/lang/NoSuchMethodError'{0x000000008be9da08}: 'int java.lang.invoke.DirectMethodHandle$Holder.invokeSpecial(java.lang.Object, java.lang.Object, java.lang.Object)'> (0x000000008be9da08) 
thrown [s\src\hotspot\share\interpreter\linkResolver.cpp, line 759]

VM Operations (2 events):
Event: 0.135 Executing VM operation: HandshakeAllThreads
Event: 0.135 Executing VM operation: HandshakeAllThreads done

Events (20 events):
Event: 0.197 loading class java/util/concurrent/ConcurrentHashMap$EntrySetView
Event: 0.198 loading class java/util/concurrent/ConcurrentHashMap$EntrySetView done
Event: 0.198 loading class java/util/concurrent/ConcurrentHashMap$EntryIterator
Event: 0.198 loading class java/util/concurrent/ConcurrentHashMap$EntryIterator done
Event: 0.198 loading class java/util/concurrent/ConcurrentHashMap$MapEntry
Event: 0.198 loading class java/util/concurrent/ConcurrentHashMap$MapEntry done
Event: 0.198 loading class java/security/Security$2
Event: 0.198 loading class jdk/internal/access/JavaSecurityPropertiesAccess
Event: 0.198 loading class jdk/internal/access/JavaSecurityPropertiesAccess done
Event: 0.198 loading class java/security/Security$2 done
Event: 0.198 loading class java/io/FilePermissionCollection
Event: 0.198 loading class java/io/FilePermissionCollection done
Event: 0.198 loading class java/util/Vector
Event: 0.198 loading class java/util/Vector done
Event: 0.198 loading class java/io/FilePermissionCollection$1
Event: 0.198 loading class java/util/function/BiFunction
Event: 0.198 loading class java/util/function/BiFunction done
Event: 0.199 loading class java/io/FilePermissionCollection$1 done
Event: 0.206 loading class java/lang/IllegalStateException
Event: 0.206 loading class java/lang/IllegalStateException done


Dynamic libraries:
0x00007ff642830000 - 0x00007ff64283e000 	C:\Program Files\OpenLogic\jdk-17.0.10.7-hotspot\bin\java.exe
0x00007ffa61e50000 - 0x00007ffa62067000 	C:\WINDOWS\SYSTEM32\ntdll.dll
0x00007ffa61570000 - 0x00007ffa61634000 	C:\WINDOWS\System32\KERNEL32.DLL
0x00007ffa5f3e0000 - 0x00007ffa5f79a000 	C:\WINDOWS\System32\KERNELBASE.dll
0x00007ffa5fa30000 - 0x00007ffa5fb41000 	C:\WINDOWS\System32\ucrtbase.dll
0x00007ffa10110000 - 0x00007ffa1012b000 	C:\Program Files\OpenLogic\jdk-17.0.10.7-hotspot\bin\VCRUNTIME140.dll
0x00007ffa0fbf0000 - 0x00007ffa0fc07000 	C:\Program Files\OpenLogic\jdk-17.0.10.7-hotspot\bin\jli.dll
0x00007ffa601a0000 - 0x00007ffa6034e000 	C:\WINDOWS\System32\USER32.dll
0x00007ffa39370000 - 0x00007ffa39602000 	C:\WINDOWS\WinSxS\amd64_microsoft.windows.common-controls_6595b64144ccf1df_6.0.22621.4541_none_2710d1c57384c085\COMCTL32.dll
0x00007ffa5f1e0000 - 0x00007ffa5f206000 	C:\WINDOWS\System32\win32u.dll
0x00007ffa610a0000 - 0x00007ffa610c9000 	C:\WINDOWS\System32\GDI32.dll
0x00007ffa61460000 - 0x00007ffa61507000 	C:\WINDOWS\System32\msvcrt.dll
0x00007ffa5f210000 - 0x00007ffa5f32b000 	C:\WINDOWS\System32\gdi32full.dll
0x00007ffa5f7a0000 - 0x00007ffa5f83a000 	C:\WINDOWS\System32\msvcp_win.dll
0x00007ffa61dd0000 - 0x00007ffa61e01000 	C:\WINDOWS\System32\IMM32.DLL
0x00007ffa35540000 - 0x00007ffa3554c000 	C:\Program Files\OpenLogic\jdk-17.0.10.7-hotspot\bin\vcruntime140_1.dll
0x00007ff9e9590000 - 0x00007ff9e961d000 	C:\Program Files\OpenLogic\jdk-17.0.10.7-hotspot\bin\msvcp140.dll
0x00007ff9e5800000 - 0x00007ff9e6462000 	C:\Program Files\OpenLogic\jdk-17.0.10.7-hotspot\bin\server\jvm.dll
0x00007ffa61900000 - 0x00007ffa619b2000 	C:\WINDOWS\System32\ADVAPI32.dll
0x00007ffa61850000 - 0x00007ffa618f7000 	C:\WINDOWS\System32\sechost.dll
0x00007ffa5f3b0000 - 0x00007ffa5f3d8000 	C:\WINDOWS\System32\bcrypt.dll
0x00007ffa610d0000 - 0x00007ffa611e4000 	C:\WINDOWS\System32\RPCRT4.dll
0x00007ffa582d0000 - 0x00007ffa582d9000 	C:\WINDOWS\SYSTEM32\WSOCK32.dll
0x00007ffa5df70000 - 0x00007ffa5dfbd000 	C:\WINDOWS\SYSTEM32\POWRPROF.dll
0x00007ffa55190000 - 0x00007ffa551c4000 	C:\WINDOWS\SYSTEM32\WINMM.dll
0x00007ffa60390000 - 0x00007ffa60401000 	C:\WINDOWS\System32\WS2_32.dll
0x00007ffa54ea0000 - 0x00007ffa54eaa000 	C:\WINDOWS\SYSTEM32\VERSION.dll
0x00007ffa5df50000 - 0x00007ffa5df63000 	C:\WINDOWS\SYSTEM32\UMPDC.dll
0x00007ffa5e210000 - 0x00007ffa5e228000 	C:\WINDOWS\SYSTEM32\kernel.appcore.dll
0x00007ffa337e0000 - 0x00007ffa337ea000 	C:\Program Files\OpenLogic\jdk-17.0.10.7-hotspot\bin\jimage.dll
0x00007ffa5c920000 - 0x00007ffa5cb52000 	C:\WINDOWS\SYSTEM32\DBGHELP.DLL
0x00007ffa60410000 - 0x00007ffa6079f000 	C:\WINDOWS\System32\combase.dll
0x00007ffa61cf0000 - 0x00007ffa61dc7000 	C:\WINDOWS\System32\OLEAUT32.dll
0x00007ffa329e0000 - 0x00007ffa32a12000 	C:\WINDOWS\SYSTEM32\dbgcore.DLL
0x00007ffa5f330000 - 0x00007ffa5f3ab000 	C:\WINDOWS\System32\bcryptPrimitives.dll
0x00007ffa0bef0000 - 0x00007ffa0bf15000 	C:\Program Files\OpenLogic\jdk-17.0.10.7-hotspot\bin\java.dll
0x00007ff9e9450000 - 0x00007ff9e9526000 	C:\Program Files\OpenLogic\jdk-17.0.10.7-hotspot\bin\jsvml.dll
0x00007ffa60820000 - 0x00007ffa61098000 	C:\WINDOWS\System32\SHELL32.dll
0x00007ffa5d020000 - 0x00007ffa5d928000 	C:\WINDOWS\SYSTEM32\windows.storage.dll
0x00007ffa5cee0000 - 0x00007ffa5d01f000 	C:\WINDOWS\SYSTEM32\wintypes.dll
0x00007ffa5fb70000 - 0x00007ffa5fc6a000 	C:\WINDOWS\System32\SHCORE.dll
0x00007ffa61510000 - 0x00007ffa6156e000 	C:\WINDOWS\System32\shlwapi.dll
0x00007ffa5f050000 - 0x00007ffa5f07b000 	C:\WINDOWS\SYSTEM32\profapi.dll
0x00007ffa0e5a0000 - 0x00007ffa0e5b9000 	C:\Program Files\OpenLogic\jdk-17.0.10.7-hotspot\bin\net.dll
0x00007ffa56810000 - 0x00007ffa56946000 	C:\WINDOWS\SYSTEM32\WINHTTP.dll
0x00007ffa5e680000 - 0x00007ffa5e6e9000 	C:\WINDOWS\system32\mswsock.dll
0x00007ffa0e0c0000 - 0x00007ffa0e0d6000 	C:\Program Files\OpenLogic\jdk-17.0.10.7-hotspot\bin\nio.dll
0x00007ffa0f200000 - 0x00007ffa0f218000 	C:\Program Files\OpenLogic\jdk-17.0.10.7-hotspot\bin\zip.dll

dbghelp: loaded successfully - version: 4.0.5 - missing functions: none
symbol engine: initialized successfully - sym options: 0x614 - pdb path: .;C:\Program Files\OpenLogic\jdk-17.0.10.7-hotspot\bin;C:\WINDOWS\SYSTEM32;C:\WINDOWS\WinSxS\amd64_microsoft.windows.common-controls_6595b64144ccf1df_6.0.22621.4541_none_2710d1c57384c085;C:\Program Files\OpenLogic\jdk-17.0.10.7-hotspot\bin\server

VM Arguments:
jvm_args: -Dclassworlds.conf=C:\ProgramData\chocolatey\lib\maven\apache-maven-3.9.9\bin\m2.conf -Dmaven.home=C:\ProgramData\chocolatey\lib\maven\apache-maven-3.9.9 -Dlibrary.jansi.path=C:\ProgramData\chocolatey\lib\maven\apache-maven-3.9.9\lib\jansi-native -Dmaven.multiModuleProjectDirectory=C:\Users\dell\OneDrive\Desktop\software\Fitness-Project-SE-course 
java_command: org.codehaus.plexus.classworlds.launcher.Launcher test
java_class_path (initial): C:\ProgramData\chocolatey\lib\maven\apache-maven-3.9.9\boot\plexus-classworlds-2.8.0.jar
Launcher Type: SUN_STANDARD

[Global flags]
     intx CICompilerCount                          = 4                                         {product} {ergonomic}
     uint ConcGCThreads                            = 2                                         {product} {ergonomic}
     uint G1ConcRefinementThreads                  = 8                                         {product} {ergonomic}
   size_t G1HeapRegionSize                         = 1048576                                   {product} {ergonomic}
    uintx GCDrainStackTargetSize                   = 64                                        {product} {ergonomic}
   size_t InitialHeapSize                          = 130023424                                 {product} {ergonomic}
   size_t MarkStackSize                            = 4194304                                   {product} {ergonomic}
   size_t MaxHeapSize                              = 2076180480                                {product} {ergonomic}
   size_t MaxNewSize                               = 1245708288                                {product} {ergonomic}
   size_t MinHeapDeltaBytes                        = 1048576                                   {product} {ergonomic}
   size_t MinHeapSize                              = 8388608                                   {product} {ergonomic}
    uintx NonNMethodCodeHeapSize                   = 5839372                                {pd product} {ergonomic}
    uintx NonProfiledCodeHeapSize                  = 122909434                              {pd product} {ergonomic}
    uintx ProfiledCodeHeapSize                     = 122909434                              {pd product} {ergonomic}
    uintx ReservedCodeCacheSize                    = 251658240                              {pd product} {ergonomic}
     bool SegmentedCodeCache                       = true                                      {product} {ergonomic}
   size_t SoftMaxHeapSize                          = 2076180480                             {manageable} {ergonomic}
     bool UseCompressedClassPointers               = true                           {product lp64_product} {ergonomic}
     bool UseCompressedOops                        = true                           {product lp64_product} {ergonomic}
     bool UseG1GC                                  = true                                      {product} {ergonomic}
     bool UseLargePagesIndividualAllocation        = false                                  {pd product} {ergonomic}

Logging:
Log output configuration:
 #0: stdout all=warning uptime,level,tags
 #1: stderr all=off uptime,level,tags

Environment Variables:
JAVA_HOME=C:\Program Files\OpenLogic\jdk-17.0.10.7-hotspot\
PATH=C:\Program Files\Volta\;C:\Program Files\OpenLogic\jdk-17.0.10.7-hotspot\bin;C:\Program Files\Common Files\Oracle\Java\javapath;C:\WINDOWS\system32;C:\WINDOWS;C:\WINDOWS\System32\Wbem;C:\WINDOWS\System32\WindowsPowerShell\v1.0\;C:\WINDOWS\System32\OpenSSH\;C:\Program Files\dotnet\;C:\MinGW\bin;C:\Program Files\Git\cmd;C:\Users\dell\AppData\Local\Android\Sdk\platform-tools;C:\Users\dell\AppData\Local\Android\Sdk;C:\ProgramData\chocolatey\bin;C:\Program Files\nodejs\;C:\opencv\build\x64\vc16\bin;C:\Program Files\MongoDB\mongosh-2.3.1-win32-x64\mongosh-2.3.1-win32-x64\bin;C:\ProgramData\chocolatey\lib\maven\apache-maven-3.9.9\bin;;C:\Program Files (x86)\Microchip\xc8\v1.37\bin;C:\Program Files (x86)\Microchip\xc8\v1.45\bin;C:\Users\dell\AppData\Local\Volta\bin;C:\Users\dell\AppData\Local\Android\Sdk;C:\Users\dell\AppData\Local\Android\Sdk\tools;C:\Users\dell\AppData\Local\Android\Sdk\platform-tools;C:\Users\dell\AppData\Local\Microsoft\WindowsApps;C:\Microsoft VS Code\bin;C:\Users\dell\AppData\Local\Android\Sdk\platform-tools;C:\Users\dell\AppData\Local\Android\Sdk\tools\bin;C:\Users\dell\AppData\Local\Android\Sdk\emulator;C:\Users\dell\AppData\Roaming\npm;C:\Program Files\OpenLogic\jdk-17.0.10.7-hotspot\bin;
USERNAME=dell
LANG=en_US.UTF-8
OS=Windows_NT
PROCESSOR_IDENTIFIER=Intel64 Family 6 Model 140 Stepping 1, GenuineIntel
TMP=C:\Users\dell\AppData\Local\Temp
TEMP=C:\Users\dell\AppData\Local\Temp



Periodic native trim disabled


---------------  S Y S T E M  ---------------

OS:
 Windows 11 , 64 bit Build 22621 (10.0.22621.4391)
OS uptime: 1 days 19:46 hours
Hyper-V role detected

CPU: total 8 (initial active 8) (4 cores per cpu, 2 threads per core) family 6 model 140 stepping 1 microcode 0xb8, cx8, cmov, fxsr, ht, mmx, 3dnowpref, sse, sse2, sse3, ssse3, sse4.1, sse4.2, popcnt, lzcnt, tsc, tscinvbit, avx, avx2, aes, erms, clmul, bmi1, bmi2, adx, avx512f, avx512dq, avx512cd, avx512bw, avx512vl, sha, fma, vzeroupper, avx512_vpopcntdq, avx512_vpclmulqdq, avx512_vaes, avx512_vnni, clflush, clflushopt, clwb, avx512_vbmi2, avx512_vbmi, hv
Processor Information for all 8 processors :
  Max Mhz: 2419, Current Mhz: 2419, Mhz Limit: 2419

Memory: 4k page, system-wide physical 7918M (588M free)
TotalPageFile size 9966M (AvailPageFile size 2M)
current process WorkingSet (physical memory assigned to process): 38M, peak: 38M
current process commit charge ("private bytes"): 205M, peak: 205M

vm_info: OpenJDK 64-Bit Server VM (17.0.10+7-adhoc..jdk17u) for windows-amd64 JRE (17.0.10+7-adhoc..jdk17u), built on Jan 24 2024 08:51:31 by "" with MS VC++ 16.10 / 16.11 (VS2019)

END.
