#
# There is insufficient memory for the Java Runtime Environment to continue.
# Native memory allocation (malloc) failed to allocate 2024496 bytes for Chunk::new
# Possible reasons:
#   The system is out of physical RAM or swap space
#   The process is running with CompressedOops enabled, and the Java Heap may be blocking the growth of the native heap
# Possible solutions:
#   Reduce memory load on the system
#   Increase physical memory or swap space
#   Check if swap backing store is full
#   Decrease Java heap size (-Xmx/-Xms)
#   Decrease number of Java threads
#   Decrease Java thread stack sizes (-Xss)
#   Set larger code cache with -XX:ReservedCodeCacheSize=
#   JVM is running with Unscaled Compressed Oops mode in which the Java heap is
#     placed in the first 4GB address space. The Java Heap base address is the
#     maximum limit for the native heap growth. Please use -XX:HeapBaseMinAddress
#     to set the Java Heap base and to place the Java Heap above 4GB virtual address.
# This output file may be truncated or incomplete.
#
#  Out of Memory Error (arena.cpp:191), pid=9136, tid=8240
#
# JRE version: OpenJDK Runtime Environment OpenLogic-OpenJDK (17.0.10+7) (build 17.0.10+7-adhoc..jdk17u)
# Java VM: OpenJDK 64-Bit Server VM OpenLogic-OpenJDK (17.0.10+7-adhoc..jdk17u, mixed mode, sharing, tiered, compressed oops, compressed class ptrs, g1 gc, windows-amd64)
# No core dump will be written. Minidumps are not enabled by default on client versions of Windows
#

---------------  S U M M A R Y ------------

Command Line: -javaagent:C:\\Users\\dell\\.m2\\repository\\org\\jacoco\\org.jacoco.agent\\0.8.10\\org.jacoco.agent-0.8.10-runtime.jar=destfile=C:\\Users\\dell\\OneDrive\\Desktop\\software\\Fitness-Project-SE-course\\target\\jacoco.exec C:\Users\dell\AppData\Local\Temp\surefire10564377220698176778\surefirebooter-20241230103944032_3.jar C:\Users\dell\AppData\Local\Temp\surefire10564377220698176778 2024-12-30T10-39-43_840-jvmRun1 surefire-20241230103944032_1tmp surefire_0-20241230103944032_2tmp

Host: 11th Gen Intel(R) Core(TM) i5-1135G7 @ 2.40GHz, 8 cores, 7G,  Windows 11 , 64 bit Build 22621 (10.0.22621.4391)
Time: Mon Dec 30 10:39:46 2024 West Bank Gaza Standard Time elapsed time: 2.225523 seconds (0d 0h 0m 2s)

---------------  T H R E A D  ---------------

Current thread (0x0000021e957f7450):  JavaThread "C2 CompilerThread2" daemon [_thread_in_native, id=8240, stack(0x000000b08ec00000,0x000000b08ed00000)]


Current CompileTask:
C2:   2225 2864       4       org.jacoco.agent.rt.internal_4a7f17c.asm.commons.AnalyzerAdapter::execute (2009 bytes)

Stack: [0x000000b08ec00000,0x000000b08ed00000]
Native frames: (J=compiled Java code, j=interpreted, Vv=VM code, C=native code)
V  [jvm.dll+0x67d6e9]
V  [jvm.dll+0x834dca]
V  [jvm.dll+0x83688e]
V  [jvm.dll+0x836ef3]
V  [jvm.dll+0x247bdf]
V  [jvm.dll+0xac514]
V  [jvm.dll+0xacb5c]
V  [jvm.dll+0x366b82]
V  [jvm.dll+0x330ffa]
V  [jvm.dll+0x33049a]
V  [jvm.dll+0x21a2a1]
V  [jvm.dll+0x2196c1]
V  [jvm.dll+0x1a512d]
V  [jvm.dll+0x22949e]
V  [jvm.dll+0x22766c]
V  [jvm.dll+0x7e9ea7]
V  [jvm.dll+0x7e42aa]
V  [jvm.dll+0x67c5d5]
C  [ucrtbase.dll+0x29333]
C  [KERNEL32.DLL+0x1259d]
C  [ntdll.dll+0x5af38]


---------------  P R O C E S S  ---------------

Threads class SMR info:
_java_thread_list=0x0000021e95007e80, length=16, elements={
0x0000021e2deced80, 0x0000021e4f3b47d0, 0x0000021e4f3b5190, 0x0000021e4f3cbf80,
0x0000021e4f3cc850, 0x0000021e4f3cd120, 0x0000021e4f3cef00, 0x0000021e4f3d27e0,
0x0000021e4f3db5e0, 0x0000021e4f3dcb10, 0x0000021e4f5f6970, 0x0000021e4f63c120,
0x0000021e95069790, 0x0000021e9512a010, 0x0000021e9500a990, 0x0000021e957f7450
}

Java Threads: ( => current thread )
  0x0000021e2deced80 JavaThread "main" [_thread_in_Java, id=11928, stack(0x000000b08d600000,0x000000b08d700000)]
  0x0000021e4f3b47d0 JavaThread "Reference Handler" daemon [_thread_blocked, id=1912, stack(0x000000b08dd00000,0x000000b08de00000)]
  0x0000021e4f3b5190 JavaThread "Finalizer" daemon [_thread_blocked, id=17252, stack(0x000000b08de00000,0x000000b08df00000)]
  0x0000021e4f3cbf80 JavaThread "Signal Dispatcher" daemon [_thread_blocked, id=2716, stack(0x000000b08df00000,0x000000b08e000000)]
  0x0000021e4f3cc850 JavaThread "Attach Listener" daemon [_thread_blocked, id=4828, stack(0x000000b08e000000,0x000000b08e100000)]
  0x0000021e4f3cd120 JavaThread "Service Thread" daemon [_thread_blocked, id=12240, stack(0x000000b08e100000,0x000000b08e200000)]
  0x0000021e4f3cef00 JavaThread "Monitor Deflation Thread" daemon [_thread_blocked, id=12112, stack(0x000000b08e200000,0x000000b08e300000)]
  0x0000021e4f3d27e0 JavaThread "C2 CompilerThread0" daemon [_thread_in_native, id=17680, stack(0x000000b08e300000,0x000000b08e400000)]
  0x0000021e4f3db5e0 JavaThread "C1 CompilerThread0" daemon [_thread_blocked, id=17784, stack(0x000000b08e400000,0x000000b08e500000)]
  0x0000021e4f3dcb10 JavaThread "Sweeper thread" daemon [_thread_blocked, id=4508, stack(0x000000b08e500000,0x000000b08e600000)]
  0x0000021e4f5f6970 JavaThread "Common-Cleaner" daemon [_thread_blocked, id=14424, stack(0x000000b08e600000,0x000000b08e700000)]
  0x0000021e4f63c120 JavaThread "C2 CompilerThread1" daemon [_thread_in_native, id=14148, stack(0x000000b08e700000,0x000000b08e800000)]
  0x0000021e95069790 JavaThread "Notification Thread" daemon [_thread_blocked, id=13240, stack(0x000000b08e800000,0x000000b08e900000)]
  0x0000021e9512a010 JavaThread "surefire-forkedjvm-stream-flusher" daemon [_thread_blocked, id=13448, stack(0x000000b08ea00000,0x000000b08eb00000)]
  0x0000021e9500a990 JavaThread "surefire-forkedjvm-command-thread" daemon [_thread_in_native, id=16832, stack(0x000000b08eb00000,0x000000b08ec00000)]
=>0x0000021e957f7450 JavaThread "C2 CompilerThread2" daemon [_thread_in_native, id=8240, stack(0x000000b08ec00000,0x000000b08ed00000)]

Other Threads:
  0x0000021e4f3b0e20 VMThread "VM Thread" [stack: 0x000000b08dc00000,0x000000b08dd00000] [id=3504]
  0x0000021e4f8b98b0 WatcherThread [stack: 0x000000b08e900000,0x000000b08ea00000] [id=7420]
  0x0000021e2df2a6d0 GCTaskThread "GC Thread#0" [stack: 0x000000b08d700000,0x000000b08d800000] [id=10308]
  0x0000021e95a99fe0 GCTaskThread "GC Thread#1" [stack: 0x000000b08ed00000,0x000000b08ee00000] [id=10960]
  0x0000021e9569a490 GCTaskThread "GC Thread#2" [stack: 0x000000b08ee00000,0x000000b08ef00000] [id=11220]
  0x0000021e9569a750 GCTaskThread "GC Thread#3" [stack: 0x000000b08ef00000,0x000000b08f000000] [id=11980]
  0x0000021e9569aa10 GCTaskThread "GC Thread#4" [stack: 0x000000b08f000000,0x000000b08f100000] [id=17608]
  0x0000021e96eaa140 GCTaskThread "GC Thread#5" [stack: 0x000000b08f100000,0x000000b08f200000] [id=17616]
  0x0000021e96226280 GCTaskThread "GC Thread#6" [stack: 0x000000b08f200000,0x000000b08f300000] [id=5272]
  0x0000021e96226540 GCTaskThread "GC Thread#7" [stack: 0x000000b08f300000,0x000000b08f400000] [id=17692]
  0x0000021e2df3ada0 ConcurrentGCThread "G1 Main Marker" [stack: 0x000000b08d800000,0x000000b08d900000] [id=16144]
  0x0000021e2df3b7c0 ConcurrentGCThread "G1 Conc#0" [stack: 0x000000b08d900000,0x000000b08da00000] [id=9276]
  0x0000021e2df7e050 ConcurrentGCThread "G1 Refine#0" [stack: 0x000000b08da00000,0x000000b08db00000] [id=15228]
  0x0000021e2df7e980 ConcurrentGCThread "G1 Service" [stack: 0x000000b08db00000,0x000000b08dc00000] [id=2216]

Threads with active compile tasks:
C2 CompilerThread0     2237 3218       4       io.cucumber.cucumberexpressions.CucumberExpressionParser::lambda$parseBetween$5 (231 bytes)
C2 CompilerThread1     2237 3214       4       io.cucumber.cucumberexpressions.CucumberExpressionParser$$Lambda$284/0x0000021e511a7b40::parse (23 bytes)
C2 CompilerThread2     2237 2864       4       org.jacoco.agent.rt.internal_4a7f17c.asm.commons.AnalyzerAdapter::execute (2009 bytes)

VM state: not at safepoint (normal execution)

VM Mutex/Monitor currently owned by a thread: None

Heap address: 0x0000000084400000, size: 1980 MB, Compressed Oops mode: 32-bit

CDS archive(s) mapped at: [0x0000021e50000000-0x0000021e50bc0000-0x0000021e50bc0000), size 12320768, SharedBaseAddress: 0x0000021e50000000, ArchiveRelocationMode: 1.
Compressed class space mapped at: 0x0000021e51000000-0x0000021e91000000, reserved size: 1073741824
Narrow klass base: 0x0000021e50000000, Narrow klass shift: 0, Narrow klass range: 0x100000000

GC Precious Log:
 CPUs: 8 total, 8 available
 Memory: 7918M
 Large Page Support: Disabled
 NUMA Support: Disabled
 Compressed Oops: Enabled (32-bit)
 Heap Region Size: 1M
 Heap Min Capacity: 8M
 Heap Initial Capacity: 124M
 Heap Max Capacity: 1980M
 Pre-touch: Disabled
 Parallel Workers: 8
 Concurrent Workers: 2
 Concurrent Refinement Workers: 8
 Periodic GC: Disabled

Heap:
 garbage-first heap   total 126976K, used 67789K [0x0000000084400000, 0x0000000100000000)
  region size 1024K, 65 young (66560K), 3 survivors (3072K)
 Metaspace       used 15495K, committed 15808K, reserved 1114112K
  class space    used 1642K, committed 1792K, reserved 1048576K

Heap Regions: E=young(eden), S=young(survivor), O=old, HS=humongous(starts), HC=humongous(continues), CS=collection set, F=free, OA=open archive, CA=closed archive, TAMS=top-at-mark-start (previous, next)
|   0|0x0000000084400000, 0x0000000084500000, 0x0000000084500000|100%| O|  |TAMS 0x0000000084400000, 0x0000000084400000| Untracked 
|   1|0x0000000084500000, 0x0000000084600000, 0x0000000084600000|100%| O|  |TAMS 0x0000000084500000, 0x0000000084500000| Untracked 
|   2|0x0000000084600000, 0x0000000084633400, 0x0000000084700000| 20%| O|  |TAMS 0x0000000084600000, 0x0000000084600000| Untracked 
|   3|0x0000000084700000, 0x0000000084700000, 0x0000000084800000|  0%| F|  |TAMS 0x0000000084700000, 0x0000000084700000| Untracked 
|   4|0x0000000084800000, 0x0000000084800000, 0x0000000084900000|  0%| F|  |TAMS 0x0000000084800000, 0x0000000084800000| Untracked 
|   5|0x0000000084900000, 0x0000000084900000, 0x0000000084a00000|  0%| F|  |TAMS 0x0000000084900000, 0x0000000084900000| Untracked 
|   6|0x0000000084a00000, 0x0000000084a00000, 0x0000000084b00000|  0%| F|  |TAMS 0x0000000084a00000, 0x0000000084a00000| Untracked 
|   7|0x0000000084b00000, 0x0000000084b00000, 0x0000000084c00000|  0%| F|  |TAMS 0x0000000084b00000, 0x0000000084b00000| Untracked 
|   8|0x0000000084c00000, 0x0000000084c00000, 0x0000000084d00000|  0%| F|  |TAMS 0x0000000084c00000, 0x0000000084c00000| Untracked 
|   9|0x0000000084d00000, 0x0000000084d00000, 0x0000000084e00000|  0%| F|  |TAMS 0x0000000084d00000, 0x0000000084d00000| Untracked 
|  10|0x0000000084e00000, 0x0000000084e00000, 0x0000000084f00000|  0%| F|  |TAMS 0x0000000084e00000, 0x0000000084e00000| Untracked 
|  11|0x0000000084f00000, 0x0000000084f00000, 0x0000000085000000|  0%| F|  |TAMS 0x0000000084f00000, 0x0000000084f00000| Untracked 
|  12|0x0000000085000000, 0x0000000085000000, 0x0000000085100000|  0%| F|  |TAMS 0x0000000085000000, 0x0000000085000000| Untracked 
|  13|0x0000000085100000, 0x0000000085100000, 0x0000000085200000|  0%| F|  |TAMS 0x0000000085100000, 0x0000000085100000| Untracked 
|  14|0x0000000085200000, 0x0000000085200000, 0x0000000085300000|  0%| F|  |TAMS 0x0000000085200000, 0x0000000085200000| Untracked 
|  15|0x0000000085300000, 0x0000000085300000, 0x0000000085400000|  0%| F|  |TAMS 0x0000000085300000, 0x0000000085300000| Untracked 
|  16|0x0000000085400000, 0x0000000085400000, 0x0000000085500000|  0%| F|  |TAMS 0x0000000085400000, 0x0000000085400000| Untracked 
|  17|0x0000000085500000, 0x0000000085500000, 0x0000000085600000|  0%| F|  |TAMS 0x0000000085500000, 0x0000000085500000| Untracked 
|  18|0x0000000085600000, 0x0000000085600000, 0x0000000085700000|  0%| F|  |TAMS 0x0000000085600000, 0x0000000085600000| Untracked 
|  19|0x0000000085700000, 0x0000000085700000, 0x0000000085800000|  0%| F|  |TAMS 0x0000000085700000, 0x0000000085700000| Untracked 
|  20|0x0000000085800000, 0x0000000085800000, 0x0000000085900000|  0%| F|  |TAMS 0x0000000085800000, 0x0000000085800000| Untracked 
|  21|0x0000000085900000, 0x0000000085900000, 0x0000000085a00000|  0%| F|  |TAMS 0x0000000085900000, 0x0000000085900000| Untracked 
|  22|0x0000000085a00000, 0x0000000085a00000, 0x0000000085b00000|  0%| F|  |TAMS 0x0000000085a00000, 0x0000000085a00000| Untracked 
|  23|0x0000000085b00000, 0x0000000085b00000, 0x0000000085c00000|  0%| F|  |TAMS 0x0000000085b00000, 0x0000000085b00000| Untracked 
|  24|0x0000000085c00000, 0x0000000085c00000, 0x0000000085d00000|  0%| F|  |TAMS 0x0000000085c00000, 0x0000000085c00000| Untracked 
|  25|0x0000000085d00000, 0x0000000085d00000, 0x0000000085e00000|  0%| F|  |TAMS 0x0000000085d00000, 0x0000000085d00000| Untracked 
|  26|0x0000000085e00000, 0x0000000085e00000, 0x0000000085f00000|  0%| F|  |TAMS 0x0000000085e00000, 0x0000000085e00000| Untracked 
|  27|0x0000000085f00000, 0x0000000085f00000, 0x0000000086000000|  0%| F|  |TAMS 0x0000000085f00000, 0x0000000085f00000| Untracked 
|  28|0x0000000086000000, 0x0000000086000000, 0x0000000086100000|  0%| F|  |TAMS 0x0000000086000000, 0x0000000086000000| Untracked 
|  29|0x0000000086100000, 0x0000000086100000, 0x0000000086200000|  0%| F|  |TAMS 0x0000000086100000, 0x0000000086100000| Untracked 
|  30|0x0000000086200000, 0x0000000086200000, 0x0000000086300000|  0%| F|  |TAMS 0x0000000086200000, 0x0000000086200000| Untracked 
|  31|0x0000000086300000, 0x0000000086300000, 0x0000000086400000|  0%| F|  |TAMS 0x0000000086300000, 0x0000000086300000| Untracked 
|  32|0x0000000086400000, 0x0000000086400000, 0x0000000086500000|  0%| F|  |TAMS 0x0000000086400000, 0x0000000086400000| Untracked 
|  33|0x0000000086500000, 0x0000000086500000, 0x0000000086600000|  0%| F|  |TAMS 0x0000000086500000, 0x0000000086500000| Untracked 
|  34|0x0000000086600000, 0x0000000086600000, 0x0000000086700000|  0%| F|  |TAMS 0x0000000086600000, 0x0000000086600000| Untracked 
|  35|0x0000000086700000, 0x0000000086700000, 0x0000000086800000|  0%| F|  |TAMS 0x0000000086700000, 0x0000000086700000| Untracked 
|  36|0x0000000086800000, 0x0000000086800000, 0x0000000086900000|  0%| F|  |TAMS 0x0000000086800000, 0x0000000086800000| Untracked 
|  37|0x0000000086900000, 0x0000000086900000, 0x0000000086a00000|  0%| F|  |TAMS 0x0000000086900000, 0x0000000086900000| Untracked 
|  38|0x0000000086a00000, 0x0000000086a00000, 0x0000000086b00000|  0%| F|  |TAMS 0x0000000086a00000, 0x0000000086a00000| Untracked 
|  39|0x0000000086b00000, 0x0000000086b00000, 0x0000000086c00000|  0%| F|  |TAMS 0x0000000086b00000, 0x0000000086b00000| Untracked 
|  40|0x0000000086c00000, 0x0000000086c00000, 0x0000000086d00000|  0%| F|  |TAMS 0x0000000086c00000, 0x0000000086c00000| Untracked 
|  41|0x0000000086d00000, 0x0000000086d00000, 0x0000000086e00000|  0%| F|  |TAMS 0x0000000086d00000, 0x0000000086d00000| Untracked 
|  42|0x0000000086e00000, 0x0000000086e00000, 0x0000000086f00000|  0%| F|  |TAMS 0x0000000086e00000, 0x0000000086e00000| Untracked 
|  43|0x0000000086f00000, 0x0000000086f00000, 0x0000000087000000|  0%| F|  |TAMS 0x0000000086f00000, 0x0000000086f00000| Untracked 
|  44|0x0000000087000000, 0x0000000087000000, 0x0000000087100000|  0%| F|  |TAMS 0x0000000087000000, 0x0000000087000000| Untracked 
|  45|0x0000000087100000, 0x0000000087100000, 0x0000000087200000|  0%| F|  |TAMS 0x0000000087100000, 0x0000000087100000| Untracked 
|  46|0x0000000087200000, 0x0000000087200000, 0x0000000087300000|  0%| F|  |TAMS 0x0000000087200000, 0x0000000087200000| Untracked 
|  47|0x0000000087300000, 0x0000000087400000, 0x0000000087400000|100%| S|CS|TAMS 0x0000000087300000, 0x0000000087300000| Complete 
|  48|0x0000000087400000, 0x0000000087500000, 0x0000000087500000|100%| S|CS|TAMS 0x0000000087400000, 0x0000000087400000| Complete 
|  49|0x0000000087500000, 0x0000000087600000, 0x0000000087600000|100%| S|CS|TAMS 0x0000000087500000, 0x0000000087500000| Complete 
|  50|0x0000000087600000, 0x0000000087600000, 0x0000000087700000|  0%| F|  |TAMS 0x0000000087600000, 0x0000000087600000| Untracked 
|  51|0x0000000087700000, 0x0000000087700000, 0x0000000087800000|  0%| F|  |TAMS 0x0000000087700000, 0x0000000087700000| Untracked 
|  52|0x0000000087800000, 0x0000000087800000, 0x0000000087900000|  0%| F|  |TAMS 0x0000000087800000, 0x0000000087800000| Untracked 
|  53|0x0000000087900000, 0x0000000087900000, 0x0000000087a00000|  0%| F|  |TAMS 0x0000000087900000, 0x0000000087900000| Untracked 
|  54|0x0000000087a00000, 0x0000000087a00000, 0x0000000087b00000|  0%| F|  |TAMS 0x0000000087a00000, 0x0000000087a00000| Untracked 
|  55|0x0000000087b00000, 0x0000000087b00000, 0x0000000087c00000|  0%| F|  |TAMS 0x0000000087b00000, 0x0000000087b00000| Untracked 
|  56|0x0000000087c00000, 0x0000000087c00000, 0x0000000087d00000|  0%| F|  |TAMS 0x0000000087c00000, 0x0000000087c00000| Untracked 
|  57|0x0000000087d00000, 0x0000000087d00000, 0x0000000087e00000|  0%| F|  |TAMS 0x0000000087d00000, 0x0000000087d00000| Untracked 
|  58|0x0000000087e00000, 0x0000000087e00000, 0x0000000087f00000|  0%| F|  |TAMS 0x0000000087e00000, 0x0000000087e00000| Untracked 
|  59|0x0000000087f00000, 0x0000000087f00000, 0x0000000088000000|  0%| F|  |TAMS 0x0000000087f00000, 0x0000000087f00000| Untracked 
|  60|0x0000000088000000, 0x0000000088000000, 0x0000000088100000|  0%| F|  |TAMS 0x0000000088000000, 0x0000000088000000| Untracked 
|  61|0x0000000088100000, 0x0000000088100000, 0x0000000088200000|  0%| F|  |TAMS 0x0000000088100000, 0x0000000088100000| Untracked 
|  62|0x0000000088200000, 0x0000000088280800, 0x0000000088300000| 50%| E|  |TAMS 0x0000000088200000, 0x0000000088200000| Complete 
|  63|0x0000000088300000, 0x0000000088400000, 0x0000000088400000|100%| E|CS|TAMS 0x0000000088300000, 0x0000000088300000| Complete 
|  64|0x0000000088400000, 0x0000000088500000, 0x0000000088500000|100%| E|CS|TAMS 0x0000000088400000, 0x0000000088400000| Complete 
|  65|0x0000000088500000, 0x0000000088600000, 0x0000000088600000|100%| E|CS|TAMS 0x0000000088500000, 0x0000000088500000| Complete 
|  66|0x0000000088600000, 0x0000000088700000, 0x0000000088700000|100%| E|CS|TAMS 0x0000000088600000, 0x0000000088600000| Complete 
|  67|0x0000000088700000, 0x0000000088800000, 0x0000000088800000|100%| E|CS|TAMS 0x0000000088700000, 0x0000000088700000| Complete 
|  68|0x0000000088800000, 0x0000000088900000, 0x0000000088900000|100%| E|CS|TAMS 0x0000000088800000, 0x0000000088800000| Complete 
|  69|0x0000000088900000, 0x0000000088a00000, 0x0000000088a00000|100%| E|CS|TAMS 0x0000000088900000, 0x0000000088900000| Complete 
|  70|0x0000000088a00000, 0x0000000088b00000, 0x0000000088b00000|100%| E|CS|TAMS 0x0000000088a00000, 0x0000000088a00000| Complete 
|  71|0x0000000088b00000, 0x0000000088c00000, 0x0000000088c00000|100%| E|CS|TAMS 0x0000000088b00000, 0x0000000088b00000| Complete 
|  72|0x0000000088c00000, 0x0000000088d00000, 0x0000000088d00000|100%| E|CS|TAMS 0x0000000088c00000, 0x0000000088c00000| Complete 
|  73|0x0000000088d00000, 0x0000000088e00000, 0x0000000088e00000|100%| E|CS|TAMS 0x0000000088d00000, 0x0000000088d00000| Complete 
|  74|0x0000000088e00000, 0x0000000088f00000, 0x0000000088f00000|100%| E|CS|TAMS 0x0000000088e00000, 0x0000000088e00000| Complete 
|  75|0x0000000088f00000, 0x0000000089000000, 0x0000000089000000|100%| E|CS|TAMS 0x0000000088f00000, 0x0000000088f00000| Complete 
|  76|0x0000000089000000, 0x0000000089100000, 0x0000000089100000|100%| E|CS|TAMS 0x0000000089000000, 0x0000000089000000| Complete 
|  77|0x0000000089100000, 0x0000000089200000, 0x0000000089200000|100%| E|CS|TAMS 0x0000000089100000, 0x0000000089100000| Complete 
|  78|0x0000000089200000, 0x0000000089300000, 0x0000000089300000|100%| E|CS|TAMS 0x0000000089200000, 0x0000000089200000| Complete 
|  79|0x0000000089300000, 0x0000000089400000, 0x0000000089400000|100%| E|CS|TAMS 0x0000000089300000, 0x0000000089300000| Complete 
|  80|0x0000000089400000, 0x0000000089500000, 0x0000000089500000|100%| E|CS|TAMS 0x0000000089400000, 0x0000000089400000| Complete 
|  81|0x0000000089500000, 0x0000000089600000, 0x0000000089600000|100%| E|CS|TAMS 0x0000000089500000, 0x0000000089500000| Complete 
|  82|0x0000000089600000, 0x0000000089700000, 0x0000000089700000|100%| E|CS|TAMS 0x0000000089600000, 0x0000000089600000| Complete 
|  83|0x0000000089700000, 0x0000000089800000, 0x0000000089800000|100%| E|CS|TAMS 0x0000000089700000, 0x0000000089700000| Complete 
|  84|0x0000000089800000, 0x0000000089900000, 0x0000000089900000|100%| E|CS|TAMS 0x0000000089800000, 0x0000000089800000| Complete 
|  85|0x0000000089900000, 0x0000000089a00000, 0x0000000089a00000|100%| E|CS|TAMS 0x0000000089900000, 0x0000000089900000| Complete 
|  86|0x0000000089a00000, 0x0000000089b00000, 0x0000000089b00000|100%| E|CS|TAMS 0x0000000089a00000, 0x0000000089a00000| Complete 
|  87|0x0000000089b00000, 0x0000000089c00000, 0x0000000089c00000|100%| E|CS|TAMS 0x0000000089b00000, 0x0000000089b00000| Complete 
|  88|0x0000000089c00000, 0x0000000089d00000, 0x0000000089d00000|100%| E|CS|TAMS 0x0000000089c00000, 0x0000000089c00000| Complete 
|  89|0x0000000089d00000, 0x0000000089e00000, 0x0000000089e00000|100%| E|CS|TAMS 0x0000000089d00000, 0x0000000089d00000| Complete 
|  90|0x0000000089e00000, 0x0000000089f00000, 0x0000000089f00000|100%| E|CS|TAMS 0x0000000089e00000, 0x0000000089e00000| Complete 
|  91|0x0000000089f00000, 0x000000008a000000, 0x000000008a000000|100%| E|CS|TAMS 0x0000000089f00000, 0x0000000089f00000| Complete 
|  92|0x000000008a000000, 0x000000008a100000, 0x000000008a100000|100%| E|CS|TAMS 0x000000008a000000, 0x000000008a000000| Complete 
|  93|0x000000008a100000, 0x000000008a200000, 0x000000008a200000|100%| E|CS|TAMS 0x000000008a100000, 0x000000008a100000| Complete 
|  94|0x000000008a200000, 0x000000008a300000, 0x000000008a300000|100%| E|CS|TAMS 0x000000008a200000, 0x000000008a200000| Complete 
|  95|0x000000008a300000, 0x000000008a400000, 0x000000008a400000|100%| E|CS|TAMS 0x000000008a300000, 0x000000008a300000| Complete 
|  96|0x000000008a400000, 0x000000008a500000, 0x000000008a500000|100%| E|CS|TAMS 0x000000008a400000, 0x000000008a400000| Complete 
|  97|0x000000008a500000, 0x000000008a600000, 0x000000008a600000|100%| E|CS|TAMS 0x000000008a500000, 0x000000008a500000| Complete 
|  98|0x000000008a600000, 0x000000008a700000, 0x000000008a700000|100%| E|CS|TAMS 0x000000008a600000, 0x000000008a600000| Complete 
|  99|0x000000008a700000, 0x000000008a800000, 0x000000008a800000|100%| E|CS|TAMS 0x000000008a700000, 0x000000008a700000| Complete 
| 100|0x000000008a800000, 0x000000008a900000, 0x000000008a900000|100%| E|CS|TAMS 0x000000008a800000, 0x000000008a800000| Complete 
| 101|0x000000008a900000, 0x000000008aa00000, 0x000000008aa00000|100%| E|CS|TAMS 0x000000008a900000, 0x000000008a900000| Complete 
| 102|0x000000008aa00000, 0x000000008ab00000, 0x000000008ab00000|100%| E|CS|TAMS 0x000000008aa00000, 0x000000008aa00000| Complete 
| 103|0x000000008ab00000, 0x000000008ac00000, 0x000000008ac00000|100%| E|CS|TAMS 0x000000008ab00000, 0x000000008ab00000| Complete 
| 104|0x000000008ac00000, 0x000000008ad00000, 0x000000008ad00000|100%| E|CS|TAMS 0x000000008ac00000, 0x000000008ac00000| Complete 
| 105|0x000000008ad00000, 0x000000008ae00000, 0x000000008ae00000|100%| E|CS|TAMS 0x000000008ad00000, 0x000000008ad00000| Complete 
| 106|0x000000008ae00000, 0x000000008af00000, 0x000000008af00000|100%| E|CS|TAMS 0x000000008ae00000, 0x000000008ae00000| Complete 
| 107|0x000000008af00000, 0x000000008b000000, 0x000000008b000000|100%| E|CS|TAMS 0x000000008af00000, 0x000000008af00000| Complete 
| 108|0x000000008b000000, 0x000000008b100000, 0x000000008b100000|100%| E|CS|TAMS 0x000000008b000000, 0x000000008b000000| Complete 
| 109|0x000000008b100000, 0x000000008b200000, 0x000000008b200000|100%| E|CS|TAMS 0x000000008b100000, 0x000000008b100000| Complete 
| 110|0x000000008b200000, 0x000000008b300000, 0x000000008b300000|100%| E|CS|TAMS 0x000000008b200000, 0x000000008b200000| Complete 
| 111|0x000000008b300000, 0x000000008b400000, 0x000000008b400000|100%| E|CS|TAMS 0x000000008b300000, 0x000000008b300000| Complete 
| 112|0x000000008b400000, 0x000000008b500000, 0x000000008b500000|100%| E|CS|TAMS 0x000000008b400000, 0x000000008b400000| Complete 
| 113|0x000000008b500000, 0x000000008b600000, 0x000000008b600000|100%| E|CS|TAMS 0x000000008b500000, 0x000000008b500000| Complete 
| 114|0x000000008b600000, 0x000000008b700000, 0x000000008b700000|100%| E|CS|TAMS 0x000000008b600000, 0x000000008b600000| Complete 
| 115|0x000000008b700000, 0x000000008b800000, 0x000000008b800000|100%| E|CS|TAMS 0x000000008b700000, 0x000000008b700000| Complete 
| 116|0x000000008b800000, 0x000000008b900000, 0x000000008b900000|100%| E|CS|TAMS 0x000000008b800000, 0x000000008b800000| Complete 
| 117|0x000000008b900000, 0x000000008ba00000, 0x000000008ba00000|100%| E|CS|TAMS 0x000000008b900000, 0x000000008b900000| Complete 
| 118|0x000000008ba00000, 0x000000008bb00000, 0x000000008bb00000|100%| E|CS|TAMS 0x000000008ba00000, 0x000000008ba00000| Complete 
| 119|0x000000008bb00000, 0x000000008bc00000, 0x000000008bc00000|100%| E|CS|TAMS 0x000000008bb00000, 0x000000008bb00000| Complete 
| 120|0x000000008bc00000, 0x000000008bd00000, 0x000000008bd00000|100%| E|CS|TAMS 0x000000008bc00000, 0x000000008bc00000| Complete 
| 121|0x000000008bd00000, 0x000000008be00000, 0x000000008be00000|100%| E|CS|TAMS 0x000000008bd00000, 0x000000008bd00000| Complete 
| 122|0x000000008be00000, 0x000000008bf00000, 0x000000008bf00000|100%| E|CS|TAMS 0x000000008be00000, 0x000000008be00000| Complete 
| 123|0x000000008bf00000, 0x000000008c000000, 0x000000008c000000|100%| E|CS|TAMS 0x000000008bf00000, 0x000000008bf00000| Complete 

Card table byte_map: [0x0000021e48380000,0x0000021e48760000] _byte_map_base: 0x0000021e47f5e000

Marking Bits (Prev, Next): (CMBitMap*) 0x0000021e2df2acf0, (CMBitMap*) 0x0000021e2df2ad30
 Prev Bits: [0x0000021e48b40000, 0x0000021e4aa30000)
 Next Bits: [0x0000021e4aa30000, 0x0000021e4c920000)

Polling page: 0x0000021e2df80000

Metaspace:

Usage:
  Non-class:     13.53 MB used.
      Class:      1.60 MB used.
       Both:     15.13 MB used.

Virtual space:
  Non-class space:       64.00 MB reserved,      13.69 MB ( 21%) committed,  1 nodes.
      Class space:        1.00 GB reserved,       1.75 MB ( <1%) committed,  1 nodes.
             Both:        1.06 GB reserved,      15.44 MB (  1%) committed. 

Chunk freelists:
   Non-Class:  2.01 MB
       Class:  14.24 MB
        Both:  16.25 MB

MaxMetaspaceSize: unlimited
CompressedClassSpaceSize: 1.00 GB
Initial GC threshold: 21.00 MB
Current GC threshold: 21.00 MB
CDS: on
MetaspaceReclaimPolicy: balanced
 - commit_granule_bytes: 65536.
 - commit_granule_words: 8192.
 - virtual_space_node_default_size: 8388608.
 - enlarge_chunks_in_place: 1.
 - new_chunks_are_fully_committed: 0.
 - uncommit_free_chunks: 1.
 - use_allocation_guard: 0.
 - handle_deallocations: 1.


Internal statistics:

num_allocs_failed_limit: 0.
num_arena_births: 266.
num_arena_deaths: 0.
num_vsnodes_births: 2.
num_vsnodes_deaths: 0.
num_space_committed: 247.
num_space_uncommitted: 0.
num_chunks_returned_to_freelist: 0.
num_chunks_taken_from_freelist: 740.
num_chunk_merges: 0.
num_chunk_splits: 493.
num_chunks_enlarged: 349.
num_inconsistent_stats: 0.

CodeHeap 'non-profiled nmethods': size=120000Kb used=1938Kb max_used=1938Kb free=118061Kb
 bounds [0x0000021e40010000, 0x0000021e40280000, 0x0000021e47540000]
CodeHeap 'profiled nmethods': size=120000Kb used=6754Kb max_used=6754Kb free=113245Kb
 bounds [0x0000021e38540000, 0x0000021e38be0000, 0x0000021e3fa70000]
CodeHeap 'non-nmethods': size=5760Kb used=1192Kb max_used=1244Kb free=4567Kb
 bounds [0x0000021e3fa70000, 0x0000021e3fce0000, 0x0000021e40010000]
 total_blobs=3711 nmethods=3233 adapters=390
 compilation: enabled
              stopped_count=0, restarted_count=0
 full_count=0

Compilation events (20 events):
Event: 2.217 Thread 0x0000021e4f3db5e0 3237       2       jdk.internal.misc.Unsafe::weakCompareAndSetReference (11 bytes)
Event: 2.218 Thread 0x0000021e4f3db5e0 nmethod 3237 0x0000021e38bd0190 code [0x0000021e38bd0320, 0x0000021e38bd0498]
Event: 2.218 Thread 0x0000021e4f3db5e0 3238       2       io.cucumber.core.internal.com.fasterxml.jackson.core.util.BufferRecycler::$jacocoInit (52 bytes)
Event: 2.219 Thread 0x0000021e4f3db5e0 nmethod 3238 0x0000021e38bd0510 code [0x0000021e38bd06e0, 0x0000021e38bd0c18]
Event: 2.219 Thread 0x0000021e4f3db5e0 3240 %     3       io.cucumber.core.internal.com.fasterxml.jackson.core.json.WriterBasedJsonGenerator::_writeString2 @ 51 (236 bytes)
Event: 2.220 Thread 0x0000021e4f3db5e0 nmethod 3240% 0x0000021e38bd0e10 code [0x0000021e38bd1040, 0x0000021e38bd1b28]
Event: 2.220 Thread 0x0000021e4f3db5e0 3241       3       io.cucumber.core.internal.com.fasterxml.jackson.core.JsonStreamContext::$jacocoInit (52 bytes)
Event: 2.220 Thread 0x0000021e4f3db5e0 nmethod 3241 0x0000021e38bd2110 code [0x0000021e38bd2320, 0x0000021e38bd2cb8]
Event: 2.220 Thread 0x0000021e4f3db5e0 3239       2       io.cucumber.core.internal.com.fasterxml.jackson.core.JsonGenerator$Feature::enabledIn (34 bytes)
Event: 2.220 Thread 0x0000021e4f3db5e0 nmethod 3239 0x0000021e38bd2e90 code [0x0000021e38bd3040, 0x0000021e38bd3208]
Event: 2.221 Thread 0x0000021e4f3db5e0 3242       2       io.cucumber.core.internal.com.fasterxml.jackson.core.JsonGenerator$Feature::getMask (14 bytes)
Event: 2.221 Thread 0x0000021e4f3db5e0 nmethod 3242 0x0000021e38bd3390 code [0x0000021e38bd3540, 0x0000021e38bd36a8]
Event: 2.221 Thread 0x0000021e4f3db5e0 3243       2       org.apache.maven.surefire.api.report.SimpleReportEntry::$jacocoInit (53 bytes)
Event: 2.222 Thread 0x0000021e4f3db5e0 nmethod 3243 0x0000021e38bd3790 code [0x0000021e38bd3960, 0x0000021e38bd3e98]
Event: 2.222 Thread 0x0000021e4f3db5e0 3244       2       java.util.Locale::hasExtensions (13 bytes)
Event: 2.222 Thread 0x0000021e4f3db5e0 nmethod 3244 0x0000021e38bd4090 code [0x0000021e38bd4220, 0x0000021e38bd4338]
Event: 2.222 Thread 0x0000021e4f3db5e0 3245       2       sun.util.locale.BaseLocale::equals (71 bytes)
Event: 2.222 Thread 0x0000021e4f3db5e0 nmethod 3245 0x0000021e38bd4410 code [0x0000021e38bd45c0, 0x0000021e38bd4818]
Event: 2.223 Thread 0x0000021e4f3db5e0 3246       2       io.cucumber.datatable.TypeFactory$ListType::hashCode (31 bytes)
Event: 2.223 Thread 0x0000021e4f3db5e0 nmethod 3246 0x0000021e38bd4910 code [0x0000021e38bd4ae0, 0x0000021e38bd4e98]

GC Heap History (8 events):
Event: 0.366 GC heap before
{Heap before GC invocations=0 (full 0):
 garbage-first heap   total 126976K, used 22528K [0x0000000084400000, 0x0000000100000000)
  region size 1024K, 23 young (23552K), 0 survivors (0K)
 Metaspace       used 3445K, committed 3584K, reserved 1114112K
  class space    used 320K, committed 384K, reserved 1048576K
}
Event: 0.370 GC heap after
{Heap after GC invocations=1 (full 0):
 garbage-first heap   total 126976K, used 2560K [0x0000000084400000, 0x0000000100000000)
  region size 1024K, 3 young (3072K), 3 survivors (3072K)
 Metaspace       used 3445K, committed 3584K, reserved 1114112K
  class space    used 320K, committed 384K, reserved 1048576K
}
Event: 0.799 GC heap before
{Heap before GC invocations=1 (full 0):
 garbage-first heap   total 126976K, used 36352K [0x0000000084400000, 0x0000000100000000)
  region size 1024K, 36 young (36864K), 3 survivors (3072K)
 Metaspace       used 6123K, committed 6272K, reserved 1114112K
  class space    used 634K, committed 704K, reserved 1048576K
}
Event: 0.807 GC heap after
{Heap after GC invocations=2 (full 0):
 garbage-first heap   total 126976K, used 5120K [0x0000000084400000, 0x0000000100000000)
  region size 1024K, 5 young (5120K), 5 survivors (5120K)
 Metaspace       used 6123K, committed 6272K, reserved 1114112K
  class space    used 634K, committed 704K, reserved 1048576K
}
Event: 1.234 GC heap before
{Heap before GC invocations=2 (full 0):
 garbage-first heap   total 126976K, used 66560K [0x0000000084400000, 0x0000000100000000)
  region size 1024K, 65 young (66560K), 5 survivors (5120K)
 Metaspace       used 8862K, committed 9024K, reserved 1114112K
  class space    used 885K, committed 960K, reserved 1048576K
}
Event: 1.241 GC heap after
{Heap after GC invocations=3 (full 0):
 garbage-first heap   total 126976K, used 5324K [0x0000000084400000, 0x0000000100000000)
  region size 1024K, 3 young (3072K), 3 survivors (3072K)
 Metaspace       used 8862K, committed 9024K, reserved 1114112K
  class space    used 885K, committed 960K, reserved 1048576K
}
Event: 1.592 GC heap before
{Heap before GC invocations=3 (full 0):
 garbage-first heap   total 126976K, used 78028K [0x0000000084400000, 0x0000000100000000)
  region size 1024K, 74 young (75776K), 3 survivors (3072K)
 Metaspace       used 11570K, committed 11840K, reserved 1114112K
  class space    used 1208K, committed 1344K, reserved 1048576K
}
Event: 1.596 GC heap after
{Heap after GC invocations=4 (full 0):
 garbage-first heap   total 126976K, used 5325K [0x0000000084400000, 0x0000000100000000)
  region size 1024K, 3 young (3072K), 3 survivors (3072K)
 Metaspace       used 11570K, committed 11840K, reserved 1114112K
  class space    used 1208K, committed 1344K, reserved 1048576K
}

Dll operation events (11 events):
Event: 0.007 Loaded shared library C:\Program Files\OpenLogic\jdk-17.0.10.7-hotspot\bin\java.dll
Event: 0.023 Loaded shared library C:\Program Files\OpenLogic\jdk-17.0.10.7-hotspot\bin\jsvml.dll
Event: 0.055 Loaded shared library C:\Program Files\OpenLogic\jdk-17.0.10.7-hotspot\bin\zip.dll
Event: 0.057 Loaded shared library C:\Program Files\OpenLogic\jdk-17.0.10.7-hotspot\bin\instrument.dll
Event: 0.060 Loaded shared library C:\Program Files\OpenLogic\jdk-17.0.10.7-hotspot\bin\net.dll
Event: 0.061 Loaded shared library C:\Program Files\OpenLogic\jdk-17.0.10.7-hotspot\bin\nio.dll
Event: 0.062 Loaded shared library C:\Program Files\OpenLogic\jdk-17.0.10.7-hotspot\bin\zip.dll
Event: 0.088 Loaded shared library C:\Program Files\OpenLogic\jdk-17.0.10.7-hotspot\bin\verify.dll
Event: 0.117 Loaded shared library C:\Program Files\OpenLogic\jdk-17.0.10.7-hotspot\bin\jimage.dll
Event: 0.252 Loaded shared library C:\Program Files\OpenLogic\jdk-17.0.10.7-hotspot\bin\management.dll
Event: 0.256 Loaded shared library C:\Program Files\OpenLogic\jdk-17.0.10.7-hotspot\bin\management_ext.dll

Deoptimization events (20 events):
Event: 2.048 Thread 0x0000021e2deced80 Uncommon trap: trap_request=0xffffff45 fr.pc=0x0000021e40167dcc relative=0x00000000000002ac
Event: 2.048 Thread 0x0000021e2deced80 Uncommon trap: reason=unstable_if action=reinterpret pc=0x0000021e40167dcc method=java.util.regex.Matcher.match(II)Z @ 76 c2
Event: 2.048 Thread 0x0000021e2deced80 DEOPT PACKING pc=0x0000021e40167dcc sp=0x000000b08d6fd750
Event: 2.048 Thread 0x0000021e2deced80 DEOPT UNPACKING pc=0x0000021e3faca1a3 sp=0x000000b08d6fd6d8 mode 2
Event: 2.056 Thread 0x0000021e2deced80 DEOPT PACKING pc=0x0000021e388dc1fe sp=0x000000b08d6fd520
Event: 2.056 Thread 0x0000021e2deced80 DEOPT UNPACKING pc=0x0000021e3facace3 sp=0x000000b08d6fc978 mode 0
Event: 2.105 Thread 0x0000021e2deced80 DEOPT PACKING pc=0x0000021e388dc1fe sp=0x000000b08d6fd360
Event: 2.105 Thread 0x0000021e2deced80 DEOPT UNPACKING pc=0x0000021e3facace3 sp=0x000000b08d6fc7b8 mode 0
Event: 2.128 Thread 0x0000021e2deced80 DEOPT PACKING pc=0x0000021e388dc1fe sp=0x000000b08d6fd3f0
Event: 2.128 Thread 0x0000021e2deced80 DEOPT UNPACKING pc=0x0000021e3facace3 sp=0x000000b08d6fc848 mode 0
Event: 2.145 Thread 0x0000021e2deced80 DEOPT PACKING pc=0x0000021e388dc1fe sp=0x000000b08d6fd360
Event: 2.145 Thread 0x0000021e2deced80 DEOPT UNPACKING pc=0x0000021e3facace3 sp=0x000000b08d6fc7b8 mode 0
Event: 2.150 Thread 0x0000021e2deced80 DEOPT PACKING pc=0x0000021e388dc1fe sp=0x000000b08d6fd290
Event: 2.150 Thread 0x0000021e2deced80 DEOPT UNPACKING pc=0x0000021e3facace3 sp=0x000000b08d6fc6e8 mode 0
Event: 2.158 Thread 0x0000021e2deced80 DEOPT PACKING pc=0x0000021e38a7ae4c sp=0x000000b08d6fd210
Event: 2.158 Thread 0x0000021e2deced80 DEOPT UNPACKING pc=0x0000021e3facace3 sp=0x000000b08d6fc680 mode 0
Event: 2.173 Thread 0x0000021e2deced80 DEOPT PACKING pc=0x0000021e388dc1fe sp=0x000000b08d6fd3f0
Event: 2.173 Thread 0x0000021e2deced80 DEOPT UNPACKING pc=0x0000021e3facace3 sp=0x000000b08d6fc848 mode 0
Event: 2.178 Thread 0x0000021e2deced80 DEOPT PACKING pc=0x0000021e388eb48e sp=0x000000b08d6fd680
Event: 2.178 Thread 0x0000021e2deced80 DEOPT UNPACKING pc=0x0000021e3facace3 sp=0x000000b08d6fcae8 mode 0

Classes unloaded (0 events):
No events

Classes redefined (0 events):
No events

Internal exceptions (20 events):
Event: 0.728 Thread 0x0000021e2deced80 Exception <a 'java/lang/NoSuchMethodError'{0x000000008a5fba18}: 'java.lang.Object java.lang.invoke.DirectMethodHandle$Holder.invokeSpecialIFC(java.lang.Object, java.lang.Object, java.lang.Object, java.lang.Object, java.lang.Object)'> (0x000000008a5fba18) 
thrown [s\src\hotspot\share\interpreter\linkResolver.cpp, line 759]
Event: 0.851 Thread 0x0000021e2deced80 Exception <a 'java/lang/NoSuchMethodError'{0x000000008bc88118}: 'java.lang.Object java.lang.invoke.DirectMethodHandle$Holder.invokeStaticInit(java.lang.Object, int, int, int, int)'> (0x000000008bc88118) 
thrown [s\src\hotspot\share\interpreter\linkResolver.cpp, line 759]
Event: 0.924 Thread 0x0000021e2deced80 Exception <a 'java/lang/NoSuchMethodError'{0x000000008bb10800}: 'java.lang.Object java.lang.invoke.DirectMethodHandle$Holder.invokeStaticInit(java.lang.Object, java.lang.Object, int, int, int, int)'> (0x000000008bb10800) 
thrown [s\src\hotspot\share\interpreter\linkResolver.cpp, line 759]
Event: 0.958 Thread 0x0000021e2deced80 Exception <a 'java/lang/NoSuchMethodError'{0x000000008ba5c9b8}: 'void java.lang.invoke.DirectMethodHandle$Holder.invokeSpecial(java.lang.Object, java.lang.Object, java.lang.Object)'> (0x000000008ba5c9b8) 
thrown [s\src\hotspot\share\interpreter\linkResolver.cpp, line 759]
Event: 1.532 Thread 0x0000021e2deced80 Exception <a 'java/lang/NoSuchMethodError'{0x0000000087a4c710}: 'void java.lang.invoke.DirectMethodHandle$Holder.invokeVirtual(java.lang.Object, java.lang.Object, java.lang.Object, java.lang.Object)'> (0x0000000087a4c710) 
thrown [s\src\hotspot\share\interpreter\linkResolver.cpp, line 759]
Event: 1.542 Thread 0x0000021e2deced80 Exception <a 'java/lang/NoSuchMethodError'{0x0000000087af8990}: 'java.lang.Object java.lang.invoke.DirectMethodHandle$Holder.invokeStatic(java.lang.Object, java.lang.Object, int)'> (0x0000000087af8990) 
thrown [s\src\hotspot\share\interpreter\linkResolver.cpp, line 759]
Event: 1.543 Thread 0x0000021e2deced80 Exception <a 'java/lang/NoSuchMethodError'{0x0000000087904e20}: 'void java.lang.invoke.DelegatingMethodHandle$Holder.delegate(java.lang.Object, java.lang.Object, int, java.lang.Object)'> (0x0000000087904e20) 
thrown [s\src\hotspot\share\interpreter\linkResolver.cpp, line 759]
Event: 1.581 Thread 0x0000021e2deced80 Exception <a 'java/lang/NoSuchMethodError'{0x0000000087632808}: 'void java.lang.invoke.DirectMethodHandle$Holder.invokeVirtual(java.lang.Object, java.lang.Object)'> (0x0000000087632808) 
thrown [s\src\hotspot\share\interpreter\linkResolver.cpp, line 759]
Event: 1.615 Thread 0x0000021e2deced80 Exception <a 'java/lang/NoSuchMethodError'{0x000000008bdfd110}: 'void java.lang.invoke.DirectMethodHandle$Holder.invokeSpecial(java.lang.Object, java.lang.Object, java.lang.Object, java.lang.Object, java.lang.Object)'> (0x000000008bdfd110) 
thrown [s\src\hotspot\share\interpreter\linkResolver.cpp, line 759]
Event: 1.764 Thread 0x0000021e2deced80 Exception <a 'java/lang/NoSuchMethodError'{0x000000008a757f68}: 'int java.lang.invoke.DirectMethodHandle$Holder.invokeVirtual(java.lang.Object, java.lang.Object)'> (0x000000008a757f68) 
thrown [s\src\hotspot\share\interpreter\linkResolver.cpp, line 759]
Event: 1.769 Thread 0x0000021e2deced80 Exception <a 'java/lang/IncompatibleClassChangeError'{0x000000008a7c2ac0}: Found class java.lang.Object, but interface was expected> (0x000000008a7c2ac0) 
thrown [s\src\hotspot\share\interpreter\linkResolver.cpp, line 826]
Event: 1.777 Thread 0x0000021e2deced80 Exception <a 'sun/nio/fs/WindowsException'{0x000000008a665898}> (0x000000008a665898) 
thrown [s\src\hotspot\share\prims\jni.cpp, line 516]
Event: 1.784 Thread 0x0000021e2deced80 Exception <a 'sun/nio/fs/WindowsException'{0x000000008a536940}> (0x000000008a536940) 
thrown [s\src\hotspot\share\prims\jni.cpp, line 516]
Event: 1.991 Thread 0x0000021e2deced80 Exception <a 'java/lang/NoSuchMethodError'{0x0000000089194ce0}: 'java.lang.Object java.lang.invoke.DirectMethodHandle$Holder.invokeStaticInit(java.lang.Object, java.lang.Object, java.lang.Object, int)'> (0x0000000089194ce0) 
thrown [s\src\hotspot\share\interpreter\linkResolver.cpp, line 759]
Event: 1.992 Thread 0x0000021e2deced80 Exception <a 'java/lang/NoSuchMethodError'{0x00000000891bd048}: 'java.lang.Object java.lang.invoke.DirectMethodHandle$Holder.invokeStatic(java.lang.Object, java.lang.Object, java.lang.Object, java.lang.Object, java.lang.Object, java.lang.Object, java.lang.Object, int)'> (0x00000000891bd048) 
thrown [s\src\hotspot\share\interpreter\linkResolver.cpp, line 759]
Event: 1.993 Thread 0x0000021e2deced80 Exception <a 'java/lang/NoSuchMethodError'{0x00000000891c1bc0}: 'java.lang.Object java.lang.invoke.DirectMethodHandle$Holder.invokeStaticInit(java.lang.Object, java.lang.Object, java.lang.Object, java.lang.Object, java.lang.Object, java.lang.Object, java.lang.Object, int)'> (0x00000000891c1bc0) 
thrown [s\src\hotspot\share\interpreter\linkResolver.cpp, line 759]
Event: 2.004 Thread 0x0000021e2deced80 Exception <a 'java/lang/NoSuchMethodError'{0x00000000890e7a38}: 'java.lang.Object java.lang.invoke.DirectMethodHandle$Holder.invokeSpecial(java.lang.Object, java.lang.Object, java.lang.Object, int, java.lang.Object)'> (0x00000000890e7a38) 
thrown [s\src\hotspot\share\interpreter\linkResolver.cpp, line 759]
Event: 2.005 Thread 0x0000021e2deced80 Exception <a 'java/lang/NoSuchMethodError'{0x00000000890ef1d8}: 'java.lang.Object java.lang.invoke.DirectMethodHandle$Holder.newInvokeSpecial(java.lang.Object, java.lang.Object, java.lang.Object, int)'> (0x00000000890ef1d8) 
thrown [s\src\hotspot\share\interpreter\linkResolver.cpp, line 759]
Event: 2.005 Thread 0x0000021e2deced80 Exception <a 'java/lang/NoSuchMethodError'{0x00000000890f33d8}: 'java.lang.Object java.lang.invoke.DirectMethodHandle$Holder.invokeSpecial(java.lang.Object, java.lang.Object, java.lang.Object, java.lang.Object, int)'> (0x00000000890f33d8) 
thrown [s\src\hotspot\share\interpreter\linkResolver.cpp, line 759]
Event: 2.005 Thread 0x0000021e2deced80 Exception <a 'java/lang/NoSuchMethodError'{0x00000000890f6fa0}: 'java.lang.Object java.lang.invoke.Invokers$Holder.linkToTargetMethod(java.lang.Object, java.lang.Object, int, java.lang.Object)'> (0x00000000890f6fa0) 
thrown [s\src\hotspot\share\interpreter\linkResolver.cpp, line 759]

VM Operations (20 events):
Event: 0.678 Executing VM operation: HandshakeAllThreads
Event: 0.679 Executing VM operation: HandshakeAllThreads done
Event: 0.799 Executing VM operation: G1CollectForAllocation
Event: 0.807 Executing VM operation: G1CollectForAllocation done
Event: 0.842 Executing VM operation: HandshakeAllThreads
Event: 0.842 Executing VM operation: HandshakeAllThreads done
Event: 1.234 Executing VM operation: G1CollectForAllocation
Event: 1.241 Executing VM operation: G1CollectForAllocation done
Event: 1.592 Executing VM operation: G1CollectForAllocation
Event: 1.596 Executing VM operation: G1CollectForAllocation done
Event: 1.633 Executing VM operation: HandshakeAllThreads
Event: 1.634 Executing VM operation: HandshakeAllThreads done
Event: 1.638 Executing VM operation: HandshakeAllThreads
Event: 1.639 Executing VM operation: HandshakeAllThreads done
Event: 1.847 Executing VM operation: HandshakeAllThreads
Event: 1.847 Executing VM operation: HandshakeAllThreads done
Event: 1.888 Executing VM operation: ICBufferFull
Event: 1.888 Executing VM operation: ICBufferFull done
Event: 2.191 Executing VM operation: ICBufferFull
Event: 2.191 Executing VM operation: ICBufferFull done

Events (20 events):
Event: 1.997 loading class java/util/Spliterators$2Adapter
Event: 1.997 loading class java/util/PrimitiveIterator$OfInt
Event: 1.997 loading class java/util/PrimitiveIterator
Event: 1.997 loading class java/util/PrimitiveIterator done
Event: 1.997 loading class java/util/PrimitiveIterator$OfInt done
Event: 1.997 loading class java/util/Spliterators$2Adapter done
Event: 2.002 loading class jdk/internal/misc/ScopedMemoryAccess$Scope
Event: 2.002 loading class jdk/internal/misc/ScopedMemoryAccess$Scope done
Event: 2.009 loading class java/text/MessageFormat
Event: 2.009 loading class java/text/MessageFormat done
Event: 2.010 loading class java/util/regex/Pattern$1
Event: 2.010 loading class java/util/regex/Pattern$1 done
Event: 2.010 loading class java/text/MessageFormat$Field
Event: 2.010 loading class java/text/MessageFormat$Field done
Event: 2.048 loading class java/util/stream/Streams$RangeIntSpliterator
Event: 2.049 loading class java/util/stream/Streams$RangeIntSpliterator done
Event: 2.049 loading class java/util/Tripwire
Event: 2.049 loading class java/util/Tripwire done
Event: 2.081 loading class java/time/Instant$1
Event: 2.081 loading class java/time/Instant$1 done


Dynamic libraries:
0x00007ff642830000 - 0x00007ff64283e000 	C:\Program Files\OpenLogic\jdk-17.0.10.7-hotspot\bin\java.exe
0x00007ffa61e50000 - 0x00007ffa62067000 	C:\WINDOWS\SYSTEM32\ntdll.dll
0x00007ffa61570000 - 0x00007ffa61634000 	C:\WINDOWS\System32\KERNEL32.DLL
0x00007ffa5f3e0000 - 0x00007ffa5f79a000 	C:\WINDOWS\System32\KERNELBASE.dll
0x00007ffa5fa30000 - 0x00007ffa5fb41000 	C:\WINDOWS\System32\ucrtbase.dll
0x00007ffa10110000 - 0x00007ffa1012b000 	C:\Program Files\OpenLogic\jdk-17.0.10.7-hotspot\bin\VCRUNTIME140.dll
0x00007ffa0fbf0000 - 0x00007ffa0fc07000 	C:\Program Files\OpenLogic\jdk-17.0.10.7-hotspot\bin\jli.dll
0x00007ffa601a0000 - 0x00007ffa6034e000 	C:\WINDOWS\System32\USER32.dll
0x00007ffa5f1e0000 - 0x00007ffa5f206000 	C:\WINDOWS\System32\win32u.dll
0x00007ffa39370000 - 0x00007ffa39602000 	C:\WINDOWS\WinSxS\amd64_microsoft.windows.common-controls_6595b64144ccf1df_6.0.22621.4541_none_2710d1c57384c085\COMCTL32.dll
0x00007ffa610a0000 - 0x00007ffa610c9000 	C:\WINDOWS\System32\GDI32.dll
0x00007ffa61460000 - 0x00007ffa61507000 	C:\WINDOWS\System32\msvcrt.dll
0x00007ffa5f210000 - 0x00007ffa5f32b000 	C:\WINDOWS\System32\gdi32full.dll
0x00007ffa5f7a0000 - 0x00007ffa5f83a000 	C:\WINDOWS\System32\msvcp_win.dll
0x00007ffa61dd0000 - 0x00007ffa61e01000 	C:\WINDOWS\System32\IMM32.DLL
0x00007ffa35540000 - 0x00007ffa3554c000 	C:\Program Files\OpenLogic\jdk-17.0.10.7-hotspot\bin\vcruntime140_1.dll
0x00007ff9e9590000 - 0x00007ff9e961d000 	C:\Program Files\OpenLogic\jdk-17.0.10.7-hotspot\bin\msvcp140.dll
0x00007ff9e5800000 - 0x00007ff9e6462000 	C:\Program Files\OpenLogic\jdk-17.0.10.7-hotspot\bin\server\jvm.dll
0x00007ffa61900000 - 0x00007ffa619b2000 	C:\WINDOWS\System32\ADVAPI32.dll
0x00007ffa61850000 - 0x00007ffa618f7000 	C:\WINDOWS\System32\sechost.dll
0x00007ffa5f3b0000 - 0x00007ffa5f3d8000 	C:\WINDOWS\System32\bcrypt.dll
0x00007ffa610d0000 - 0x00007ffa611e4000 	C:\WINDOWS\System32\RPCRT4.dll
0x00007ffa5df70000 - 0x00007ffa5dfbd000 	C:\WINDOWS\SYSTEM32\POWRPROF.dll
0x00007ffa55190000 - 0x00007ffa551c4000 	C:\WINDOWS\SYSTEM32\WINMM.dll
0x00007ffa582d0000 - 0x00007ffa582d9000 	C:\WINDOWS\SYSTEM32\WSOCK32.dll
0x00007ffa54ea0000 - 0x00007ffa54eaa000 	C:\WINDOWS\SYSTEM32\VERSION.dll
0x00007ffa60390000 - 0x00007ffa60401000 	C:\WINDOWS\System32\WS2_32.dll
0x00007ffa5df50000 - 0x00007ffa5df63000 	C:\WINDOWS\SYSTEM32\UMPDC.dll
0x00007ffa5e210000 - 0x00007ffa5e228000 	C:\WINDOWS\SYSTEM32\kernel.appcore.dll
0x00007ffa337e0000 - 0x00007ffa337ea000 	C:\Program Files\OpenLogic\jdk-17.0.10.7-hotspot\bin\jimage.dll
0x00007ffa5c920000 - 0x00007ffa5cb52000 	C:\WINDOWS\SYSTEM32\DBGHELP.DLL
0x00007ffa60410000 - 0x00007ffa6079f000 	C:\WINDOWS\System32\combase.dll
0x00007ffa61cf0000 - 0x00007ffa61dc7000 	C:\WINDOWS\System32\OLEAUT32.dll
0x00007ffa329e0000 - 0x00007ffa32a12000 	C:\WINDOWS\SYSTEM32\dbgcore.DLL
0x00007ffa5f330000 - 0x00007ffa5f3ab000 	C:\WINDOWS\System32\bcryptPrimitives.dll
0x00007ffa33650000 - 0x00007ffa3365e000 	C:\Program Files\OpenLogic\jdk-17.0.10.7-hotspot\bin\instrument.dll
0x00007ffa0bef0000 - 0x00007ffa0bf15000 	C:\Program Files\OpenLogic\jdk-17.0.10.7-hotspot\bin\java.dll
0x00007ff9e9450000 - 0x00007ff9e9526000 	C:\Program Files\OpenLogic\jdk-17.0.10.7-hotspot\bin\jsvml.dll
0x00007ffa60820000 - 0x00007ffa61098000 	C:\WINDOWS\System32\SHELL32.dll
0x00007ffa5d020000 - 0x00007ffa5d928000 	C:\WINDOWS\SYSTEM32\windows.storage.dll
0x00007ffa5cee0000 - 0x00007ffa5d01f000 	C:\WINDOWS\SYSTEM32\wintypes.dll
0x00007ffa5fb70000 - 0x00007ffa5fc6a000 	C:\WINDOWS\System32\SHCORE.dll
0x00007ffa61510000 - 0x00007ffa6156e000 	C:\WINDOWS\System32\shlwapi.dll
0x00007ffa5f050000 - 0x00007ffa5f07b000 	C:\WINDOWS\SYSTEM32\profapi.dll
0x00007ffa0f200000 - 0x00007ffa0f218000 	C:\Program Files\OpenLogic\jdk-17.0.10.7-hotspot\bin\zip.dll
0x00007ffa0e5a0000 - 0x00007ffa0e5b9000 	C:\Program Files\OpenLogic\jdk-17.0.10.7-hotspot\bin\net.dll
0x00007ffa56810000 - 0x00007ffa56946000 	C:\WINDOWS\SYSTEM32\WINHTTP.dll
0x00007ffa5e680000 - 0x00007ffa5e6e9000 	C:\WINDOWS\system32\mswsock.dll
0x00007ffa0e0c0000 - 0x00007ffa0e0d6000 	C:\Program Files\OpenLogic\jdk-17.0.10.7-hotspot\bin\nio.dll
0x00007ffa33180000 - 0x00007ffa33190000 	C:\Program Files\OpenLogic\jdk-17.0.10.7-hotspot\bin\verify.dll
0x00007ffa55fa0000 - 0x00007ffa55fb7000 	C:\WINDOWS\system32\napinsp.dll
0x00007ffa549d0000 - 0x00007ffa549eb000 	C:\WINDOWS\system32\pnrpnsp.dll
0x00007ffa5dc70000 - 0x00007ffa5dd72000 	C:\WINDOWS\SYSTEM32\DNSAPI.dll
0x00007ffa5dc40000 - 0x00007ffa5dc6d000 	C:\WINDOWS\SYSTEM32\IPHLPAPI.DLL
0x00007ffa60350000 - 0x00007ffa60359000 	C:\WINDOWS\System32\NSI.dll
0x00007ffa473f0000 - 0x00007ffa47401000 	C:\WINDOWS\System32\winrnr.dll
0x00007ffa553e0000 - 0x00007ffa553f5000 	C:\WINDOWS\system32\wshbth.dll
0x00007ff9dc910000 - 0x00007ff9dc937000 	C:\WINDOWS\system32\nlansp_c.dll
0x00007ffa56650000 - 0x00007ffa5665a000 	C:\Windows\System32\rasadhlp.dll
0x00007ffa55750000 - 0x00007ffa557d3000 	C:\WINDOWS\System32\fwpuclnt.dll
0x00007ffa37e10000 - 0x00007ffa37e19000 	C:\Program Files\OpenLogic\jdk-17.0.10.7-hotspot\bin\management.dll
0x00007ffa37af0000 - 0x00007ffa37afb000 	C:\Program Files\OpenLogic\jdk-17.0.10.7-hotspot\bin\management_ext.dll
0x00007ffa60380000 - 0x00007ffa60388000 	C:\WINDOWS\System32\PSAPI.DLL
0x00007ffa5e9d0000 - 0x00007ffa5e9eb000 	C:\WINDOWS\SYSTEM32\CRYPTSP.dll
0x00007ffa5e170000 - 0x00007ffa5e1a5000 	C:\WINDOWS\system32\rsaenh.dll
0x00007ffa5e720000 - 0x00007ffa5e748000 	C:\WINDOWS\SYSTEM32\USERENV.dll
0x00007ffa5e9b0000 - 0x00007ffa5e9bc000 	C:\WINDOWS\SYSTEM32\CRYPTBASE.dll
0x00007ffa567f0000 - 0x00007ffa56809000 	C:\WINDOWS\SYSTEM32\dhcpcsvc6.DLL
0x00007ffa567d0000 - 0x00007ffa567ef000 	C:\WINDOWS\SYSTEM32\dhcpcsvc.DLL

dbghelp: loaded successfully - version: 4.0.5 - missing functions: none
symbol engine: initialized successfully - sym options: 0x614 - pdb path: .;C:\Program Files\OpenLogic\jdk-17.0.10.7-hotspot\bin;C:\WINDOWS\SYSTEM32;C:\WINDOWS\WinSxS\amd64_microsoft.windows.common-controls_6595b64144ccf1df_6.0.22621.4541_none_2710d1c57384c085;C:\Program Files\OpenLogic\jdk-17.0.10.7-hotspot\bin\server

VM Arguments:
jvm_args: -javaagent:C:\\Users\\dell\\.m2\\repository\\org\\jacoco\\org.jacoco.agent\\0.8.10\\org.jacoco.agent-0.8.10-runtime.jar=destfile=C:\\Users\\dell\\OneDrive\\Desktop\\software\\Fitness-Project-SE-course\\target\\jacoco.exec 
java_command: C:\Users\dell\AppData\Local\Temp\surefire10564377220698176778\surefirebooter-20241230103944032_3.jar C:\Users\dell\AppData\Local\Temp\surefire10564377220698176778 2024-12-30T10-39-43_840-jvmRun1 surefire-20241230103944032_1tmp surefire_0-20241230103944032_2tmp
java_class_path (initial): C:\Users\dell\AppData\Local\Temp\surefire10564377220698176778\surefirebooter-20241230103944032_3.jar
Launcher Type: SUN_STANDARD

[Global flags]
     intx CICompilerCount                          = 4                                         {product} {ergonomic}
     uint ConcGCThreads                            = 2                                         {product} {ergonomic}
     uint G1ConcRefinementThreads                  = 8                                         {product} {ergonomic}
   size_t G1HeapRegionSize                         = 1048576                                   {product} {ergonomic}
    uintx GCDrainStackTargetSize                   = 64                                        {product} {ergonomic}
   size_t InitialHeapSize                          = 130023424                                 {product} {ergonomic}
   size_t MarkStackSize                            = 4194304                                   {product} {ergonomic}
   size_t MaxHeapSize                              = 2076180480                                {product} {ergonomic}
   size_t MaxNewSize                               = 1245708288                                {product} {ergonomic}
   size_t MinHeapDeltaBytes                        = 1048576                                   {product} {ergonomic}
   size_t MinHeapSize                              = 8388608                                   {product} {ergonomic}
    uintx NonNMethodCodeHeapSize                   = 5839372                                {pd product} {ergonomic}
    uintx NonProfiledCodeHeapSize                  = 122909434                              {pd product} {ergonomic}
    uintx ProfiledCodeHeapSize                     = 122909434                              {pd product} {ergonomic}
    uintx ReservedCodeCacheSize                    = 251658240                              {pd product} {ergonomic}
     bool SegmentedCodeCache                       = true                                      {product} {ergonomic}
   size_t SoftMaxHeapSize                          = 2076180480                             {manageable} {ergonomic}
     bool UseCompressedClassPointers               = true                           {product lp64_product} {ergonomic}
     bool UseCompressedOops                        = true                           {product lp64_product} {ergonomic}
     bool UseG1GC                                  = true                                      {product} {ergonomic}
     bool UseLargePagesIndividualAllocation        = false                                  {pd product} {ergonomic}

Logging:
Log output configuration:
 #0: stdout all=warning uptime,level,tags
 #1: stderr all=off uptime,level,tags

Environment Variables:
JAVA_HOME=C:\Program Files\OpenLogic\jdk-17.0.10.7-hotspot\
PATH=C:\Program Files\Volta\;C:\Program Files\OpenLogic\jdk-17.0.10.7-hotspot\bin;C:\Program Files\Common Files\Oracle\Java\javapath;C:\WINDOWS\system32;C:\WINDOWS;C:\WINDOWS\System32\Wbem;C:\WINDOWS\System32\WindowsPowerShell\v1.0\;C:\WINDOWS\System32\OpenSSH\;C:\Program Files\dotnet\;C:\MinGW\bin;C:\Program Files\Git\cmd;C:\Users\dell\AppData\Local\Android\Sdk\platform-tools;C:\Users\dell\AppData\Local\Android\Sdk;C:\ProgramData\chocolatey\bin;C:\Program Files\nodejs\;C:\opencv\build\x64\vc16\bin;C:\Program Files\MongoDB\mongosh-2.3.1-win32-x64\mongosh-2.3.1-win32-x64\bin;C:\ProgramData\chocolatey\lib\maven\apache-maven-3.9.9\bin;;C:\Program Files (x86)\Microchip\xc8\v1.37\bin;C:\Program Files (x86)\Microchip\xc8\v1.45\bin;C:\Users\dell\AppData\Local\Volta\bin;C:\Users\dell\AppData\Local\Android\Sdk;C:\Users\dell\AppData\Local\Android\Sdk\tools;C:\Users\dell\AppData\Local\Android\Sdk\platform-tools;C:\Users\dell\AppData\Local\Microsoft\WindowsApps;C:\Microsoft VS Code\bin;C:\Users\dell\AppData\Local\Android\Sdk\platform-tools;C:\Users\dell\AppData\Local\Android\Sdk\tools\bin;C:\Users\dell\AppData\Local\Android\Sdk\emulator;C:\Users\dell\AppData\Roaming\npm;C:\Program Files\OpenLogic\jdk-17.0.10.7-hotspot\bin;
USERNAME=dell
LANG=en_US.UTF-8
OS=Windows_NT
PROCESSOR_IDENTIFIER=Intel64 Family 6 Model 140 Stepping 1, GenuineIntel
TMP=C:\Users\dell\AppData\Local\Temp
TEMP=C:\Users\dell\AppData\Local\Temp



Periodic native trim disabled


---------------  S Y S T E M  ---------------

OS:
 Windows 11 , 64 bit Build 22621 (10.0.22621.4391)
OS uptime: 1 days 20:22 hours
Hyper-V role detected

CPU: total 8 (initial active 8) (4 cores per cpu, 2 threads per core) family 6 model 140 stepping 1 microcode 0xb8, cx8, cmov, fxsr, ht, mmx, 3dnowpref, sse, sse2, sse3, ssse3, sse4.1, sse4.2, popcnt, lzcnt, tsc, tscinvbit, avx, avx2, aes, erms, clmul, bmi1, bmi2, adx, avx512f, avx512dq, avx512cd, avx512bw, avx512vl, sha, fma, vzeroupper, avx512_vpopcntdq, avx512_vpclmulqdq, avx512_vaes, avx512_vnni, clflush, clflushopt, clwb, avx512_vbmi2, avx512_vbmi, hv
Processor Information for all 8 processors :
  Max Mhz: 2419, Current Mhz: 2419, Mhz Limit: 2419

Memory: 4k page, system-wide physical 7918M (685M free)
TotalPageFile size 9966M (AvailPageFile size 7M)
current process WorkingSet (physical memory assigned to process): 209M, peak: 216M
current process commit charge ("private bytes"): 296M, peak: 302M

vm_info: OpenJDK 64-Bit Server VM (17.0.10+7-adhoc..jdk17u) for windows-amd64 JRE (17.0.10+7-adhoc..jdk17u), built on Jan 24 2024 08:51:31 by "" with MS VC++ 16.10 / 16.11 (VS2019)

END.
