#
# There is insufficient memory for the Java Runtime Environment to continue.
# Native memory allocation (malloc) failed to allocate 536080 bytes for Chunk::new
# Possible reasons:
#   The system is out of physical RAM or swap space
#   The process is running with CompressedOops enabled, and the Java Heap may be blocking the growth of the native heap
# Possible solutions:
#   Reduce memory load on the system
#   Increase physical memory or swap space
#   Check if swap backing store is full
#   Decrease Java heap size (-Xmx/-Xms)
#   Decrease number of Java threads
#   Decrease Java thread stack sizes (-Xss)
#   Set larger code cache with -XX:ReservedCodeCacheSize=
#   JVM is running with Unscaled Compressed Oops mode in which the Java heap is
#     placed in the first 4GB address space. The Java Heap base address is the
#     maximum limit for the native heap growth. Please use -XX:HeapBaseMinAddress
#     to set the Java Heap base and to place the Java Heap above 4GB virtual address.
# This output file may be truncated or incomplete.
#
#  Out of Memory Error (arena.cpp:191), pid=10284, tid=10180
#
# JRE version: OpenJDK Runtime Environment OpenLogic-OpenJDK (17.0.10+7) (build 17.0.10+7-adhoc..jdk17u)
# Java VM: OpenJDK 64-Bit Server VM OpenLogic-OpenJDK (17.0.10+7-adhoc..jdk17u, mixed mode, sharing, tiered, compressed oops, compressed class ptrs, parallel gc, windows-amd64)
# No core dump will be written. Minidumps are not enabled by default on client versions of Windows
#

---------------  S U M M A R Y ------------

Command Line: --add-modules=ALL-SYSTEM --add-opens=java.base/java.util=ALL-UNNAMED --add-opens=java.base/java.lang=ALL-UNNAMED --add-opens=java.base/sun.nio.fs=ALL-UNNAMED -Declipse.application=org.eclipse.jdt.ls.core.id1 -Dosgi.bundles.defaultStartLevel=4 -Declipse.product=org.eclipse.jdt.ls.core.product -Djava.import.generatesMetadataFilesAtProjectRoot=false -DDetectVMInstallationsJob.disabled=true -Dfile.encoding=utf8 -XX:+UseParallelGC -XX:GCTimeRatio=4 -XX:AdaptiveSizePolicyWeight=90 -Dsun.zip.disableMemoryMapping=true -Xmx1G -Xms100m -Xlog:disable -javaagent:c:\Users\dell\.vscode\extensions\redhat.java-1.38.0-win32-x64\lombok\lombok-1.18.34.jar -XX:+HeapDumpOnOutOfMemoryError -XX:HeapDumpPath=c:\Users\dell\AppData\Roaming\Code\User\workspaceStorage\c3b23556509b50684c3c1f206e28cbb8\redhat.java -Daether.dependencyCollector.impl=bf c:\Users\dell\.vscode\extensions\redhat.java-1.38.0-win32-x64\server\plugins\org.eclipse.equinox.launcher_1.6.900.v20240613-2009.jar -configuration c:\Users\dell\AppData\Roaming\Code\User\globalStorage\redhat.java\1.38.0\config_win -data c:\Users\dell\AppData\Roaming\Code\User\workspaceStorage\c3b23556509b50684c3c1f206e28cbb8\redhat.java\jdt_ws --pipe=\\.\pipe\lsp-07e12e5e266b48e89bf9e5b1850d4ebc-sock

Host: 11th Gen Intel(R) Core(TM) i5-1135G7 @ 2.40GHz, 8 cores, 7G,  Windows 11 , 64 bit Build 22621 (10.0.22621.4391)
Time: Fri Dec 20 12:49:49 2024 West Bank Gaza Standard Time elapsed time: 9.080765 seconds (0d 0h 0m 9s)

---------------  T H R E A D  ---------------

Current thread (0x000001f272336060):  JavaThread "C2 CompilerThread0" daemon [_thread_in_native, id=10180, stack(0x0000006bba200000,0x0000006bba300000)]


Current CompileTask:
C2:   9080 6035   !   4       org.eclipse.osgi.internal.loader.classpath.ClasspathManager::defineClass (636 bytes)

Stack: [0x0000006bba200000,0x0000006bba300000]
Native frames: (J=compiled Java code, j=interpreted, Vv=VM code, C=native code)
V  [jvm.dll+0x67d6e9]
V  [jvm.dll+0x834dca]
V  [jvm.dll+0x83688e]
V  [jvm.dll+0x836ef3]
V  [jvm.dll+0x247bdf]
V  [jvm.dll+0xac514]
V  [jvm.dll+0xacb5c]
V  [jvm.dll+0x11f147]
V  [jvm.dll+0x60f745]
V  [jvm.dll+0x60de04]
V  [jvm.dll+0x21a118]
V  [jvm.dll+0x2196c1]
V  [jvm.dll+0x1a512d]
V  [jvm.dll+0x22949e]
V  [jvm.dll+0x22766c]
V  [jvm.dll+0x7e9ea7]
V  [jvm.dll+0x7e42aa]
V  [jvm.dll+0x67c5d5]
C  [ucrtbase.dll+0x29333]
C  [KERNEL32.DLL+0x1259d]
C  [ntdll.dll+0x5af38]


---------------  P R O C E S S  ---------------

Threads class SMR info:
_java_thread_list=0x000001f278d7a350, length=51, elements={
0x000001f2564f0b70, 0x000001f25658c000, 0x000001f25658e4d0, 0x000001f27056b300,
0x000001f27056bec0, 0x000001f27056d220, 0x000001f27056e480, 0x000001f272336060,
0x000001f27233a980, 0x000001f27234c2e0, 0x000001f256555e70, 0x000001f2725ffc80,
0x000001f27715a8b0, 0x000001f277700520, 0x000001f277281dd0, 0x000001f277283220,
0x000001f277968e90, 0x000001f27796a7e0, 0x000001f277969dc0, 0x000001f2779698b0,
0x000001f277750740, 0x000001f27774edf0, 0x000001f277751b80, 0x000001f27774f300,
0x000001f277a69d30, 0x000001f27774f810, 0x000001f277752090, 0x000001f277752ab0,
0x000001f27774fd20, 0x000001f27774d9b0, 0x000001f277751160, 0x000001f277752fc0,
0x000001f277750230, 0x000001f27774ca80, 0x000001f27774dec0, 0x000001f2777534d0,
0x000001f2777525a0, 0x000001f27774cf90, 0x000001f277750c50, 0x000001f27774e3d0,
0x000001f27774d4a0, 0x000001f27774c060, 0x000001f2777539e0, 0x000001f27774c570,
0x000001f277751670, 0x000001f27a00f7f0, 0x000001f27a00b110, 0x000001f27a009cd0,
0x000001f27a00bb30, 0x000001f27a00a6f0, 0x000001f2773b5c10
}

Java Threads: ( => current thread )
  0x000001f2564f0b70 JavaThread "main" [_thread_blocked, id=16080, stack(0x0000006bb9900000,0x0000006bb9a00000)]
  0x000001f25658c000 JavaThread "Reference Handler" daemon [_thread_blocked, id=15160, stack(0x0000006bb9c00000,0x0000006bb9d00000)]
  0x000001f25658e4d0 JavaThread "Finalizer" daemon [_thread_blocked, id=3268, stack(0x0000006bb9d00000,0x0000006bb9e00000)]
  0x000001f27056b300 JavaThread "Signal Dispatcher" daemon [_thread_blocked, id=19296, stack(0x0000006bb9e00000,0x0000006bb9f00000)]
  0x000001f27056bec0 JavaThread "Attach Listener" daemon [_thread_blocked, id=10808, stack(0x0000006bb9f00000,0x0000006bba000000)]
  0x000001f27056d220 JavaThread "Service Thread" daemon [_thread_blocked, id=3908, stack(0x0000006bba000000,0x0000006bba100000)]
  0x000001f27056e480 JavaThread "Monitor Deflation Thread" daemon [_thread_blocked, id=13816, stack(0x0000006bba100000,0x0000006bba200000)]
=>0x000001f272336060 JavaThread "C2 CompilerThread0" daemon [_thread_in_native, id=10180, stack(0x0000006bba200000,0x0000006bba300000)]
  0x000001f27233a980 JavaThread "C1 CompilerThread0" daemon [_thread_blocked, id=19396, stack(0x0000006bba300000,0x0000006bba400000)]
  0x000001f27234c2e0 JavaThread "Sweeper thread" daemon [_thread_blocked, id=8220, stack(0x0000006bba400000,0x0000006bba500000)]
  0x000001f256555e70 JavaThread "Common-Cleaner" daemon [_thread_blocked, id=7880, stack(0x0000006bba500000,0x0000006bba600000)]
  0x000001f2725ffc80 JavaThread "Notification Thread" daemon [_thread_blocked, id=17960, stack(0x0000006bba700000,0x0000006bba800000)]
  0x000001f27715a8b0 JavaThread "Active Thread: Equinox Container: 9e9abd4a-bc8c-40b7-8a20-424f4a9ba199" [_thread_blocked, id=16344, stack(0x0000006bbb000000,0x0000006bbb100000)]
  0x000001f277700520 JavaThread "Refresh Thread: Equinox Container: 9e9abd4a-bc8c-40b7-8a20-424f4a9ba199" daemon [_thread_blocked, id=13572, stack(0x0000006bbb100000,0x0000006bbb200000)]
  0x000001f277281dd0 JavaThread "Framework Event Dispatcher: Equinox Container: 9e9abd4a-bc8c-40b7-8a20-424f4a9ba199" daemon [_thread_blocked, id=11724, stack(0x0000006bbb200000,0x0000006bbb300000)]
  0x000001f277283220 JavaThread "Start Level: Equinox Container: 9e9abd4a-bc8c-40b7-8a20-424f4a9ba199" daemon [_thread_blocked, id=10560, stack(0x0000006bbb300000,0x0000006bbb400000)]
  0x000001f277968e90 JavaThread "Bundle File Closer" daemon [_thread_blocked, id=12984, stack(0x0000006bbb500000,0x0000006bbb600000)]
  0x000001f27796a7e0 JavaThread "SCR Component Actor" daemon [_thread_blocked, id=18424, stack(0x0000006bbb600000,0x0000006bbb700000)]
  0x000001f277969dc0 JavaThread "SCR Component Registry" daemon [_thread_blocked, id=13664, stack(0x0000006bbb700000,0x0000006bbb800000)]
  0x000001f2779698b0 JavaThread "Worker-JM" [_thread_blocked, id=4536, stack(0x0000006bbb800000,0x0000006bbb900000)]
  0x000001f277750740 JavaThread "JNA Cleaner" daemon [_thread_blocked, id=17692, stack(0x0000006bba600000,0x0000006bba700000)]
  0x000001f27774edf0 JavaThread "Worker-0: Repository registry initialization" [_thread_in_vm, id=17020, stack(0x0000006bbaf00000,0x0000006bbb000000)]
  0x000001f277751b80 JavaThread "Worker-1: Building" [_thread_blocked, id=17128, stack(0x0000006bbb900000,0x0000006bbba00000)]
  0x000001f27774f300 JavaThread "Worker-2" [_thread_blocked, id=12588, stack(0x0000006bbba00000,0x0000006bbbb00000)]
  0x000001f277a69d30 JavaThread "C2 CompilerThread1" daemon [_thread_in_vm, id=1092, stack(0x0000006bbbb00000,0x0000006bbbc00000)]
  0x000001f27774f810 JavaThread "Java indexing" daemon [_thread_blocked, id=19208, stack(0x0000006bbbd00000,0x0000006bbbe00000)]
  0x000001f277752090 JavaThread "Worker-3" [_thread_blocked, id=3948, stack(0x0000006bbbe00000,0x0000006bbbf00000)]
  0x000001f277752ab0 JavaThread "Worker-4" [_thread_blocked, id=16812, stack(0x0000006bbbf00000,0x0000006bbc000000)]
  0x000001f27774fd20 JavaThread "Thread-2" daemon [_thread_in_native, id=4280, stack(0x0000006bbc200000,0x0000006bbc300000)]
  0x000001f27774d9b0 JavaThread "Thread-3" daemon [_thread_in_native, id=9356, stack(0x0000006bbc300000,0x0000006bbc400000)]
  0x000001f277751160 JavaThread "Thread-4" daemon [_thread_in_native, id=14992, stack(0x0000006bbc400000,0x0000006bbc500000)]
  0x000001f277752fc0 JavaThread "Thread-5" daemon [_thread_in_native, id=10848, stack(0x0000006bbc500000,0x0000006bbc600000)]
  0x000001f277750230 JavaThread "Thread-6" daemon [_thread_in_native, id=15220, stack(0x0000006bbc600000,0x0000006bbc700000)]
  0x000001f27774ca80 JavaThread "Thread-7" daemon [_thread_in_native, id=1640, stack(0x0000006bbc700000,0x0000006bbc800000)]
  0x000001f27774dec0 JavaThread "Thread-8" daemon [_thread_in_native, id=13040, stack(0x0000006bbc800000,0x0000006bbc900000)]
  0x000001f2777534d0 JavaThread "Thread-9" daemon [_thread_in_native, id=11088, stack(0x0000006bbc900000,0x0000006bbca00000)]
  0x000001f2777525a0 JavaThread "Thread-10" daemon [_thread_in_native, id=11860, stack(0x0000006bbca00000,0x0000006bbcb00000)]
  0x000001f27774cf90 JavaThread "pool-2-thread-1" [_thread_blocked, id=19336, stack(0x0000006bbcb00000,0x0000006bbcc00000)]
  0x000001f277750c50 JavaThread "ForkJoinPool.commonPool-worker-1" daemon [_thread_blocked, id=17944, stack(0x0000006bbcc00000,0x0000006bbcd00000)]
  0x000001f27774e3d0 JavaThread "ForkJoinPool.commonPool-worker-2" daemon [_thread_blocked, id=7144, stack(0x0000006bbcd00000,0x0000006bbce00000)]
  0x000001f27774d4a0 JavaThread "ForkJoinPool.commonPool-worker-3" daemon [_thread_blocked, id=14168, stack(0x0000006bbce00000,0x0000006bbcf00000)]
  0x000001f27774c060 JavaThread "ForkJoinPool.commonPool-worker-4" daemon [_thread_blocked, id=13556, stack(0x0000006bbcf00000,0x0000006bbd000000)]
  0x000001f2777539e0 JavaThread "WorkspaceEventsHandler" [_thread_blocked, id=18292, stack(0x0000006bbd000000,0x0000006bbd100000)]
  0x000001f27774c570 JavaThread "pool-1-thread-1" [_thread_blocked, id=4748, stack(0x0000006bbd100000,0x0000006bbd200000)]
  0x000001f277751670 JavaThread "LocalFile Deleter" daemon [_thread_blocked, id=12276, stack(0x0000006bbd200000,0x0000006bbd300000)]
  0x000001f27a00f7f0 JavaThread "LocalFile Deleter" daemon [_thread_blocked, id=10800, stack(0x0000006bbd300000,0x0000006bbd400000)]
  0x000001f27a00b110 JavaThread "LocalFile Deleter" daemon [_thread_blocked, id=14520, stack(0x0000006bbd400000,0x0000006bbd500000)]
  0x000001f27a009cd0 JavaThread "LocalFile Deleter" daemon [_thread_blocked, id=18612, stack(0x0000006bbd500000,0x0000006bbd600000)]
  0x000001f27a00bb30 JavaThread "LocalFile Deleter" daemon [_thread_blocked, id=1632, stack(0x0000006bbd600000,0x0000006bbd700000)]
  0x000001f27a00a6f0 JavaThread "LocalFile Deleter" daemon [_thread_blocked, id=12432, stack(0x0000006bbd700000,0x0000006bbd800000)]
  0x000001f2773b5c10 JavaThread "C2 CompilerThread2" daemon [_thread_in_native, id=9292, stack(0x0000006bbbc00000,0x0000006bbbd00000)]

Other Threads:
  0x000001f256588fc0 VMThread "VM Thread" [stack: 0x0000006bb9b00000,0x0000006bb9c00000] [id=18232]
  0x000001f272600160 WatcherThread [stack: 0x0000006bba800000,0x0000006bba900000] [id=15900]
  0x000001f256505c90 GCTaskThread "GC Thread#0" [stack: 0x0000006bb9a00000,0x0000006bb9b00000] [id=15600]
  0x000001f272c31ac0 GCTaskThread "GC Thread#1" [stack: 0x0000006bba900000,0x0000006bbaa00000] [id=2100]
  0x000001f272b444b0 GCTaskThread "GC Thread#2" [stack: 0x0000006bbaa00000,0x0000006bbab00000] [id=12428]
  0x000001f272b1be50 GCTaskThread "GC Thread#3" [stack: 0x0000006bbab00000,0x0000006bbac00000] [id=2140]
  0x000001f272b1c110 GCTaskThread "GC Thread#4" [stack: 0x0000006bbac00000,0x0000006bbad00000] [id=1772]
  0x000001f272a627e0 GCTaskThread "GC Thread#5" [stack: 0x0000006bbad00000,0x0000006bbae00000] [id=18988]
  0x000001f272a62aa0 GCTaskThread "GC Thread#6" [stack: 0x0000006bbae00000,0x0000006bbaf00000] [id=7068]
  0x000001f272cf6d30 GCTaskThread "GC Thread#7" [stack: 0x0000006bbb400000,0x0000006bbb500000] [id=12140]

Threads with active compile tasks:
C2 CompilerThread0     9106 6035   !   4       org.eclipse.osgi.internal.loader.classpath.ClasspathManager::defineClass (636 bytes)
C2 CompilerThread1     9106 6363       4       java.lang.ClassLoader::defineClass (43 bytes)
C2 CompilerThread2     9106 6316       4       com.google.inject.internal.asm.$SymbolTable::addConstantUtf8 (98 bytes)

VM state: not at safepoint (normal execution)

VM Mutex/Monitor currently owned by a thread: None

Heap address: 0x00000000c0000000, size: 1024 MB, Compressed Oops mode: 32-bit

CDS archive(s) mapped at: [0x000001f200000000-0x000001f200bc0000-0x000001f200bc0000), size 12320768, SharedBaseAddress: 0x000001f200000000, ArchiveRelocationMode: 1.
Compressed class space mapped at: 0x000001f201000000-0x000001f241000000, reserved size: 1073741824
Narrow klass base: 0x000001f200000000, Narrow klass shift: 0, Narrow klass range: 0x100000000

GC Precious Log:
 CPUs: 8 total, 8 available
 Memory: 7918M
 Large Page Support: Disabled
 NUMA Support: Disabled
 Compressed Oops: Enabled (32-bit)
 Alignments: Space 512K, Generation 512K, Heap 2M
 Heap Min Capacity: 100M
 Heap Initial Capacity: 100M
 Heap Max Capacity: 1G
 Pre-touch: Disabled
 Parallel Workers: 8

Heap:
 PSYoungGen      total 19456K, used 15656K [0x00000000eab00000, 0x00000000ec100000, 0x0000000100000000)
  eden space 18432K, 79% used [0x00000000eab00000,0x00000000eb94a0a8,0x00000000ebd00000)
  from space 1024K, 100% used [0x00000000ebf80000,0x00000000ec080000,0x00000000ec080000)
  to   space 2048K, 0% used [0x00000000ebd00000,0x00000000ebd00000,0x00000000ebf00000)
 ParOldGen       total 68608K, used 30487K [0x00000000c0000000, 0x00000000c4300000, 0x00000000eab00000)
  object space 68608K, 44% used [0x00000000c0000000,0x00000000c1dc5d90,0x00000000c4300000)
 Metaspace       used 47281K, committed 48448K, reserved 1114112K
  class space    used 5047K, committed 5568K, reserved 1048576K

Card table byte_map: [0x000001f255e70000,0x000001f256080000] _byte_map_base: 0x000001f255870000

Marking Bits: (ParMarkBitMap*) 0x00007ffc8d05d7e0
 Begin Bits: [0x000001f26e370000, 0x000001f26f370000)
 End Bits:   [0x000001f26f370000, 0x000001f270370000)

Polling page: 0x000001f2544b0000

Metaspace:

Usage:
  Non-class:     41.25 MB used.
      Class:      4.93 MB used.
       Both:     46.18 MB used.

Virtual space:
  Non-class space:       64.00 MB reserved,      41.88 MB ( 65%) committed,  1 nodes.
      Class space:        1.00 GB reserved,       5.44 MB ( <1%) committed,  1 nodes.
             Both:        1.06 GB reserved,      47.31 MB (  4%) committed. 

Chunk freelists:
   Non-Class:  5.67 MB
       Class:  10.44 MB
        Both:  16.11 MB

MaxMetaspaceSize: unlimited
CompressedClassSpaceSize: 1.00 GB
Initial GC threshold: 21.00 MB
Current GC threshold: 58.38 MB
CDS: on
MetaspaceReclaimPolicy: balanced
 - commit_granule_bytes: 65536.
 - commit_granule_words: 8192.
 - virtual_space_node_default_size: 8388608.
 - enlarge_chunks_in_place: 1.
 - new_chunks_are_fully_committed: 0.
 - uncommit_free_chunks: 1.
 - use_allocation_guard: 0.
 - handle_deallocations: 1.


Internal statistics:

num_allocs_failed_limit: 8.
num_arena_births: 746.
num_arena_deaths: 14.
num_vsnodes_births: 2.
num_vsnodes_deaths: 0.
num_space_committed: 757.
num_space_uncommitted: 0.
num_chunks_returned_to_freelist: 22.
num_chunks_taken_from_freelist: 2857.
num_chunk_merges: 13.
num_chunk_splits: 1791.
num_chunks_enlarged: 1031.
num_inconsistent_stats: 0.

CodeHeap 'non-profiled nmethods': size=120000Kb used=2897Kb max_used=2946Kb free=117102Kb
 bounds [0x000001f266e40000, 0x000001f267130000, 0x000001f26e370000]
CodeHeap 'profiled nmethods': size=120000Kb used=11138Kb max_used=11470Kb free=108861Kb
 bounds [0x000001f25f370000, 0x000001f25feb0000, 0x000001f2668a0000]
CodeHeap 'non-nmethods': size=5760Kb used=1325Kb max_used=1387Kb free=4435Kb
 bounds [0x000001f2668a0000, 0x000001f266b10000, 0x000001f266e40000]
 total_blobs=6135 nmethods=5485 adapters=564
 compilation: enabled
              stopped_count=0, restarted_count=0
 full_count=0

Compilation events (20 events):
Event: 9.069 Thread 0x000001f27233a980 6342       3       com.google.common.cache.LocalCache$StrongValueReference::<init> (10 bytes)
Event: 9.069 Thread 0x000001f27233a980 nmethod 6342 0x000001f25f438690 code [0x000001f25f438820, 0x000001f25f438998]
Event: 9.069 Thread 0x000001f27233a980 6343       3       com.google.common.cache.LocalCache$Segment::recordWrite (72 bytes)
Event: 9.069 Thread 0x000001f27233a980 nmethod 6343 0x000001f25f437810 code [0x000001f25f437a40, 0x000001f25f438368]
Event: 9.069 Thread 0x000001f27233a980 6344       3       com.google.common.cache.LocalCache$LoadingValueReference::notifyNewValue (21 bytes)
Event: 9.069 Thread 0x000001f27233a980 nmethod 6344 0x000001f25f437190 code [0x000001f25f437360, 0x000001f25f4376e8]
Event: 9.069 Thread 0x000001f27233a980 6345       3       com.google.common.cache.LocalCache$Segment::evictEntries (106 bytes)
Event: 9.070 Thread 0x000001f27233a980 nmethod 6345 0x000001f25f436010 code [0x000001f25f4362a0, 0x000001f25f436dd8]
Event: 9.074 Thread 0x000001f27233a980 6346       3       com.google.common.collect.ArrayListMultimap::put (7 bytes)
Event: 9.075 Thread 0x000001f27233a980 nmethod 6346 0x000001f25f435b90 code [0x000001f25f435d40, 0x000001f25f435ee8]
Event: 9.075 Thread 0x000001f27233a980 6347       3       com.google.common.collect.AbstractListMultimap::put (7 bytes)
Event: 9.075 Thread 0x000001f27233a980 nmethod 6347 0x000001f25f604110 code [0x000001f25f6042a0, 0x000001f25f6043e8]
Event: 9.075 Thread 0x000001f27233a980 6348       3       com.google.common.collect.AbstractMapBasedMultimap::put (92 bytes)
Event: 9.075 Thread 0x000001f27233a980 nmethod 6348 0x000001f25f434f10 code [0x000001f25f435140, 0x000001f25f435998]
Event: 9.076 Thread 0x000001f27233a980 6349       3       java.util.stream.ForEachOps$ForEachOp::getOpFlags (15 bytes)
Event: 9.076 Thread 0x000001f27233a980 nmethod 6349 0x000001f25f434b10 code [0x000001f25f434ca0, 0x000001f25f434e38]
Event: 9.076 Thread 0x000001f27233a980 6350       3       java.util.stream.ForEachOps$ForEachOp$OfRef::evaluateSequential (7 bytes)
Event: 9.076 Thread 0x000001f27233a980 nmethod 6350 0x000001f25f38f990 code [0x000001f25f38fb60, 0x000001f25f38ff88]
Event: 9.076 Thread 0x000001f27233a980 6351       3       java.util.stream.ForEachOps$ForEachOp::evaluateSequential (13 bytes)
Event: 9.076 Thread 0x000001f27233a980 nmethod 6351 0x000001f25f38f310 code [0x000001f25f38f4c0, 0x000001f25f38f888]

GC Heap History (20 events):
Event: 6.577 GC heap before
{Heap before GC invocations=15 (full 2):
 PSYoungGen      total 21504K, used 1428K [0x00000000eab00000, 0x00000000ec780000, 0x0000000100000000)
  eden space 19968K, 0% used [0x00000000eab00000,0x00000000eab00000,0x00000000ebe80000)
  from space 1536K, 92% used [0x00000000ebe80000,0x00000000ebfe5040,0x00000000ec000000)
  to   space 3584K, 0% used [0x00000000ec400000,0x00000000ec400000,0x00000000ec780000)
 ParOldGen       total 68608K, used 21944K [0x00000000c0000000, 0x00000000c4300000, 0x00000000eab00000)
  object space 68608K, 31% used [0x00000000c0000000,0x00000000c156e3f8,0x00000000c4300000)
 Metaspace       used 34841K, committed 35840K, reserved 1114112K
  class space    used 3459K, committed 3904K, reserved 1048576K
}
Event: 6.610 GC heap after
{Heap after GC invocations=15 (full 2):
 PSYoungGen      total 21504K, used 0K [0x00000000eab00000, 0x00000000ec780000, 0x0000000100000000)
  eden space 19968K, 0% used [0x00000000eab00000,0x00000000eab00000,0x00000000ebe80000)
  from space 1536K, 0% used [0x00000000ebe80000,0x00000000ebe80000,0x00000000ec000000)
  to   space 3584K, 0% used [0x00000000ec400000,0x00000000ec400000,0x00000000ec780000)
 ParOldGen       total 68608K, used 18667K [0x00000000c0000000, 0x00000000c4300000, 0x00000000eab00000)
  object space 68608K, 27% used [0x00000000c0000000,0x00000000c123ad58,0x00000000c4300000)
 Metaspace       used 34841K, committed 35840K, reserved 1114112K
  class space    used 3459K, committed 3904K, reserved 1048576K
}
Event: 6.797 GC heap before
{Heap before GC invocations=16 (full 2):
 PSYoungGen      total 21504K, used 19968K [0x00000000eab00000, 0x00000000ec780000, 0x0000000100000000)
  eden space 19968K, 100% used [0x00000000eab00000,0x00000000ebe80000,0x00000000ebe80000)
  from space 1536K, 0% used [0x00000000ebe80000,0x00000000ebe80000,0x00000000ec000000)
  to   space 3584K, 0% used [0x00000000ec400000,0x00000000ec400000,0x00000000ec780000)
 ParOldGen       total 68608K, used 18667K [0x00000000c0000000, 0x00000000c4300000, 0x00000000eab00000)
  object space 68608K, 27% used [0x00000000c0000000,0x00000000c123ad58,0x00000000c4300000)
 Metaspace       used 35976K, committed 36992K, reserved 1114112K
  class space    used 3621K, committed 4096K, reserved 1048576K
}
Event: 6.802 GC heap after
{Heap after GC invocations=16 (full 2):
 PSYoungGen      total 22016K, used 1728K [0x00000000eab00000, 0x00000000ec600000, 0x0000000100000000)
  eden space 19968K, 0% used [0x00000000eab00000,0x00000000eab00000,0x00000000ebe80000)
  from space 2048K, 84% used [0x00000000ec400000,0x00000000ec5b0040,0x00000000ec600000)
  to   space 2048K, 0% used [0x00000000ec200000,0x00000000ec200000,0x00000000ec400000)
 ParOldGen       total 68608K, used 18675K [0x00000000c0000000, 0x00000000c4300000, 0x00000000eab00000)
  object space 68608K, 27% used [0x00000000c0000000,0x00000000c123cd58,0x00000000c4300000)
 Metaspace       used 35976K, committed 36992K, reserved 1114112K
  class space    used 3621K, committed 4096K, reserved 1048576K
}
Event: 6.949 GC heap before
{Heap before GC invocations=17 (full 2):
 PSYoungGen      total 22016K, used 21696K [0x00000000eab00000, 0x00000000ec600000, 0x0000000100000000)
  eden space 19968K, 100% used [0x00000000eab00000,0x00000000ebe80000,0x00000000ebe80000)
  from space 2048K, 84% used [0x00000000ec400000,0x00000000ec5b0040,0x00000000ec600000)
  to   space 2048K, 0% used [0x00000000ec200000,0x00000000ec200000,0x00000000ec400000)
 ParOldGen       total 68608K, used 18675K [0x00000000c0000000, 0x00000000c4300000, 0x00000000eab00000)
  object space 68608K, 27% used [0x00000000c0000000,0x00000000c123cd58,0x00000000c4300000)
 Metaspace       used 36400K, committed 37504K, reserved 1114112K
  class space    used 3661K, committed 4160K, reserved 1048576K
}
Event: 6.954 GC heap after
{Heap after GC invocations=17 (full 2):
 PSYoungGen      total 22016K, used 2033K [0x00000000eab00000, 0x00000000ec680000, 0x0000000100000000)
  eden space 19968K, 0% used [0x00000000eab00000,0x00000000eab00000,0x00000000ebe80000)
  from space 2048K, 99% used [0x00000000ec200000,0x00000000ec3fc410,0x00000000ec400000)
  to   space 2560K, 0% used [0x00000000ec400000,0x00000000ec400000,0x00000000ec680000)
 ParOldGen       total 68608K, used 20291K [0x00000000c0000000, 0x00000000c4300000, 0x00000000eab00000)
  object space 68608K, 29% used [0x00000000c0000000,0x00000000c13d0d88,0x00000000c4300000)
 Metaspace       used 36400K, committed 37504K, reserved 1114112K
  class space    used 3661K, committed 4160K, reserved 1048576K
}
Event: 7.241 GC heap before
{Heap before GC invocations=18 (full 2):
 PSYoungGen      total 22016K, used 22001K [0x00000000eab00000, 0x00000000ec680000, 0x0000000100000000)
  eden space 19968K, 100% used [0x00000000eab00000,0x00000000ebe80000,0x00000000ebe80000)
  from space 2048K, 99% used [0x00000000ec200000,0x00000000ec3fc410,0x00000000ec400000)
  to   space 2560K, 0% used [0x00000000ec400000,0x00000000ec400000,0x00000000ec680000)
 ParOldGen       total 68608K, used 20322K [0x00000000c0000000, 0x00000000c4300000, 0x00000000eab00000)
  object space 68608K, 29% used [0x00000000c0000000,0x00000000c13d8b08,0x00000000c4300000)
 Metaspace       used 37220K, committed 38272K, reserved 1114112K
  class space    used 3756K, committed 4224K, reserved 1048576K
}
Event: 7.246 GC heap after
{Heap after GC invocations=18 (full 2):
 PSYoungGen      total 22016K, used 2018K [0x00000000eab00000, 0x00000000ec600000, 0x0000000100000000)
  eden space 19968K, 0% used [0x00000000eab00000,0x00000000eab00000,0x00000000ebe80000)
  from space 2048K, 98% used [0x00000000ec400000,0x00000000ec5f8810,0x00000000ec600000)
  to   space 3072K, 0% used [0x00000000ec000000,0x00000000ec000000,0x00000000ec300000)
 ParOldGen       total 68608K, used 22210K [0x00000000c0000000, 0x00000000c4300000, 0x00000000eab00000)
  object space 68608K, 32% used [0x00000000c0000000,0x00000000c15b0b38,0x00000000c4300000)
 Metaspace       used 37220K, committed 38272K, reserved 1114112K
  class space    used 3756K, committed 4224K, reserved 1048576K
}
Event: 7.470 GC heap before
{Heap before GC invocations=19 (full 2):
 PSYoungGen      total 22016K, used 21986K [0x00000000eab00000, 0x00000000ec600000, 0x0000000100000000)
  eden space 19968K, 100% used [0x00000000eab00000,0x00000000ebe80000,0x00000000ebe80000)
  from space 2048K, 98% used [0x00000000ec400000,0x00000000ec5f8810,0x00000000ec600000)
  to   space 3072K, 0% used [0x00000000ec000000,0x00000000ec000000,0x00000000ec300000)
 ParOldGen       total 68608K, used 22214K [0x00000000c0000000, 0x00000000c4300000, 0x00000000eab00000)
  object space 68608K, 32% used [0x00000000c0000000,0x00000000c15b19b8,0x00000000c4300000)
 Metaspace       used 37585K, committed 38592K, reserved 1114112K
  class space    used 3794K, committed 4224K, reserved 1048576K
}
Event: 7.478 GC heap after
{Heap after GC invocations=19 (full 2):
 PSYoungGen      total 22016K, used 1997K [0x00000000eab00000, 0x00000000ec480000, 0x0000000100000000)
  eden space 19968K, 0% used [0x00000000eab00000,0x00000000eab00000,0x00000000ebe80000)
  from space 2048K, 97% used [0x00000000ec000000,0x00000000ec1f3500,0x00000000ec200000)
  to   space 2560K, 0% used [0x00000000ec200000,0x00000000ec200000,0x00000000ec480000)
 ParOldGen       total 68608K, used 24123K [0x00000000c0000000, 0x00000000c4300000, 0x00000000eab00000)
  object space 68608K, 35% used [0x00000000c0000000,0x00000000c178efc8,0x00000000c4300000)
 Metaspace       used 37585K, committed 38592K, reserved 1114112K
  class space    used 3794K, committed 4224K, reserved 1048576K
}
Event: 7.622 GC heap before
{Heap before GC invocations=20 (full 2):
 PSYoungGen      total 22016K, used 21965K [0x00000000eab00000, 0x00000000ec480000, 0x0000000100000000)
  eden space 19968K, 100% used [0x00000000eab00000,0x00000000ebe80000,0x00000000ebe80000)
  from space 2048K, 97% used [0x00000000ec000000,0x00000000ec1f3500,0x00000000ec200000)
  to   space 2560K, 0% used [0x00000000ec200000,0x00000000ec200000,0x00000000ec480000)
 ParOldGen       total 68608K, used 24123K [0x00000000c0000000, 0x00000000c4300000, 0x00000000eab00000)
  object space 68608K, 35% used [0x00000000c0000000,0x00000000c178efc8,0x00000000c4300000)
 Metaspace       used 38318K, committed 39424K, reserved 1114112K
  class space    used 3898K, committed 4352K, reserved 1048576K
}
Event: 7.627 GC heap after
{Heap after GC invocations=20 (full 2):
 PSYoungGen      total 20992K, used 2532K [0x00000000eab00000, 0x00000000ec880000, 0x0000000100000000)
  eden space 18432K, 0% used [0x00000000eab00000,0x00000000eab00000,0x00000000ebd00000)
  from space 2560K, 98% used [0x00000000ec200000,0x00000000ec4791d0,0x00000000ec480000)
  to   space 5120K, 0% used [0x00000000ebd00000,0x00000000ebd00000,0x00000000ec200000)
 ParOldGen       total 68608K, used 26089K [0x00000000c0000000, 0x00000000c4300000, 0x00000000eab00000)
  object space 68608K, 38% used [0x00000000c0000000,0x00000000c197a4c8,0x00000000c4300000)
 Metaspace       used 38318K, committed 39424K, reserved 1114112K
  class space    used 3898K, committed 4352K, reserved 1048576K
}
Event: 7.807 GC heap before
{Heap before GC invocations=21 (full 2):
 PSYoungGen      total 20992K, used 20964K [0x00000000eab00000, 0x00000000ec880000, 0x0000000100000000)
  eden space 18432K, 100% used [0x00000000eab00000,0x00000000ebd00000,0x00000000ebd00000)
  from space 2560K, 98% used [0x00000000ec200000,0x00000000ec4791d0,0x00000000ec480000)
  to   space 5120K, 0% used [0x00000000ebd00000,0x00000000ebd00000,0x00000000ec200000)
 ParOldGen       total 68608K, used 26089K [0x00000000c0000000, 0x00000000c4300000, 0x00000000eab00000)
  object space 68608K, 38% used [0x00000000c0000000,0x00000000c197a4c8,0x00000000c4300000)
 Metaspace       used 40694K, committed 41920K, reserved 1114112K
  class space    used 4177K, committed 4736K, reserved 1048576K
}
Event: 7.811 GC heap after
{Heap after GC invocations=21 (full 2):
 PSYoungGen      total 19968K, used 1076K [0x00000000eab00000, 0x00000000ec280000, 0x0000000100000000)
  eden space 18432K, 0% used [0x00000000eab00000,0x00000000eab00000,0x00000000ebd00000)
  from space 1536K, 70% used [0x00000000ebd00000,0x00000000ebe0d138,0x00000000ebe80000)
  to   space 2560K, 0% used [0x00000000ec000000,0x00000000ec000000,0x00000000ec280000)
 ParOldGen       total 68608K, used 28562K [0x00000000c0000000, 0x00000000c4300000, 0x00000000eab00000)
  object space 68608K, 41% used [0x00000000c0000000,0x00000000c1be4a60,0x00000000c4300000)
 Metaspace       used 40694K, committed 41920K, reserved 1114112K
  class space    used 4177K, committed 4736K, reserved 1048576K
}
Event: 8.012 GC heap before
{Heap before GC invocations=22 (full 2):
 PSYoungGen      total 19968K, used 19508K [0x00000000eab00000, 0x00000000ec280000, 0x0000000100000000)
  eden space 18432K, 100% used [0x00000000eab00000,0x00000000ebd00000,0x00000000ebd00000)
  from space 1536K, 70% used [0x00000000ebd00000,0x00000000ebe0d138,0x00000000ebe80000)
  to   space 2560K, 0% used [0x00000000ec000000,0x00000000ec000000,0x00000000ec280000)
 ParOldGen       total 68608K, used 28562K [0x00000000c0000000, 0x00000000c4300000, 0x00000000eab00000)
  object space 68608K, 41% used [0x00000000c0000000,0x00000000c1be4a60,0x00000000c4300000)
 Metaspace       used 41862K, committed 43008K, reserved 1114112K
  class space    used 4323K, committed 4864K, reserved 1048576K
}
Event: 8.014 GC heap after
{Heap after GC invocations=22 (full 2):
 PSYoungGen      total 19456K, used 779K [0x00000000eab00000, 0x00000000ec100000, 0x0000000100000000)
  eden space 18432K, 0% used [0x00000000eab00000,0x00000000eab00000,0x00000000ebd00000)
  from space 1024K, 76% used [0x00000000ec000000,0x00000000ec0c2ed0,0x00000000ec100000)
  to   space 1536K, 0% used [0x00000000ebe00000,0x00000000ebe00000,0x00000000ebf80000)
 ParOldGen       total 68608K, used 29372K [0x00000000c0000000, 0x00000000c4300000, 0x00000000eab00000)
  object space 68608K, 42% used [0x00000000c0000000,0x00000000c1caf148,0x00000000c4300000)
 Metaspace       used 41862K, committed 43008K, reserved 1114112K
  class space    used 4323K, committed 4864K, reserved 1048576K
}
Event: 8.362 GC heap before
{Heap before GC invocations=23 (full 2):
 PSYoungGen      total 19456K, used 19211K [0x00000000eab00000, 0x00000000ec100000, 0x0000000100000000)
  eden space 18432K, 100% used [0x00000000eab00000,0x00000000ebd00000,0x00000000ebd00000)
  from space 1024K, 76% used [0x00000000ec000000,0x00000000ec0c2ed0,0x00000000ec100000)
  to   space 1536K, 0% used [0x00000000ebe00000,0x00000000ebe00000,0x00000000ebf80000)
 ParOldGen       total 68608K, used 29372K [0x00000000c0000000, 0x00000000c4300000, 0x00000000eab00000)
  object space 68608K, 42% used [0x00000000c0000000,0x00000000c1caf148,0x00000000c4300000)
 Metaspace       used 43453K, committed 44672K, reserved 1114112K
  class space    used 4526K, committed 5056K, reserved 1048576K
}
Event: 8.364 GC heap after
{Heap after GC invocations=23 (full 2):
 PSYoungGen      total 19968K, used 608K [0x00000000eab00000, 0x00000000ec080000, 0x0000000100000000)
  eden space 18432K, 0% used [0x00000000eab00000,0x00000000eab00000,0x00000000ebd00000)
  from space 1536K, 39% used [0x00000000ebe00000,0x00000000ebe98000,0x00000000ebf80000)
  to   space 1024K, 0% used [0x00000000ebf80000,0x00000000ebf80000,0x00000000ec080000)
 ParOldGen       total 68608K, used 30031K [0x00000000c0000000, 0x00000000c4300000, 0x00000000eab00000)
  object space 68608K, 43% used [0x00000000c0000000,0x00000000c1d53d90,0x00000000c4300000)
 Metaspace       used 43453K, committed 44672K, reserved 1114112K
  class space    used 4526K, committed 5056K, reserved 1048576K
}
Event: 8.746 GC heap before
{Heap before GC invocations=24 (full 2):
 PSYoungGen      total 19968K, used 19040K [0x00000000eab00000, 0x00000000ec080000, 0x0000000100000000)
  eden space 18432K, 100% used [0x00000000eab00000,0x00000000ebd00000,0x00000000ebd00000)
  from space 1536K, 39% used [0x00000000ebe00000,0x00000000ebe98000,0x00000000ebf80000)
  to   space 1024K, 0% used [0x00000000ebf80000,0x00000000ebf80000,0x00000000ec080000)
 ParOldGen       total 68608K, used 30031K [0x00000000c0000000, 0x00000000c4300000, 0x00000000eab00000)
  object space 68608K, 43% used [0x00000000c0000000,0x00000000c1d53d90,0x00000000c4300000)
 Metaspace       used 45544K, committed 46720K, reserved 1114112K
  class space    used 4800K, committed 5312K, reserved 1048576K
}
Event: 8.748 GC heap after
{Heap after GC invocations=24 (full 2):
 PSYoungGen      total 19456K, used 1024K [0x00000000eab00000, 0x00000000ec100000, 0x0000000100000000)
  eden space 18432K, 0% used [0x00000000eab00000,0x00000000eab00000,0x00000000ebd00000)
  from space 1024K, 100% used [0x00000000ebf80000,0x00000000ec080000,0x00000000ec080000)
  to   space 2048K, 0% used [0x00000000ebd00000,0x00000000ebd00000,0x00000000ebf00000)
 ParOldGen       total 68608K, used 30487K [0x00000000c0000000, 0x00000000c4300000, 0x00000000eab00000)
  object space 68608K, 44% used [0x00000000c0000000,0x00000000c1dc5d90,0x00000000c4300000)
 Metaspace       used 45544K, committed 46720K, reserved 1114112K
  class space    used 4800K, committed 5312K, reserved 1048576K
}

Dll operation events (11 events):
Event: 0.016 Loaded shared library C:\Program Files\OpenLogic\jdk-17.0.10.7-hotspot\bin\java.dll
Event: 0.048 Loaded shared library C:\Program Files\OpenLogic\jdk-17.0.10.7-hotspot\bin\jsvml.dll
Event: 0.157 Loaded shared library C:\Program Files\OpenLogic\jdk-17.0.10.7-hotspot\bin\zip.dll
Event: 0.164 Loaded shared library C:\Program Files\OpenLogic\jdk-17.0.10.7-hotspot\bin\instrument.dll
Event: 0.172 Loaded shared library C:\Program Files\OpenLogic\jdk-17.0.10.7-hotspot\bin\net.dll
Event: 0.177 Loaded shared library C:\Program Files\OpenLogic\jdk-17.0.10.7-hotspot\bin\nio.dll
Event: 0.182 Loaded shared library C:\Program Files\OpenLogic\jdk-17.0.10.7-hotspot\bin\zip.dll
Event: 0.203 Loaded shared library C:\Program Files\OpenLogic\jdk-17.0.10.7-hotspot\bin\jimage.dll
Event: 0.313 Loaded shared library C:\Program Files\OpenLogic\jdk-17.0.10.7-hotspot\bin\verify.dll
Event: 1.905 Loaded shared library C:\Users\dell\AppData\Roaming\Code\User\globalStorage\redhat.java\1.38.0\config_win\org.eclipse.equinox.launcher\org.eclipse.equinox.launcher.win32.win32.x86_64_1.2.1100.v20240722-2106\eclipse_11904.dll
Event: 3.898 Loaded shared library C:\Users\dell\AppData\Local\Temp\jna-3079617\jna6469168429459953165.dll

Deoptimization events (20 events):
Event: 8.779 Thread 0x000001f27774edf0 Uncommon trap: trap_request=0xffffffde fr.pc=0x000001f2670467d4 relative=0x0000000000000774
Event: 8.779 Thread 0x000001f27774edf0 Uncommon trap: reason=class_check action=maybe_recompile pc=0x000001f2670467d4 method=java.util.TreeMap.put(Ljava/lang/Object;Ljava/lang/Object;Z)Ljava/lang/Object; @ 118 c2
Event: 8.779 Thread 0x000001f27774edf0 DEOPT PACKING pc=0x000001f2670467d4 sp=0x0000006bbaffdba0
Event: 8.779 Thread 0x000001f27774edf0 DEOPT UNPACKING pc=0x000001f2668f9ea3 sp=0x0000006bbaffdac8 mode 2
Event: 8.779 Thread 0x000001f27774edf0 Uncommon trap: trap_request=0xffffffde fr.pc=0x000001f2670467d4 relative=0x0000000000000774
Event: 8.779 Thread 0x000001f27774edf0 Uncommon trap: reason=class_check action=maybe_recompile pc=0x000001f2670467d4 method=java.util.TreeMap.put(Ljava/lang/Object;Ljava/lang/Object;Z)Ljava/lang/Object; @ 118 c2
Event: 8.779 Thread 0x000001f27774edf0 DEOPT PACKING pc=0x000001f2670467d4 sp=0x0000006bbaffdba0
Event: 8.779 Thread 0x000001f27774edf0 DEOPT UNPACKING pc=0x000001f2668f9ea3 sp=0x0000006bbaffdac8 mode 2
Event: 8.807 Thread 0x000001f27774edf0 Uncommon trap: trap_request=0xffffff45 fr.pc=0x000001f266f72ac8 relative=0x00000000000001a8
Event: 8.807 Thread 0x000001f27774edf0 Uncommon trap: reason=unstable_if action=reinterpret pc=0x000001f266f72ac8 method=java.lang.ClassLoader.checkName(Ljava/lang/String;)Z @ 1 c2
Event: 8.807 Thread 0x000001f27774edf0 DEOPT PACKING pc=0x000001f266f72ac8 sp=0x0000006bbaffd940
Event: 8.807 Thread 0x000001f27774edf0 DEOPT UNPACKING pc=0x000001f2668f9ea3 sp=0x0000006bbaffd8d8 mode 2
Event: 8.807 Thread 0x000001f27774edf0 Uncommon trap: trap_request=0xffffff45 fr.pc=0x000001f266ed4744 relative=0x0000000000001284
Event: 8.807 Thread 0x000001f27774edf0 Uncommon trap: reason=unstable_if action=reinterpret pc=0x000001f266ed4744 method=lombok.patcher.ScriptManager$OurClassFileTransformer.transform(Ljava/lang/ClassLoader;Ljava/lang/String;Ljava/lang/Class;Ljava/security/ProtectionDomain;[B)[B @ 1 c2
Event: 8.807 Thread 0x000001f27774edf0 DEOPT PACKING pc=0x000001f266ed4744 sp=0x0000006bbaffc520
Event: 8.807 Thread 0x000001f27774edf0 DEOPT UNPACKING pc=0x000001f2668f9ea3 sp=0x0000006bbaffc4a8 mode 2
Event: 8.920 Thread 0x000001f27774edf0 Uncommon trap: trap_request=0xffffffde fr.pc=0x000001f267041110 relative=0x00000000000007b0
Event: 8.920 Thread 0x000001f27774edf0 Uncommon trap: reason=class_check action=maybe_recompile pc=0x000001f267041110 method=java.util.TreeMap.put(Ljava/lang/Object;Ljava/lang/Object;Z)Ljava/lang/Object; @ 118 c2
Event: 8.920 Thread 0x000001f27774edf0 DEOPT PACKING pc=0x000001f267041110 sp=0x0000006bbaffd5a0
Event: 8.920 Thread 0x000001f27774edf0 DEOPT UNPACKING pc=0x000001f2668f9ea3 sp=0x0000006bbaffd550 mode 2

Classes unloaded (7 events):
Event: 4.625 Thread 0x000001f256588fc0 Unloading class 0x000001f20118a000 'java/lang/invoke/LambdaForm$MH+0x000001f20118a000'
Event: 4.625 Thread 0x000001f256588fc0 Unloading class 0x000001f201189c00 'java/lang/invoke/LambdaForm$MH+0x000001f201189c00'
Event: 4.625 Thread 0x000001f256588fc0 Unloading class 0x000001f201189800 'java/lang/invoke/LambdaForm$MH+0x000001f201189800'
Event: 4.625 Thread 0x000001f256588fc0 Unloading class 0x000001f201189400 'java/lang/invoke/LambdaForm$MH+0x000001f201189400'
Event: 4.625 Thread 0x000001f256588fc0 Unloading class 0x000001f201189000 'java/lang/invoke/LambdaForm$BMH+0x000001f201189000'
Event: 4.625 Thread 0x000001f256588fc0 Unloading class 0x000001f201188c00 'java/lang/invoke/LambdaForm$DMH+0x000001f201188c00'
Event: 4.625 Thread 0x000001f256588fc0 Unloading class 0x000001f201184400 'java/lang/invoke/LambdaForm$DMH+0x000001f201184400'

Classes redefined (0 events):
No events

Internal exceptions (20 events):
Event: 7.612 Thread 0x000001f27774edf0 Exception <a 'java/lang/NoSuchMethodError'{0x00000000eba82de8}: 'int java.lang.invoke.DirectMethodHandle$Holder.invokeStatic(java.lang.Object, java.lang.Object, java.lang.Object, java.lang.Object, java.lang.Object)'> (0x00000000eba82de8) 
thrown [s\src\hotspot\share\interpreter\linkResolver.cpp, line 759]
Event: 7.650 Thread 0x000001f27774c570 Exception <a 'java/lang/NoSuchMethodError'{0x00000000eace4bd8}: 'java.lang.Object java.lang.invoke.DirectMethodHandle$Holder.invokeStatic(java.lang.Object, int, java.lang.Object, java.lang.Object)'> (0x00000000eace4bd8) 
thrown [s\src\hotspot\share\interpreter\linkResolver.cpp, line 759]
Event: 7.650 Thread 0x000001f27774c570 Exception <a 'java/lang/NoSuchMethodError'{0x00000000eace8710}: 'java.lang.Object java.lang.invoke.DelegatingMethodHandle$Holder.delegate(java.lang.Object, int, java.lang.Object, java.lang.Object)'> (0x00000000eace8710) 
thrown [s\src\hotspot\share\interpreter\linkResolver.cpp, line 759]
Event: 7.662 Thread 0x000001f27774c570 Exception <a 'java/lang/NoSuchMethodError'{0x00000000ead027b8}: 'int java.lang.invoke.Invokers$Holder.linkToTargetMethod(java.lang.Object, java.lang.Object, java.lang.Object)'> (0x00000000ead027b8) 
thrown [s\src\hotspot\share\interpreter\linkResolver.cpp, line 759]
Event: 7.817 Thread 0x000001f27774edf0 Exception <a 'java/lang/NoClassDefFoundError'{0x00000000eab94480}: javax/enterprise/inject/Typed> (0x00000000eab94480) 
thrown [s\src\hotspot\share\classfile\systemDictionary.cpp, line 245]
Event: 7.898 Thread 0x000001f277751b80 Exception <a 'sun/nio/fs/WindowsException'{0x00000000eb314a08}> (0x00000000eb314a08) 
thrown [s\src\hotspot\share\prims\jni.cpp, line 516]
Event: 7.905 Thread 0x000001f277751670 Exception <a 'sun/nio/fs/WindowsException'{0x00000000eb435570}> (0x00000000eb435570) 
thrown [s\src\hotspot\share\prims\jni.cpp, line 516]
Event: 7.938 Thread 0x000001f277751b80 Exception <a 'sun/nio/fs/WindowsException'{0x00000000eb601018}> (0x00000000eb601018) 
thrown [s\src\hotspot\share\prims\jni.cpp, line 516]
Event: 7.944 Thread 0x000001f277751b80 Exception <a 'sun/nio/fs/WindowsException'{0x00000000eb6076d8}> (0x00000000eb6076d8) 
thrown [s\src\hotspot\share\prims\jni.cpp, line 516]
Event: 7.944 Thread 0x000001f27a00b110 Exception <a 'sun/nio/fs/WindowsException'{0x00000000eb704d28}> (0x00000000eb704d28) 
thrown [s\src\hotspot\share\prims\jni.cpp, line 516]
Event: 7.952 Thread 0x000001f277751b80 Exception <a 'sun/nio/fs/WindowsException'{0x00000000eb884b80}> (0x00000000eb884b80) 
thrown [s\src\hotspot\share\prims\jni.cpp, line 516]
Event: 7.952 Thread 0x000001f277751b80 Exception <a 'sun/nio/fs/WindowsException'{0x00000000eb885260}> (0x00000000eb885260) 
thrown [s\src\hotspot\share\prims\jni.cpp, line 516]
Event: 7.953 Thread 0x000001f277751b80 Exception <a 'java/io/FileNotFoundException'{0x00000000eb886d98}> (0x00000000eb886d98) 
thrown [s\src\hotspot\share\prims\jni.cpp, line 516]
Event: 7.953 Thread 0x000001f277751b80 Exception <a 'java/io/FileNotFoundException'{0x00000000eb887b00}> (0x00000000eb887b00) 
thrown [s\src\hotspot\share\prims\jni.cpp, line 516]
Event: 7.954 Thread 0x000001f277751b80 Exception <a 'sun/nio/fs/WindowsException'{0x00000000eb888cb8}> (0x00000000eb888cb8) 
thrown [s\src\hotspot\share\prims\jni.cpp, line 516]
Event: 7.954 Thread 0x000001f277751b80 Exception <a 'sun/nio/fs/WindowsException'{0x00000000eb889398}> (0x00000000eb889398) 
thrown [s\src\hotspot\share\prims\jni.cpp, line 516]
Event: 8.775 Thread 0x000001f27774edf0 Exception <a 'java/lang/ExceptionInInitializerError'{0x00000000eacd3d28}> (0x00000000eacd3d28) 
thrown [s\src\hotspot\share\oops\instanceKlass.cpp, line 1218]
Event: 8.807 Thread 0x000001f27774edf0 Implicit null exception at 0x000001f266f7292f to 0x000001f266f72abc
Event: 8.807 Thread 0x000001f27774edf0 Implicit null exception at 0x000001f266ed3509 to 0x000001f266ed4724
Event: 8.809 Thread 0x000001f27774edf0 Exception <a 'java/lang/NoSuchMethodError'{0x00000000eae5c700}: 'java.lang.Object java.lang.invoke.Invokers$Holder.invokeExact_MT(java.lang.Object, int, java.lang.Object)'> (0x00000000eae5c700) 
thrown [s\src\hotspot\share\interpreter\linkResolver.cpp, line 759]

VM Operations (20 events):
Event: 7.800 Executing VM operation: HandshakeAllThreads
Event: 7.800 Executing VM operation: HandshakeAllThreads done
Event: 7.800 Executing VM operation: HandshakeAllThreads
Event: 7.800 Executing VM operation: HandshakeAllThreads done
Event: 7.806 Executing VM operation: ParallelGCFailedAllocation
Event: 7.811 Executing VM operation: ParallelGCFailedAllocation done
Event: 7.873 Executing VM operation: HandshakeAllThreads
Event: 7.873 Executing VM operation: HandshakeAllThreads done
Event: 8.012 Executing VM operation: ParallelGCFailedAllocation
Event: 8.014 Executing VM operation: ParallelGCFailedAllocation done
Event: 8.318 Executing VM operation: HandshakeAllThreads
Event: 8.318 Executing VM operation: HandshakeAllThreads done
Event: 8.362 Executing VM operation: ParallelGCFailedAllocation
Event: 8.364 Executing VM operation: ParallelGCFailedAllocation done
Event: 8.564 Executing VM operation: HandshakeAllThreads
Event: 8.564 Executing VM operation: HandshakeAllThreads done
Event: 8.746 Executing VM operation: ParallelGCFailedAllocation
Event: 8.748 Executing VM operation: ParallelGCFailedAllocation done
Event: 8.853 Executing VM operation: HandshakeAllThreads
Event: 8.853 Executing VM operation: HandshakeAllThreads done

Events (20 events):
Event: 7.945 Thread 0x000001f27a00a6f0 Thread added: 0x000001f27a00a6f0
Event: 8.178 Thread 0x000001f278ac8800 Thread exited: 0x000001f278ac8800
Event: 8.263 loading class sun/reflect/annotation/AnnotatedTypeFactory$AnnotatedParameterizedTypeImpl
Event: 8.264 loading class java/lang/reflect/AnnotatedParameterizedType
Event: 8.264 loading class java/lang/reflect/AnnotatedParameterizedType done
Event: 8.264 loading class sun/reflect/annotation/AnnotatedTypeFactory$AnnotatedParameterizedTypeImpl done
Event: 8.496 loading class java/util/concurrent/CompletionService
Event: 8.496 loading class java/util/concurrent/CompletionService done
Event: 8.510 loading class sun/reflect/generics/scope/ConstructorScope
Event: 8.510 loading class sun/reflect/generics/scope/ConstructorScope done
Event: 8.510 loading class sun/reflect/generics/tree/VoidDescriptor
Event: 8.510 loading class sun/reflect/generics/tree/VoidDescriptor done
Event: 8.588 loading class java/nio/channels/SocketChannel
Event: 8.589 loading class java/nio/channels/NetworkChannel
Event: 8.589 loading class java/nio/channels/NetworkChannel done
Event: 8.589 loading class java/nio/channels/spi/AbstractSelectableChannel
Event: 8.589 loading class java/nio/channels/spi/AbstractSelectableChannel done
Event: 8.589 loading class java/nio/channels/SocketChannel done
Event: 8.590 loading class java/nio/channels/ServerSocketChannel
Event: 8.590 loading class java/nio/channels/ServerSocketChannel done


Dynamic libraries:
0x00007ff752970000 - 0x00007ff75297e000 	C:\Program Files\OpenLogic\jdk-17.0.10.7-hotspot\bin\java.exe
0x00007ffd137d0000 - 0x00007ffd139e7000 	C:\WINDOWS\SYSTEM32\ntdll.dll
0x00007ffd13350000 - 0x00007ffd13414000 	C:\WINDOWS\System32\KERNEL32.DLL
0x00007ffd11070000 - 0x00007ffd1142a000 	C:\WINDOWS\System32\KERNELBASE.dll
0x00007ffd07220000 - 0x00007ffd072b7000 	C:\WINDOWS\SYSTEM32\apphelp.dll
0x00007ffd10c10000 - 0x00007ffd10d21000 	C:\WINDOWS\System32\ucrtbase.dll
0x00007ffcfcce0000 - 0x00007ffcfccf7000 	C:\Program Files\OpenLogic\jdk-17.0.10.7-hotspot\bin\jli.dll
0x00007ffd11580000 - 0x00007ffd1172e000 	C:\WINDOWS\System32\USER32.dll
0x00007ffd10f80000 - 0x00007ffd10fa6000 	C:\WINDOWS\System32\win32u.dll
0x00007ffd12e10000 - 0x00007ffd12e39000 	C:\WINDOWS\System32\GDI32.dll
0x00007ffd10de0000 - 0x00007ffd10efb000 	C:\WINDOWS\System32\gdi32full.dll
0x00007ffd11430000 - 0x00007ffd114ca000 	C:\WINDOWS\System32\msvcp_win.dll
0x00007ffd04720000 - 0x00007ffd0473b000 	C:\Program Files\OpenLogic\jdk-17.0.10.7-hotspot\bin\VCRUNTIME140.dll
0x00007ffce6a70000 - 0x00007ffce6d02000 	C:\WINDOWS\WinSxS\amd64_microsoft.windows.common-controls_6595b64144ccf1df_6.0.22621.4541_none_2710d1c57384c085\COMCTL32.dll
0x00007ffd12450000 - 0x00007ffd124f7000 	C:\WINDOWS\System32\msvcrt.dll
0x00007ffd12d60000 - 0x00007ffd12d91000 	C:\WINDOWS\System32\IMM32.DLL
0x00007ffd04820000 - 0x00007ffd0482c000 	C:\Program Files\OpenLogic\jdk-17.0.10.7-hotspot\bin\vcruntime140_1.dll
0x00007ffcbe330000 - 0x00007ffcbe3bd000 	C:\Program Files\OpenLogic\jdk-17.0.10.7-hotspot\bin\msvcp140.dll
0x00007ffc8c4c0000 - 0x00007ffc8d122000 	C:\Program Files\OpenLogic\jdk-17.0.10.7-hotspot\bin\server\jvm.dll
0x00007ffd12a00000 - 0x00007ffd12ab2000 	C:\WINDOWS\System32\ADVAPI32.dll
0x00007ffd114d0000 - 0x00007ffd11577000 	C:\WINDOWS\System32\sechost.dll
0x00007ffd10d30000 - 0x00007ffd10d58000 	C:\WINDOWS\System32\bcrypt.dll
0x00007ffd121c0000 - 0x00007ffd122d4000 	C:\WINDOWS\System32\RPCRT4.dll
0x00007ffd0f8f0000 - 0x00007ffd0f93d000 	C:\WINDOWS\SYSTEM32\POWRPROF.dll
0x00007ffd051d0000 - 0x00007ffd05204000 	C:\WINDOWS\SYSTEM32\WINMM.dll
0x00007ffd06f60000 - 0x00007ffd06f6a000 	C:\WINDOWS\SYSTEM32\VERSION.dll
0x00007ffd07ed0000 - 0x00007ffd07ed9000 	C:\WINDOWS\SYSTEM32\WSOCK32.dll
0x00007ffd13420000 - 0x00007ffd13491000 	C:\WINDOWS\System32\ws2_32.DLL
0x00007ffd0f8d0000 - 0x00007ffd0f8e3000 	C:\WINDOWS\SYSTEM32\UMPDC.dll
0x00007ffd0fb90000 - 0x00007ffd0fba8000 	C:\WINDOWS\SYSTEM32\kernel.appcore.dll
0x00007ffd04690000 - 0x00007ffd0469a000 	C:\Program Files\OpenLogic\jdk-17.0.10.7-hotspot\bin\jimage.dll
0x00007ffd0eed0000 - 0x00007ffd0f102000 	C:\WINDOWS\SYSTEM32\DBGHELP.DLL
0x00007ffd12670000 - 0x00007ffd129ff000 	C:\WINDOWS\System32\combase.dll
0x00007ffd136b0000 - 0x00007ffd13787000 	C:\WINDOWS\System32\OLEAUT32.dll
0x00007ffce4960000 - 0x00007ffce4992000 	C:\WINDOWS\SYSTEM32\dbgcore.DLL
0x00007ffd10f00000 - 0x00007ffd10f7b000 	C:\WINDOWS\System32\bcryptPrimitives.dll
0x00007ffd00080000 - 0x00007ffd0008e000 	C:\Program Files\OpenLogic\jdk-17.0.10.7-hotspot\bin\instrument.dll
0x00007ffcbe5f0000 - 0x00007ffcbe615000 	C:\Program Files\OpenLogic\jdk-17.0.10.7-hotspot\bin\java.dll
0x00007ffcba9d0000 - 0x00007ffcbaaa6000 	C:\Program Files\OpenLogic\jdk-17.0.10.7-hotspot\bin\jsvml.dll
0x00007ffd11730000 - 0x00007ffd11fa8000 	C:\WINDOWS\System32\SHELL32.dll
0x00007ffd0e510000 - 0x00007ffd0ee18000 	C:\WINDOWS\SYSTEM32\windows.storage.dll
0x00007ffd0e3d0000 - 0x00007ffd0e50f000 	C:\WINDOWS\SYSTEM32\wintypes.dll
0x00007ffd120c0000 - 0x00007ffd121ba000 	C:\WINDOWS\System32\SHCORE.dll
0x00007ffd134a0000 - 0x00007ffd134fe000 	C:\WINDOWS\System32\shlwapi.dll
0x00007ffd109d0000 - 0x00007ffd109fb000 	C:\WINDOWS\SYSTEM32\profapi.dll
0x00007ffcf1ca0000 - 0x00007ffcf1cb8000 	C:\Program Files\OpenLogic\jdk-17.0.10.7-hotspot\bin\zip.dll
0x00007ffce4490000 - 0x00007ffce44a9000 	C:\Program Files\OpenLogic\jdk-17.0.10.7-hotspot\bin\net.dll
0x00007ffd08200000 - 0x00007ffd08336000 	C:\WINDOWS\SYSTEM32\WINHTTP.dll
0x00007ffd10000000 - 0x00007ffd10069000 	C:\WINDOWS\system32\mswsock.dll
0x00007ffce3dc0000 - 0x00007ffce3dd6000 	C:\Program Files\OpenLogic\jdk-17.0.10.7-hotspot\bin\nio.dll
0x00007ffcfa820000 - 0x00007ffcfa830000 	C:\Program Files\OpenLogic\jdk-17.0.10.7-hotspot\bin\verify.dll
0x00007ffcbae80000 - 0x00007ffcbaec5000 	C:\Users\dell\AppData\Roaming\Code\User\globalStorage\redhat.java\1.38.0\config_win\org.eclipse.equinox.launcher\org.eclipse.equinox.launcher.win32.win32.x86_64_1.2.1100.v20240722-2106\eclipse_11904.dll
0x00007ffd13500000 - 0x00007ffd136a5000 	C:\WINDOWS\System32\ole32.dll
0x00007ffd10350000 - 0x00007ffd1036b000 	C:\WINDOWS\SYSTEM32\CRYPTSP.dll
0x00007ffd0faf0000 - 0x00007ffd0fb25000 	C:\WINDOWS\system32\rsaenh.dll
0x00007ffd100a0000 - 0x00007ffd100c8000 	C:\WINDOWS\SYSTEM32\USERENV.dll
0x00007ffd10330000 - 0x00007ffd1033c000 	C:\WINDOWS\SYSTEM32\CRYPTBASE.dll
0x00007ffd0f580000 - 0x00007ffd0f5ad000 	C:\WINDOWS\SYSTEM32\IPHLPAPI.DLL
0x00007ffd12500000 - 0x00007ffd12509000 	C:\WINDOWS\System32\NSI.dll
0x00007ffd07c00000 - 0x00007ffd07c19000 	C:\WINDOWS\SYSTEM32\dhcpcsvc6.DLL
0x00007ffd07be0000 - 0x00007ffd07bff000 	C:\WINDOWS\SYSTEM32\dhcpcsvc.DLL
0x00007ffd0f5b0000 - 0x00007ffd0f6b2000 	C:\WINDOWS\SYSTEM32\DNSAPI.dll
0x00007ffcbc080000 - 0x00007ffcbc0c9000 	C:\Users\dell\AppData\Local\Temp\jna-3079617\jna6469168429459953165.dll
0x00007ffd11fb0000 - 0x00007ffd11fb8000 	C:\WINDOWS\System32\PSAPI.DLL

dbghelp: loaded successfully - version: 4.0.5 - missing functions: none
symbol engine: initialized successfully - sym options: 0x614 - pdb path: .;C:\Program Files\OpenLogic\jdk-17.0.10.7-hotspot\bin;C:\WINDOWS\SYSTEM32;C:\WINDOWS\WinSxS\amd64_microsoft.windows.common-controls_6595b64144ccf1df_6.0.22621.4541_none_2710d1c57384c085;C:\Program Files\OpenLogic\jdk-17.0.10.7-hotspot\bin\server;C:\Users\dell\AppData\Roaming\Code\User\globalStorage\redhat.java\1.38.0\config_win\org.eclipse.equinox.launcher\org.eclipse.equinox.launcher.win32.win32.x86_64_1.2.1100.v20240722-2106;C:\Users\dell\AppData\Local\Temp\jna-3079617

VM Arguments:
jvm_args: --add-modules=ALL-SYSTEM --add-opens=java.base/java.util=ALL-UNNAMED --add-opens=java.base/java.lang=ALL-UNNAMED --add-opens=java.base/sun.nio.fs=ALL-UNNAMED -Declipse.application=org.eclipse.jdt.ls.core.id1 -Dosgi.bundles.defaultStartLevel=4 -Declipse.product=org.eclipse.jdt.ls.core.product -Djava.import.generatesMetadataFilesAtProjectRoot=false -DDetectVMInstallationsJob.disabled=true -Dfile.encoding=utf8 -XX:+UseParallelGC -XX:GCTimeRatio=4 -XX:AdaptiveSizePolicyWeight=90 -Dsun.zip.disableMemoryMapping=true -Xmx1G -Xms100m -Xlog:disable -javaagent:c:\Users\dell\.vscode\extensions\redhat.java-1.38.0-win32-x64\lombok\lombok-1.18.34.jar -XX:+HeapDumpOnOutOfMemoryError -XX:HeapDumpPath=c:\Users\dell\AppData\Roaming\Code\User\workspaceStorage\c3b23556509b50684c3c1f206e28cbb8\redhat.java -Daether.dependencyCollector.impl=bf 
java_command: c:\Users\dell\.vscode\extensions\redhat.java-1.38.0-win32-x64\server\plugins\org.eclipse.equinox.launcher_1.6.900.v20240613-2009.jar -configuration c:\Users\dell\AppData\Roaming\Code\User\globalStorage\redhat.java\1.38.0\config_win -data c:\Users\dell\AppData\Roaming\Code\User\workspaceStorage\c3b23556509b50684c3c1f206e28cbb8\redhat.java\jdt_ws --pipe=\\.\pipe\lsp-07e12e5e266b48e89bf9e5b1850d4ebc-sock
java_class_path (initial): c:\Users\dell\.vscode\extensions\redhat.java-1.38.0-win32-x64\server\plugins\org.eclipse.equinox.launcher_1.6.900.v20240613-2009.jar
Launcher Type: SUN_STANDARD

[Global flags]
    uintx AdaptiveSizePolicyWeight                 = 90                                        {product} {command line}
     intx CICompilerCount                          = 4                                         {product} {ergonomic}
    uintx GCTimeRatio                              = 4                                         {product} {command line}
     bool HeapDumpOnOutOfMemoryError               = true                                   {manageable} {command line}
    ccstr HeapDumpPath                             = c:\Users\dell\AppData\Roaming\Code\User\workspaceStorage\c3b23556509b50684c3c1f206e28cbb8\redhat.java         {manageable} {command line}
   size_t InitialHeapSize                          = 104857600                                 {product} {command line}
   size_t MaxHeapSize                              = 1073741824                                {product} {command line}
   size_t MaxNewSize                               = 357564416                                 {product} {ergonomic}
   size_t MinHeapDeltaBytes                        = 524288                                    {product} {ergonomic}
   size_t MinHeapSize                              = 104857600                                 {product} {command line}
   size_t NewSize                                  = 34603008                                  {product} {ergonomic}
    uintx NonNMethodCodeHeapSize                   = 5839372                                {pd product} {ergonomic}
    uintx NonProfiledCodeHeapSize                  = 122909434                              {pd product} {ergonomic}
   size_t OldSize                                  = 70254592                                  {product} {ergonomic}
    uintx ProfiledCodeHeapSize                     = 122909434                              {pd product} {ergonomic}
    uintx ReservedCodeCacheSize                    = 251658240                              {pd product} {ergonomic}
     bool SegmentedCodeCache                       = true                                      {product} {ergonomic}
   size_t SoftMaxHeapSize                          = 1073741824                             {manageable} {ergonomic}
     bool UseCompressedClassPointers               = true                           {product lp64_product} {ergonomic}
     bool UseCompressedOops                        = true                           {product lp64_product} {ergonomic}
     bool UseLargePagesIndividualAllocation        = false                                  {pd product} {ergonomic}
     bool UseParallelGC                            = true                                      {product} {command line}

Logging:
Log output configuration:
 #0: stdout all=off uptime,level,tags
 #1: stderr all=off uptime,level,tags

Environment Variables:
JAVA_HOME=C:\Program Files\OpenLogic\jdk-17.0.10.7-hotspot\
PATH=C:\Program Files\Volta\;C:\Program Files\OpenLogic\jdk-17.0.10.7-hotspot\bin;C:\Program Files\Common Files\Oracle\Java\javapath;C:\WINDOWS\system32;C:\WINDOWS;C:\WINDOWS\System32\Wbem;C:\WINDOWS\System32\WindowsPowerShell\v1.0\;C:\WINDOWS\System32\OpenSSH\;C:\Program Files\dotnet\;C:\MinGW\bin;C:\Program Files\Git\cmd;C:\Users\dell\AppData\Local\Android\Sdk\platform-tools;C:\Users\dell\AppData\Local\Android\Sdk;C:\ProgramData\chocolatey\bin;C:\Program Files\nodejs\;C:\opencv\build\x64\vc16\bin;C:\Program Files\MongoDB\mongosh-2.3.1-win32-x64\mongosh-2.3.1-win32-x64\bin;C:\ProgramData\chocolatey\lib\maven\apache-maven-3.9.9\bin;;C:\Program Files (x86)\Microchip\xc8\v1.37\bin;C:\Program Files (x86)\Microchip\xc8\v1.45\bin;C:\Users\dell\AppData\Local\Volta\bin;C:\Users\dell\AppData\Local\Android\Sdk;C:\Users\dell\AppData\Local\Android\Sdk\tools;C:\Users\dell\AppData\Local\Android\Sdk\platform-tools;C:\Users\dell\AppData\Local\Microsoft\WindowsApps;C:\Microsoft VS Code\bin;C:\Users\dell\AppData\Local\Android\Sdk\platform-tools;C:\Users\dell\AppData\Local\Android\Sdk\tools\bin;C:\Users\dell\AppData\Local\Android\Sdk\emulator;C:\Users\dell\AppData\Roaming\npm;C:\Program Files\OpenLogic\jdk-17.0.10.7-hotspot\bin;
USERNAME=dell
OS=Windows_NT
PROCESSOR_IDENTIFIER=Intel64 Family 6 Model 140 Stepping 1, GenuineIntel
TMP=C:\Users\dell\AppData\Local\Temp
TEMP=C:\Users\dell\AppData\Local\Temp



Periodic native trim disabled


---------------  S Y S T E M  ---------------

OS:
 Windows 11 , 64 bit Build 22621 (10.0.22621.4391)
OS uptime: 0 days 2:52 hours
Hyper-V role detected

CPU: total 8 (initial active 8) (4 cores per cpu, 2 threads per core) family 6 model 140 stepping 1 microcode 0xb8, cx8, cmov, fxsr, ht, mmx, 3dnowpref, sse, sse2, sse3, ssse3, sse4.1, sse4.2, popcnt, lzcnt, tsc, tscinvbit, avx, avx2, aes, erms, clmul, bmi1, bmi2, adx, avx512f, avx512dq, avx512cd, avx512bw, avx512vl, sha, fma, vzeroupper, avx512_vpopcntdq, avx512_vpclmulqdq, avx512_vaes, avx512_vnni, clflush, clflushopt, clwb, avx512_vbmi2, avx512_vbmi, hv
Processor Information for processor 0
  Max Mhz: 2419, Current Mhz: 2419, Mhz Limit: 2419
Processor Information for processor 1
  Max Mhz: 2419, Current Mhz: 2419, Mhz Limit: 2419
Processor Information for processor 2
  Max Mhz: 2419, Current Mhz: 2419, Mhz Limit: 2419
Processor Information for processor 3
  Max Mhz: 2419, Current Mhz: 2419, Mhz Limit: 2419
Processor Information for processor 4
  Max Mhz: 2419, Current Mhz: 2419, Mhz Limit: 2419
Processor Information for processor 5
  Max Mhz: 2419, Current Mhz: 2419, Mhz Limit: 2419
Processor Information for processor 6
  Max Mhz: 2419, Current Mhz: 1209, Mhz Limit: 2419
Processor Information for processor 7
  Max Mhz: 2419, Current Mhz: 2419, Mhz Limit: 2419

Memory: 4k page, system-wide physical 7918M (646M free)
TotalPageFile size 9966M (AvailPageFile size 2M)
current process WorkingSet (physical memory assigned to process): 217M, peak: 218M
current process commit charge ("private bytes"): 301M, peak: 303M

vm_info: OpenJDK 64-Bit Server VM (17.0.10+7-adhoc..jdk17u) for windows-amd64 JRE (17.0.10+7-adhoc..jdk17u), built on Jan 24 2024 08:51:31 by "" with MS VC++ 16.10 / 16.11 (VS2019)

END.
