#
# There is insufficient memory for the Java Runtime Environment to continue.
# Native memory allocation (malloc) failed to allocate 1454736 bytes for Chunk::new
# Possible reasons:
#   The system is out of physical RAM or swap space
#   The process is running with CompressedOops enabled, and the Java Heap may be blocking the growth of the native heap
# Possible solutions:
#   Reduce memory load on the system
#   Increase physical memory or swap space
#   Check if swap backing store is full
#   Decrease Java heap size (-Xmx/-Xms)
#   Decrease number of Java threads
#   Decrease Java thread stack sizes (-Xss)
#   Set larger code cache with -XX:ReservedCodeCacheSize=
#   JVM is running with Unscaled Compressed Oops mode in which the Java heap is
#     placed in the first 4GB address space. The Java Heap base address is the
#     maximum limit for the native heap growth. Please use -XX:HeapBaseMinAddress
#     to set the Java Heap base and to place the Java Heap above 4GB virtual address.
# This output file may be truncated or incomplete.
#
#  Out of Memory Error (arena.cpp:191), pid=2372, tid=7384
#
# JRE version: OpenJDK Runtime Environment OpenLogic-OpenJDK (17.0.10+7) (build 17.0.10+7-adhoc..jdk17u)
# Java VM: OpenJDK 64-Bit Server VM OpenLogic-OpenJDK (17.0.10+7-adhoc..jdk17u, mixed mode, sharing, tiered, compressed oops, compressed class ptrs, g1 gc, windows-amd64)
# No core dump will be written. Minidumps are not enabled by default on client versions of Windows
#

---------------  S U M M A R Y ------------

Command Line: -Dapplication.home=C:\Program Files\OpenLogic\jdk-17.0.10.7-hotspot --add-modules=ALL-DEFAULT -Xms8m -Djdk.module.main=jdk.compiler jdk.compiler/com.sun.tools.javac.Main triple/com/*.java

Host: 11th Gen Intel(R) Core(TM) i5-1135G7 @ 2.40GHz, 8 cores, 7G,  Windows 11 , 64 bit Build 22621 (10.0.22621.4391)
Time: Mon Dec 30 04:43:42 2024 West Bank Gaza Standard Time elapsed time: 0.464978 seconds (0d 0h 0m 0s)

---------------  T H R E A D  ---------------

Current thread (0x000001d68f3f8280):  JavaThread "C2 CompilerThread2" daemon [_thread_in_native, id=7384, stack(0x000000463f400000,0x000000463f500000)]


Current CompileTask:
C2:    465  723   !   4       com.sun.tools.javac.parser.JavaTokenizer::readToken (1731 bytes)

Stack: [0x000000463f400000,0x000000463f500000]
Native frames: (J=compiled Java code, j=interpreted, Vv=VM code, C=native code)
V  [jvm.dll+0x67d6e9]
V  [jvm.dll+0x834dca]
V  [jvm.dll+0x83688e]
V  [jvm.dll+0x836ef3]
V  [jvm.dll+0x247bdf]
V  [jvm.dll+0xac514]
V  [jvm.dll+0xacb5c]
V  [jvm.dll+0x366b82]
V  [jvm.dll+0x330ffa]
V  [jvm.dll+0x33049a]
V  [jvm.dll+0x21a2a1]
V  [jvm.dll+0x2196c1]
V  [jvm.dll+0x1a512d]
V  [jvm.dll+0x22949e]
V  [jvm.dll+0x22766c]
V  [jvm.dll+0x7e9ea7]
V  [jvm.dll+0x7e42aa]
V  [jvm.dll+0x67c5d5]
C  [ucrtbase.dll+0x29333]
C  [KERNEL32.DLL+0x1259d]
C  [ntdll.dll+0x5af38]


---------------  P R O C E S S  ---------------

Threads class SMR info:
_java_thread_list=0x000001d68f3c49a0, length=14, elements={
0x000001d629fcfa70, 0x000001d6494f2590, 0x000001d6494f4f60, 0x000001d649508de0,
0x000001d6495096b0, 0x000001d64950a070, 0x000001d64950ba40, 0x000001d64950c7e0,
0x000001d64950da30, 0x000001d649511450, 0x000001d649738cc0, 0x000001d6497649f0,
0x000001d6497fe750, 0x000001d68f3f8280
}

Java Threads: ( => current thread )
  0x000001d629fcfa70 JavaThread "main" [_thread_in_vm, id=13944, stack(0x000000463db00000,0x000000463dc00000)]
  0x000001d6494f2590 JavaThread "Reference Handler" daemon [_thread_blocked, id=6128, stack(0x000000463e200000,0x000000463e300000)]
  0x000001d6494f4f60 JavaThread "Finalizer" daemon [_thread_blocked, id=14832, stack(0x000000463e300000,0x000000463e400000)]
  0x000001d649508de0 JavaThread "Signal Dispatcher" daemon [_thread_blocked, id=2528, stack(0x000000463e400000,0x000000463e500000)]
  0x000001d6495096b0 JavaThread "Attach Listener" daemon [_thread_blocked, id=3576, stack(0x000000463e500000,0x000000463e600000)]
  0x000001d64950a070 JavaThread "Service Thread" daemon [_thread_blocked, id=9996, stack(0x000000463e600000,0x000000463e700000)]
  0x000001d64950ba40 JavaThread "Monitor Deflation Thread" daemon [_thread_blocked, id=14352, stack(0x000000463e700000,0x000000463e800000)]
  0x000001d64950c7e0 JavaThread "C2 CompilerThread0" daemon [_thread_in_native, id=8476, stack(0x000000463e800000,0x000000463e900000)]
  0x000001d64950da30 JavaThread "C1 CompilerThread0" daemon [_thread_in_native, id=14000, stack(0x000000463e900000,0x000000463ea00000)]
  0x000001d649511450 JavaThread "Sweeper thread" daemon [_thread_blocked, id=18036, stack(0x000000463ea00000,0x000000463eb00000)]
  0x000001d649738cc0 JavaThread "Common-Cleaner" daemon [_thread_blocked, id=16908, stack(0x000000463eb00000,0x000000463ec00000)]
  0x000001d6497649f0 JavaThread "C2 CompilerThread1" daemon [_thread_in_native, id=1184, stack(0x000000463ec00000,0x000000463ed00000)]
  0x000001d6497fe750 JavaThread "Notification Thread" daemon [_thread_blocked, id=15828, stack(0x000000463ed00000,0x000000463ee00000)]
=>0x000001d68f3f8280 JavaThread "C2 CompilerThread2" daemon [_thread_in_native, id=7384, stack(0x000000463f400000,0x000000463f500000)]

Other Threads:
  0x000001d6494ed440 VMThread "VM Thread" [stack: 0x000000463e100000,0x000000463e200000] [id=17464]
  0x000001d6497fec30 WatcherThread [stack: 0x000000463ee00000,0x000000463ef00000] [id=8048]
  0x000001d62a028ee0 GCTaskThread "GC Thread#0" [stack: 0x000000463dc00000,0x000000463dd00000] [id=12060]
  0x000001d649981810 GCTaskThread "GC Thread#1" [stack: 0x000000463ef00000,0x000000463f000000] [id=7692]
  0x000001d64998a3f0 GCTaskThread "GC Thread#2" [stack: 0x000000463f000000,0x000000463f100000] [id=13468]
  0x000001d64998a6b0 GCTaskThread "GC Thread#3" [stack: 0x000000463f100000,0x000000463f200000] [id=4520]
  0x000001d64998ad80 GCTaskThread "GC Thread#4" [stack: 0x000000463f200000,0x000000463f300000] [id=13104]
  0x000001d68f052800 GCTaskThread "GC Thread#5" [stack: 0x000000463f300000,0x000000463f400000] [id=17740]
  0x000001d62a0395b0 ConcurrentGCThread "G1 Main Marker" [stack: 0x000000463dd00000,0x000000463de00000] [id=10736]
  0x000001d62a039fd0 ConcurrentGCThread "G1 Conc#0" [stack: 0x000000463de00000,0x000000463df00000] [id=16960]
  0x000001d62a062380 ConcurrentGCThread "G1 Refine#0" [stack: 0x000000463df00000,0x000000463e000000] [id=1816]
  0x000001d62a062db0 ConcurrentGCThread "G1 Service" [stack: 0x000000463e000000,0x000000463e100000] [id=1532]

Threads with active compile tasks:
C2 CompilerThread0      481  717       4       com.sun.tools.javac.parser.JavaTokenizer::scanIdent (639 bytes)
C1 CompilerThread0      481  996   !   3       jdk.internal.misc.ScopedMemoryAccess::getIntUnaligned (22 bytes)
C2 CompilerThread1      481  993       4       jdk.internal.jimage.ImageStringsReader::charsFromByteBufferLength (81 bytes)
C2 CompilerThread2      481  723   !   4       com.sun.tools.javac.parser.JavaTokenizer::readToken (1731 bytes)

VM state: not at safepoint (normal execution)

VM Mutex/Monitor currently owned by a thread: None

Heap address: 0x0000000084400000, size: 1980 MB, Compressed Oops mode: 32-bit

CDS archive(s) mapped at: [0x000001d64a000000-0x000001d64abc0000-0x000001d64abc0000), size 12320768, SharedBaseAddress: 0x000001d64a000000, ArchiveRelocationMode: 1.
Compressed class space mapped at: 0x000001d64b000000-0x000001d68b000000, reserved size: 1073741824
Narrow klass base: 0x000001d64a000000, Narrow klass shift: 0, Narrow klass range: 0x100000000

GC Precious Log:
 CPUs: 8 total, 8 available
 Memory: 7918M
 Large Page Support: Disabled
 NUMA Support: Disabled
 Compressed Oops: Enabled (32-bit)
 Heap Region Size: 1M
 Heap Min Capacity: 8M
 Heap Initial Capacity: 8M
 Heap Max Capacity: 1980M
 Pre-touch: Disabled
 Parallel Workers: 8
 Concurrent Workers: 2
 Concurrent Refinement Workers: 8
 Periodic GC: Disabled

Heap:
 garbage-first heap   total 11264K, used 3864K [0x0000000084400000, 0x0000000100000000)
  region size 1024K, 2 young (2048K), 1 survivors (1024K)
 Metaspace       used 8140K, committed 8320K, reserved 1114112K
  class space    used 937K, committed 1024K, reserved 1048576K

Heap Regions: E=young(eden), S=young(survivor), O=old, HS=humongous(starts), HC=humongous(continues), CS=collection set, F=free, OA=open archive, CA=closed archive, TAMS=top-at-mark-start (previous, next)
|   0|0x0000000084400000, 0x0000000084500000, 0x0000000084500000|100%| O|  |TAMS 0x0000000084400000, 0x0000000084400000| Untracked 
|   1|0x0000000084500000, 0x0000000084600000, 0x0000000084600000|100%| O|  |TAMS 0x0000000084500000, 0x0000000084500000| Untracked 
|   2|0x0000000084600000, 0x00000000846c6000, 0x0000000084700000| 77%| O|  |TAMS 0x0000000084600000, 0x0000000084600000| Untracked 
|   3|0x0000000084700000, 0x0000000084700000, 0x0000000084800000|  0%| F|  |TAMS 0x0000000084700000, 0x0000000084700000| Untracked 
|   4|0x0000000084800000, 0x0000000084800000, 0x0000000084900000|  0%| F|  |TAMS 0x0000000084800000, 0x0000000084800000| Untracked 
|   5|0x0000000084900000, 0x0000000084900000, 0x0000000084a00000|  0%| F|  |TAMS 0x0000000084900000, 0x0000000084900000| Untracked 
|   6|0x0000000084a00000, 0x0000000084a00000, 0x0000000084b00000|  0%| F|  |TAMS 0x0000000084a00000, 0x0000000084a00000| Untracked 
|   7|0x0000000084b00000, 0x0000000084c00000, 0x0000000084c00000|100%| S|CS|TAMS 0x0000000084b00000, 0x0000000084b00000| Complete 
|   8|0x0000000084c00000, 0x0000000084c00000, 0x0000000084d00000|  0%| F|  |TAMS 0x0000000084c00000, 0x0000000084c00000| Untracked 
|   9|0x0000000084d00000, 0x0000000084d00000, 0x0000000084e00000|  0%| F|  |TAMS 0x0000000084d00000, 0x0000000084d00000| Untracked 
|  10|0x0000000084e00000, 0x0000000084f00000, 0x0000000084f00000|100%| E|  |TAMS 0x0000000084e00000, 0x0000000084e00000| Complete 

Card table byte_map: [0x000001d642570000,0x000001d642950000] _byte_map_base: 0x000001d64214e000

Marking Bits (Prev, Next): (CMBitMap*) 0x000001d62a029500, (CMBitMap*) 0x000001d62a029540
 Prev Bits: [0x000001d642d30000, 0x000001d644c20000)
 Next Bits: [0x000001d644c20000, 0x000001d646b10000)

Polling page: 0x000001d629780000

Metaspace:

Usage:
  Non-class:      7.04 MB used.
      Class:    937.70 KB used.
       Both:      7.95 MB used.

Virtual space:
  Non-class space:       64.00 MB reserved,       7.12 MB ( 11%) committed,  1 nodes.
      Class space:        1.00 GB reserved,       1.00 MB ( <1%) committed,  1 nodes.
             Both:        1.06 GB reserved,       8.12 MB ( <1%) committed. 

Chunk freelists:
   Non-Class:  6.41 MB
       Class:  14.95 MB
        Both:  21.35 MB

MaxMetaspaceSize: unlimited
CompressedClassSpaceSize: 1.00 GB
Initial GC threshold: 21.00 MB
Current GC threshold: 21.00 MB
CDS: on
MetaspaceReclaimPolicy: balanced
 - commit_granule_bytes: 65536.
 - commit_granule_words: 8192.
 - virtual_space_node_default_size: 8388608.
 - enlarge_chunks_in_place: 1.
 - new_chunks_are_fully_committed: 0.
 - uncommit_free_chunks: 1.
 - use_allocation_guard: 0.
 - handle_deallocations: 1.


Internal statistics:

num_allocs_failed_limit: 0.
num_arena_births: 62.
num_arena_deaths: 0.
num_vsnodes_births: 2.
num_vsnodes_deaths: 0.
num_space_committed: 130.
num_space_uncommitted: 0.
num_chunks_returned_to_freelist: 0.
num_chunks_taken_from_freelist: 332.
num_chunk_merges: 0.
num_chunk_splits: 239.
num_chunks_enlarged: 188.
num_inconsistent_stats: 0.

CodeHeap 'non-profiled nmethods': size=120000Kb used=323Kb max_used=323Kb free=119676Kb
 bounds [0x000001d63a930000, 0x000001d63aba0000, 0x000001d641e60000]
CodeHeap 'profiled nmethods': size=120000Kb used=1836Kb max_used=1836Kb free=118163Kb
 bounds [0x000001d632e60000, 0x000001d6330d0000, 0x000001d63a390000]
CodeHeap 'non-nmethods': size=5760Kb used=1136Kb max_used=1163Kb free=4623Kb
 bounds [0x000001d63a390000, 0x000001d63a600000, 0x000001d63a930000]
 total_blobs=1407 nmethods=1001 adapters=319
 compilation: enabled
              stopped_count=0, restarted_count=0
 full_count=0

Compilation events (20 events):
Event: 0.457 Thread 0x000001d64950da30 nmethod 948 0x000001d63300de90 code [0x000001d63300e060, 0x000001d63300e3a8]
Event: 0.457 Thread 0x000001d64950da30  942       1       java.lang.String::value (5 bytes)
Event: 0.457 Thread 0x000001d64950da30 nmethod 942 0x000001d63a97c890 code [0x000001d63a97ca20, 0x000001d63a97caf8]
Event: 0.457 Thread 0x000001d64950da30  950       3       jdk.internal.org.objectweb.asm.SymbolTable::addConstantMemberReference (147 bytes)
Event: 0.458 Thread 0x000001d64950da30 nmethod 950 0x000001d63300e590 code [0x000001d63300e800, 0x000001d63300f0e8]
Event: 0.458 Thread 0x000001d64950da30  951       3       jdk.internal.org.objectweb.asm.Attribute::computeAttributesSize (62 bytes)
Event: 0.458 Thread 0x000001d64950da30 nmethod 951 0x000001d63300f610 code [0x000001d63300f7e0, 0x000001d63300fb08]
Event: 0.458 Thread 0x000001d64950da30  952       3       jdk.internal.org.objectweb.asm.AnnotationWriter::computeAnnotationsSize (66 bytes)
Event: 0.458 Thread 0x000001d64950da30 nmethod 952 0x000001d63300fc90 code [0x000001d63300fe60, 0x000001d633010198]
Event: 0.458 Thread 0x000001d64950da30  953       3       jdk.internal.org.objectweb.asm.Attribute::putAttributes (78 bytes)
Event: 0.459 Thread 0x000001d64950da30 nmethod 953 0x000001d633010390 code [0x000001d6330105e0, 0x000001d633010b18]
Event: 0.459 Thread 0x000001d64950da30  954       3       java.lang.ref.SoftReference::get (29 bytes)
Event: 0.459 Thread 0x000001d64950da30 nmethod 954 0x000001d633010e10 code [0x000001d633010fa0, 0x000001d633011178]
Event: 0.459 Thread 0x000001d64950da30  949       1       sun.nio.fs.WindowsPath::toString (5 bytes)
Event: 0.459 Thread 0x000001d64950da30 nmethod 949 0x000001d63a97cb90 code [0x000001d63a97cd20, 0x000001d63a97cdf8]
Event: 0.461 Thread 0x000001d64950da30  955       3       java.lang.String::substring (10 bytes)
Event: 0.461 Thread 0x000001d64950da30 nmethod 955 0x000001d633011210 code [0x000001d6330113c0, 0x000001d633011608]
Event: 0.461 Thread 0x000001d64950da30  956       3       sun.nio.fs.WindowsNativeDispatcher::asNativeBuffer (103 bytes)
Event: 0.462 Thread 0x000001d64950da30 nmethod 956 0x000001d633011710 code [0x000001d633011980, 0x000001d6330123b8]
Event: 0.462 Thread 0x000001d64950da30  959       3       com.sun.tools.javac.file.BaseFileManager::getKind (55 bytes)

GC Heap History (12 events):
Event: 0.172 GC heap before
{Heap before GC invocations=0 (full 0):
 garbage-first heap   total 8192K, used 2048K [0x0000000084400000, 0x0000000100000000)
  region size 1024K, 3 young (3072K), 0 survivors (0K)
 Metaspace       used 2663K, committed 2880K, reserved 1114112K
  class space    used 356K, committed 448K, reserved 1048576K
}
Event: 0.174 GC heap after
{Heap after GC invocations=1 (full 0):
 garbage-first heap   total 8192K, used 1216K [0x0000000084400000, 0x0000000100000000)
  region size 1024K, 1 young (1024K), 1 survivors (1024K)
 Metaspace       used 2663K, committed 2880K, reserved 1114112K
  class space    used 356K, committed 448K, reserved 1048576K
}
Event: 0.240 GC heap before
{Heap before GC invocations=1 (full 0):
 garbage-first heap   total 8192K, used 1216K [0x0000000084400000, 0x0000000100000000)
  region size 1024K, 2 young (2048K), 1 survivors (1024K)
 Metaspace       used 5040K, committed 5248K, reserved 1114112K
  class space    used 621K, committed 704K, reserved 1048576K
}
Event: 0.244 GC heap after
{Heap after GC invocations=2 (full 0):
 garbage-first heap   total 8192K, used 1882K [0x0000000084400000, 0x0000000100000000)
  region size 1024K, 1 young (1024K), 1 survivors (1024K)
 Metaspace       used 5040K, committed 5248K, reserved 1114112K
  class space    used 621K, committed 704K, reserved 1048576K
}
Event: 0.286 GC heap before
{Heap before GC invocations=2 (full 0):
 garbage-first heap   total 8192K, used 2906K [0x0000000084400000, 0x0000000100000000)
  region size 1024K, 2 young (2048K), 1 survivors (1024K)
 Metaspace       used 6247K, committed 6400K, reserved 1114112K
  class space    used 755K, committed 832K, reserved 1048576K
}
Event: 0.287 GC heap after
{Heap after GC invocations=3 (full 0):
 garbage-first heap   total 8192K, used 2202K [0x0000000084400000, 0x0000000100000000)
  region size 1024K, 1 young (1024K), 1 survivors (1024K)
 Metaspace       used 6247K, committed 6400K, reserved 1114112K
  class space    used 755K, committed 832K, reserved 1048576K
}
Event: 0.342 GC heap before
{Heap before GC invocations=3 (full 0):
 garbage-first heap   total 8192K, used 3226K [0x0000000084400000, 0x0000000100000000)
  region size 1024K, 2 young (2048K), 1 survivors (1024K)
 Metaspace       used 7389K, committed 7552K, reserved 1114112K
  class space    used 861K, committed 960K, reserved 1048576K
}
Event: 0.345 GC heap after
{Heap after GC invocations=4 (full 0):
 garbage-first heap   total 8192K, used 2404K [0x0000000084400000, 0x0000000100000000)
  region size 1024K, 1 young (1024K), 1 survivors (1024K)
 Metaspace       used 7389K, committed 7552K, reserved 1114112K
  class space    used 861K, committed 960K, reserved 1048576K
}
Event: 0.360 GC heap before
{Heap before GC invocations=4 (full 0):
 garbage-first heap   total 8192K, used 3428K [0x0000000084400000, 0x0000000100000000)
  region size 1024K, 2 young (2048K), 1 survivors (1024K)
 Metaspace       used 7482K, committed 7680K, reserved 1114112K
  class space    used 862K, committed 960K, reserved 1048576K
}
Event: 0.362 GC heap after
{Heap after GC invocations=5 (full 0):
 garbage-first heap   total 11264K, used 2728K [0x0000000084400000, 0x0000000100000000)
  region size 1024K, 1 young (1024K), 1 survivors (1024K)
 Metaspace       used 7482K, committed 7680K, reserved 1114112K
  class space    used 862K, committed 960K, reserved 1048576K
}
Event: 0.402 GC heap before
{Heap before GC invocations=5 (full 0):
 garbage-first heap   total 11264K, used 4776K [0x0000000084400000, 0x0000000100000000)
  region size 1024K, 3 young (3072K), 1 survivors (1024K)
 Metaspace       used 7658K, committed 7808K, reserved 1114112K
  class space    used 881K, committed 960K, reserved 1048576K
}
Event: 0.405 GC heap after
{Heap after GC invocations=6 (full 0):
 garbage-first heap   total 11264K, used 3185K [0x0000000084400000, 0x0000000100000000)
  region size 1024K, 1 young (1024K), 1 survivors (1024K)
 Metaspace       used 7658K, committed 7808K, reserved 1114112K
  class space    used 881K, committed 960K, reserved 1048576K
}

Dll operation events (5 events):
Event: 0.006 Loaded shared library C:\Program Files\OpenLogic\jdk-17.0.10.7-hotspot\bin\java.dll
Event: 0.026 Loaded shared library C:\Program Files\OpenLogic\jdk-17.0.10.7-hotspot\bin\jsvml.dll
Event: 0.068 Loaded shared library C:\Program Files\OpenLogic\jdk-17.0.10.7-hotspot\bin\jimage.dll
Event: 0.073 Loaded shared library C:\Program Files\OpenLogic\jdk-17.0.10.7-hotspot\bin\net.dll
Event: 0.074 Loaded shared library C:\Program Files\OpenLogic\jdk-17.0.10.7-hotspot\bin\nio.dll

Deoptimization events (20 events):
Event: 0.159 Thread 0x000001d629fcfa70 DEOPT PACKING pc=0x000001d632e879e7 sp=0x000000463dbfa930
Event: 0.159 Thread 0x000001d629fcfa70 DEOPT UNPACKING pc=0x000001d63a3eace3 sp=0x000000463dbf9d50 mode 0
Event: 0.182 Thread 0x000001d629fcfa70 DEOPT PACKING pc=0x000001d632e86d51 sp=0x000000463dbfa660
Event: 0.182 Thread 0x000001d629fcfa70 DEOPT UNPACKING pc=0x000001d63a3eace3 sp=0x000000463dbf9ad8 mode 0
Event: 0.301 Thread 0x000001d629fcfa70 Uncommon trap: trap_request=0xffffff45 fr.pc=0x000001d63a95673c relative=0x000000000000049c
Event: 0.301 Thread 0x000001d629fcfa70 Uncommon trap: reason=unstable_if action=reinterpret pc=0x000001d63a95673c method=java.lang.StringLatin1.replace([BCC)Ljava/lang/String; @ 19 c2
Event: 0.301 Thread 0x000001d629fcfa70 DEOPT PACKING pc=0x000001d63a95673c sp=0x000000463dbfe9a0
Event: 0.301 Thread 0x000001d629fcfa70 DEOPT UNPACKING pc=0x000001d63a3ea1a3 sp=0x000000463dbfe920 mode 2
Event: 0.331 Thread 0x000001d629fcfa70 Uncommon trap: trap_request=0xffffff45 fr.pc=0x000001d63a961cbc relative=0x000000000000011c
Event: 0.331 Thread 0x000001d629fcfa70 Uncommon trap: reason=unstable_if action=reinterpret pc=0x000001d63a961cbc method=com.sun.tools.javac.parser.UnicodeReader.nextCodeUnit()V @ 15 c2
Event: 0.332 Thread 0x000001d629fcfa70 DEOPT PACKING pc=0x000001d63a961cbc sp=0x000000463dbfe3e0
Event: 0.332 Thread 0x000001d629fcfa70 DEOPT UNPACKING pc=0x000001d63a3ea1a3 sp=0x000000463dbfe2a8 mode 2
Event: 0.335 Thread 0x000001d629fcfa70 Uncommon trap: trap_request=0xffffff45 fr.pc=0x000001d63a962234 relative=0x0000000000000114
Event: 0.335 Thread 0x000001d629fcfa70 Uncommon trap: reason=unstable_if action=reinterpret pc=0x000001d63a962234 method=com.sun.tools.javac.parser.UnicodeReader.nextCodeUnit()V @ 15 c2
Event: 0.335 Thread 0x000001d629fcfa70 DEOPT PACKING pc=0x000001d63a962234 sp=0x000000463dbfe580
Event: 0.335 Thread 0x000001d629fcfa70 DEOPT UNPACKING pc=0x000001d63a3ea1a3 sp=0x000000463dbfe4c0 mode 2
Event: 0.418 Thread 0x000001d629fcfa70 Uncommon trap: trap_request=0xffffff45 fr.pc=0x000001d63a968570 relative=0x00000000000001f0
Event: 0.418 Thread 0x000001d629fcfa70 Uncommon trap: reason=unstable_if action=reinterpret pc=0x000001d63a968570 method=com.sun.tools.javac.util.Name$Table.equals([BI[BII)Z @ 22 c2
Event: 0.418 Thread 0x000001d629fcfa70 DEOPT PACKING pc=0x000001d63a968570 sp=0x000000463dbfe0b0
Event: 0.418 Thread 0x000001d629fcfa70 DEOPT UNPACKING pc=0x000001d63a3ea1a3 sp=0x000000463dbfe028 mode 2

Classes unloaded (0 events):
No events

Classes redefined (0 events):
No events

Internal exceptions (17 events):
Event: 0.122 Thread 0x000001d629fcfa70 Exception <a 'java/lang/NoSuchMethodError'{0x0000000084913a38}: 'void java.lang.invoke.DirectMethodHandle$Holder.invokeSpecial(java.lang.Object, java.lang.Object, java.lang.Object)'> (0x0000000084913a38) 
thrown [s\src\hotspot\share\interpreter\linkResolver.cpp, line 759]
Event: 0.140 Thread 0x000001d629fcfa70 Exception <a 'java/lang/NoSuchMethodError'{0x0000000084960d88}: 'int java.lang.invoke.DirectMethodHandle$Holder.invokeVirtual(java.lang.Object, java.lang.Object, java.lang.Object)'> (0x0000000084960d88) 
thrown [s\src\hotspot\share\interpreter\linkResolver.cpp, line 759]
Event: 0.141 Thread 0x000001d629fcfa70 Exception <a 'java/lang/NoSuchMethodError'{0x00000000849673e8}: 'void java.lang.invoke.DirectMethodHandle$Holder.invokeInterface(java.lang.Object, java.lang.Object, java.lang.Object)'> (0x00000000849673e8) 
thrown [s\src\hotspot\share\interpreter\linkResolver.cpp, line 759]
Event: 0.205 Thread 0x000001d629fcfa70 Exception <a 'java/lang/NoSuchMethodError'{0x0000000084b937a0}: 'int java.lang.invoke.DirectMethodHandle$Holder.invokeStaticInit(java.lang.Object, java.lang.Object)'> (0x0000000084b937a0) 
thrown [s\src\hotspot\share\interpreter\linkResolver.cpp, line 759]
Event: 0.255 Thread 0x000001d629fcfa70 Exception <a 'java/lang/NoSuchMethodError'{0x0000000084b424e8}: 'int java.lang.invoke.DirectMethodHandle$Holder.invokeVirtual(java.lang.Object, java.lang.Object)'> (0x0000000084b424e8) 
thrown [s\src\hotspot\share\interpreter\linkResolver.cpp, line 759]
Event: 0.259 Thread 0x000001d629fcfa70 Exception <a 'java/lang/NoSuchMethodError'{0x0000000084b6a408}: 'java.lang.Object java.lang.invoke.DirectMethodHandle$Holder.newInvokeSpecial(java.lang.Object, java.lang.Object, java.lang.Object, java.lang.Object, java.lang.Object)'> (0x0000000084b6a408) 
thrown [s\src\hotspot\share\interpreter\linkResolver.cpp, line 759]
Event: 0.262 Thread 0x000001d629fcfa70 Exception <a 'java/lang/NoSuchMethodError'{0x0000000084b790c8}: 'java.lang.Object java.lang.invoke.DirectMethodHandle$Holder.newInvokeSpecial(java.lang.Object, java.lang.Object, java.lang.Object, java.lang.Object, java.lang.Object, java.lang.Object)'> (0x0000000084b790c8) 
thrown [s\src\hotspot\share\interpreter\linkResolver.cpp, line 759]
Event: 0.273 Thread 0x000001d629fcfa70 Exception <a 'java/lang/NoSuchMethodError'{0x0000000084bc3220}: 'java.lang.Object java.lang.invoke.DirectMethodHandle$Holder.invokeVirtual(java.lang.Object, java.lang.Object, java.lang.Object)'> (0x0000000084bc3220) 
thrown [s\src\hotspot\share\interpreter\linkResolver.cpp, line 759]
Event: 0.275 Thread 0x000001d629fcfa70 Exception <a 'java/lang/NoSuchMethodError'{0x0000000084bce7a8}: 'int java.lang.invoke.DirectMethodHandle$Holder.invokeInterface(java.lang.Object, java.lang.Object)'> (0x0000000084bce7a8) 
thrown [s\src\hotspot\share\interpreter\linkResolver.cpp, line 759]
Event: 0.278 Thread 0x000001d629fcfa70 Exception <a 'sun/nio/fs/WindowsException'{0x0000000084bd4fd8}> (0x0000000084bd4fd8) 
thrown [s\src\hotspot\share\prims\jni.cpp, line 516]
Event: 0.278 Thread 0x000001d629fcfa70 Exception <a 'sun/nio/fs/WindowsException'{0x0000000084bd5278}> (0x0000000084bd5278) 
thrown [s\src\hotspot\share\prims\jni.cpp, line 516]
Event: 0.283 Thread 0x000001d629fcfa70 Exception <a 'java/lang/NoSuchMethodError'{0x0000000084bef2b0}: 'java.lang.Object java.lang.invoke.DirectMethodHandle$Holder.invokeStaticInit(java.lang.Object)'> (0x0000000084bef2b0) 
thrown [s\src\hotspot\share\interpreter\linkResolver.cpp, line 759]
Event: 0.419 Thread 0x000001d629fcfa70 Exception <a 'java/lang/NoSuchMethodError'{0x0000000084e4bbe8}: 'java.lang.Object java.lang.invoke.DirectMethodHandle$Holder.invokeVirtual(java.lang.Object, java.lang.Object, java.lang.Object, int, int)'> (0x0000000084e4bbe8) 
thrown [s\src\hotspot\share\interpreter\linkResolver.cpp, line 759]
Event: 0.420 Thread 0x000001d629fcfa70 Exception <a 'java/lang/NoSuchMethodError'{0x0000000084e52a78}: 'java.lang.Object java.lang.invoke.DirectMethodHandle$Holder.invokeVirtual(java.lang.Object, java.lang.Object, int)'> (0x0000000084e52a78) 
thrown [s\src\hotspot\share\interpreter\linkResolver.cpp, line 759]
Event: 0.423 Thread 0x000001d629fcfa70 Exception <a 'java/lang/NoSuchMethodError'{0x0000000084e6b9c8}: 'java.lang.Object java.lang.invoke.DirectMethodHandle$Holder.invokeSpecial(java.lang.Object, java.lang.Object, java.lang.Object, int, int)'> (0x0000000084e6b9c8) 
thrown [s\src\hotspot\share\interpreter\linkResolver.cpp, line 759]
Event: 0.450 Thread 0x000001d629fcfa70 Exception <a 'java/lang/NoSuchMethodError'{0x0000000084dc5f00}: 'void java.lang.invoke.DirectMethodHandle$Holder.invokeStatic(java.lang.Object, java.lang.Object)'> (0x0000000084dc5f00) 
thrown [s\src\hotspot\share\interpreter\linkResolver.cpp, line 759]
Event: 0.451 Thread 0x000001d629fcfa70 Exception <a 'sun/nio/fs/WindowsException'{0x0000000084dcffd8}> (0x0000000084dcffd8) 
thrown [s\src\hotspot\share\prims\jni.cpp, line 516]

VM Operations (20 events):
Event: 0.055 Executing VM operation: HandshakeAllThreads
Event: 0.055 Executing VM operation: HandshakeAllThreads done
Event: 0.124 Executing VM operation: HandshakeAllThreads
Event: 0.124 Executing VM operation: HandshakeAllThreads done
Event: 0.172 Executing VM operation: G1CollectForAllocation
Event: 0.174 Executing VM operation: G1CollectForAllocation done
Event: 0.240 Executing VM operation: G1CollectForAllocation
Event: 0.244 Executing VM operation: G1CollectForAllocation done
Event: 0.280 Executing VM operation: HandshakeAllThreads
Event: 0.280 Executing VM operation: HandshakeAllThreads done
Event: 0.286 Executing VM operation: G1CollectForAllocation
Event: 0.287 Executing VM operation: G1CollectForAllocation done
Event: 0.342 Executing VM operation: G1CollectForAllocation
Event: 0.345 Executing VM operation: G1CollectForAllocation done
Event: 0.360 Executing VM operation: G1CollectForAllocation
Event: 0.362 Executing VM operation: G1CollectForAllocation done
Event: 0.389 Executing VM operation: HandshakeAllThreads
Event: 0.389 Executing VM operation: HandshakeAllThreads done
Event: 0.402 Executing VM operation: G1CollectForAllocation
Event: 0.405 Executing VM operation: G1CollectForAllocation done

Events (20 events):
Event: 0.453 loading class java/util/stream/Nodes$EmptyNode done
Event: 0.453 loading class java/util/stream/Nodes$EmptyNode$OfRef done
Event: 0.453 loading class java/util/stream/Nodes$EmptyNode$OfInt
Event: 0.453 loading class java/util/stream/Node$OfInt
Event: 0.453 loading class java/util/stream/Node$OfPrimitive
Event: 0.453 loading class java/util/stream/Node$OfPrimitive done
Event: 0.453 loading class java/util/stream/Node$OfInt done
Event: 0.453 loading class java/util/stream/Nodes$EmptyNode$OfInt done
Event: 0.453 loading class java/util/stream/Nodes$EmptyNode$OfLong
Event: 0.453 loading class java/util/stream/Node$OfLong
Event: 0.453 loading class java/util/stream/Node$OfLong done
Event: 0.454 loading class java/util/stream/Nodes$EmptyNode$OfLong done
Event: 0.454 loading class java/util/stream/Nodes$EmptyNode$OfDouble
Event: 0.454 loading class java/util/stream/Node$OfDouble
Event: 0.454 loading class java/util/stream/Node$OfDouble done
Event: 0.454 loading class java/util/stream/Nodes$EmptyNode$OfDouble done
Event: 0.454 loading class java/util/stream/Nodes$SpinedNodeBuilder
Event: 0.454 loading class java/util/stream/Node$Builder
Event: 0.454 loading class java/util/stream/Node$Builder done
Event: 0.454 loading class java/util/stream/Nodes$SpinedNodeBuilder done


Dynamic libraries:
0x00007ff64c900000 - 0x00007ff64c908000 	C:\Program Files\OpenLogic\jdk-17.0.10.7-hotspot\bin\javac.exe
0x00007ffa61e50000 - 0x00007ffa62067000 	C:\WINDOWS\SYSTEM32\ntdll.dll
0x00007ffa61570000 - 0x00007ffa61634000 	C:\WINDOWS\System32\KERNEL32.DLL
0x00007ffa5f3e0000 - 0x00007ffa5f79a000 	C:\WINDOWS\System32\KERNELBASE.dll
0x00007ffa5fa30000 - 0x00007ffa5fb41000 	C:\WINDOWS\System32\ucrtbase.dll
0x00007ffa3d9b0000 - 0x00007ffa3d9cb000 	C:\Program Files\OpenLogic\jdk-17.0.10.7-hotspot\bin\VCRUNTIME140.dll
0x00007ffa3ca90000 - 0x00007ffa3caa7000 	C:\Program Files\OpenLogic\jdk-17.0.10.7-hotspot\bin\jli.dll
0x00007ffa601a0000 - 0x00007ffa6034e000 	C:\WINDOWS\System32\USER32.dll
0x00007ffa5f1e0000 - 0x00007ffa5f206000 	C:\WINDOWS\System32\win32u.dll
0x00007ffa610a0000 - 0x00007ffa610c9000 	C:\WINDOWS\System32\GDI32.dll
0x00007ffa39370000 - 0x00007ffa39602000 	C:\WINDOWS\WinSxS\amd64_microsoft.windows.common-controls_6595b64144ccf1df_6.0.22621.4541_none_2710d1c57384c085\COMCTL32.dll
0x00007ffa61460000 - 0x00007ffa61507000 	C:\WINDOWS\System32\msvcrt.dll
0x00007ffa5f210000 - 0x00007ffa5f32b000 	C:\WINDOWS\System32\gdi32full.dll
0x00007ffa5f7a0000 - 0x00007ffa5f83a000 	C:\WINDOWS\System32\msvcp_win.dll
0x00007ffa61dd0000 - 0x00007ffa61e01000 	C:\WINDOWS\System32\IMM32.DLL
0x00007ffa52eb0000 - 0x00007ffa52ebc000 	C:\Program Files\OpenLogic\jdk-17.0.10.7-hotspot\bin\vcruntime140_1.dll
0x00007ffa1adb0000 - 0x00007ffa1ae3d000 	C:\Program Files\OpenLogic\jdk-17.0.10.7-hotspot\bin\msvcp140.dll
0x00007ff9e40b0000 - 0x00007ff9e4d12000 	C:\Program Files\OpenLogic\jdk-17.0.10.7-hotspot\bin\server\jvm.dll
0x00007ffa61900000 - 0x00007ffa619b2000 	C:\WINDOWS\System32\ADVAPI32.dll
0x00007ffa61850000 - 0x00007ffa618f7000 	C:\WINDOWS\System32\sechost.dll
0x00007ffa5f3b0000 - 0x00007ffa5f3d8000 	C:\WINDOWS\System32\bcrypt.dll
0x00007ffa610d0000 - 0x00007ffa611e4000 	C:\WINDOWS\System32\RPCRT4.dll
0x00007ffa55190000 - 0x00007ffa551c4000 	C:\WINDOWS\SYSTEM32\WINMM.dll
0x00007ffa5df70000 - 0x00007ffa5dfbd000 	C:\WINDOWS\SYSTEM32\POWRPROF.dll
0x00007ffa582d0000 - 0x00007ffa582d9000 	C:\WINDOWS\SYSTEM32\WSOCK32.dll
0x00007ffa60390000 - 0x00007ffa60401000 	C:\WINDOWS\System32\WS2_32.dll
0x00007ffa54ea0000 - 0x00007ffa54eaa000 	C:\WINDOWS\SYSTEM32\VERSION.dll
0x00007ffa5df50000 - 0x00007ffa5df63000 	C:\WINDOWS\SYSTEM32\UMPDC.dll
0x00007ffa5e210000 - 0x00007ffa5e228000 	C:\WINDOWS\SYSTEM32\kernel.appcore.dll
0x00007ffa52e70000 - 0x00007ffa52e7a000 	C:\Program Files\OpenLogic\jdk-17.0.10.7-hotspot\bin\jimage.dll
0x00007ffa5c920000 - 0x00007ffa5cb52000 	C:\WINDOWS\SYSTEM32\DBGHELP.DLL
0x00007ffa60410000 - 0x00007ffa6079f000 	C:\WINDOWS\System32\combase.dll
0x00007ffa61cf0000 - 0x00007ffa61dc7000 	C:\WINDOWS\System32\OLEAUT32.dll
0x00007ffa329e0000 - 0x00007ffa32a12000 	C:\WINDOWS\SYSTEM32\dbgcore.DLL
0x00007ffa5f330000 - 0x00007ffa5f3ab000 	C:\WINDOWS\System32\bcryptPrimitives.dll
0x00007ffa33410000 - 0x00007ffa33435000 	C:\Program Files\OpenLogic\jdk-17.0.10.7-hotspot\bin\java.dll
0x00007ffa17520000 - 0x00007ffa175f6000 	C:\Program Files\OpenLogic\jdk-17.0.10.7-hotspot\bin\jsvml.dll
0x00007ffa60820000 - 0x00007ffa61098000 	C:\WINDOWS\System32\SHELL32.dll
0x00007ffa5d020000 - 0x00007ffa5d928000 	C:\WINDOWS\SYSTEM32\windows.storage.dll
0x00007ffa5cee0000 - 0x00007ffa5d01f000 	C:\WINDOWS\SYSTEM32\wintypes.dll
0x00007ffa5fb70000 - 0x00007ffa5fc6a000 	C:\WINDOWS\System32\SHCORE.dll
0x00007ffa61510000 - 0x00007ffa6156e000 	C:\WINDOWS\System32\shlwapi.dll
0x00007ffa5f050000 - 0x00007ffa5f07b000 	C:\WINDOWS\SYSTEM32\profapi.dll
0x00007ffa32e60000 - 0x00007ffa32e79000 	C:\Program Files\OpenLogic\jdk-17.0.10.7-hotspot\bin\net.dll
0x00007ffa56810000 - 0x00007ffa56946000 	C:\WINDOWS\SYSTEM32\WINHTTP.dll
0x00007ffa5e680000 - 0x00007ffa5e6e9000 	C:\WINDOWS\system32\mswsock.dll
0x00007ffa32d90000 - 0x00007ffa32da6000 	C:\Program Files\OpenLogic\jdk-17.0.10.7-hotspot\bin\nio.dll

dbghelp: loaded successfully - version: 4.0.5 - missing functions: none
symbol engine: initialized successfully - sym options: 0x614 - pdb path: .;C:\Program Files\OpenLogic\jdk-17.0.10.7-hotspot\bin;C:\WINDOWS\SYSTEM32;C:\WINDOWS\WinSxS\amd64_microsoft.windows.common-controls_6595b64144ccf1df_6.0.22621.4541_none_2710d1c57384c085;C:\Program Files\OpenLogic\jdk-17.0.10.7-hotspot\bin\server

VM Arguments:
jvm_args: -Dapplication.home=C:\Program Files\OpenLogic\jdk-17.0.10.7-hotspot --add-modules=ALL-DEFAULT -Xms8m -Djdk.module.main=jdk.compiler 
java_command: jdk.compiler/com.sun.tools.javac.Main triple/com/*.java
java_class_path (initial): <not set>
Launcher Type: SUN_STANDARD

[Global flags]
     intx CICompilerCount                          = 4                                         {product} {ergonomic}
     uint ConcGCThreads                            = 2                                         {product} {ergonomic}
     uint G1ConcRefinementThreads                  = 8                                         {product} {ergonomic}
   size_t G1HeapRegionSize                         = 1048576                                   {product} {ergonomic}
    uintx GCDrainStackTargetSize                   = 64                                        {product} {ergonomic}
   size_t InitialHeapSize                          = 8388608                                   {product} {command line}
   size_t MarkStackSize                            = 4194304                                   {product} {ergonomic}
   size_t MaxHeapSize                              = 2076180480                                {product} {ergonomic}
   size_t MaxNewSize                               = 1245708288                                {product} {ergonomic}
   size_t MinHeapDeltaBytes                        = 1048576                                   {product} {ergonomic}
   size_t MinHeapSize                              = 8388608                                   {product} {command line}
    uintx NonNMethodCodeHeapSize                   = 5839372                                {pd product} {ergonomic}
    uintx NonProfiledCodeHeapSize                  = 122909434                              {pd product} {ergonomic}
    uintx ProfiledCodeHeapSize                     = 122909434                              {pd product} {ergonomic}
    uintx ReservedCodeCacheSize                    = 251658240                              {pd product} {ergonomic}
     bool SegmentedCodeCache                       = true                                      {product} {ergonomic}
   size_t SoftMaxHeapSize                          = 2076180480                             {manageable} {ergonomic}
     bool UseCompressedClassPointers               = true                           {product lp64_product} {ergonomic}
     bool UseCompressedOops                        = true                           {product lp64_product} {ergonomic}
     bool UseG1GC                                  = true                                      {product} {ergonomic}
     bool UseLargePagesIndividualAllocation        = false                                  {pd product} {ergonomic}

Logging:
Log output configuration:
 #0: stdout all=warning uptime,level,tags
 #1: stderr all=off uptime,level,tags

Environment Variables:
JAVA_HOME=C:\Program Files\OpenLogic\jdk-17.0.10.7-hotspot\
PATH=C:\Program Files\Volta\;C:\Program Files\OpenLogic\jdk-17.0.10.7-hotspot\bin;C:\Program Files\Common Files\Oracle\Java\javapath;C:\WINDOWS\system32;C:\WINDOWS;C:\WINDOWS\System32\Wbem;C:\WINDOWS\System32\WindowsPowerShell\v1.0\;C:\WINDOWS\System32\OpenSSH\;C:\Program Files\dotnet\;C:\MinGW\bin;C:\Program Files\Git\cmd;C:\Users\dell\AppData\Local\Android\Sdk\platform-tools;C:\Users\dell\AppData\Local\Android\Sdk;C:\ProgramData\chocolatey\bin;C:\Program Files\nodejs\;C:\opencv\build\x64\vc16\bin;C:\Program Files\MongoDB\mongosh-2.3.1-win32-x64\mongosh-2.3.1-win32-x64\bin;C:\ProgramData\chocolatey\lib\maven\apache-maven-3.9.9\bin;;C:\Program Files (x86)\Microchip\xc8\v1.37\bin;C:\Program Files (x86)\Microchip\xc8\v1.45\bin;C:\Users\dell\AppData\Local\Volta\bin;C:\Users\dell\AppData\Local\Android\Sdk;C:\Users\dell\AppData\Local\Android\Sdk\tools;C:\Users\dell\AppData\Local\Android\Sdk\platform-tools;C:\Users\dell\AppData\Local\Microsoft\WindowsApps;C:\Microsoft VS Code\bin;C:\Users\dell\AppData\Local\Android\Sdk\platform-tools;C:\Users\dell\AppData\Local\Android\Sdk\tools\bin;C:\Users\dell\AppData\Local\Android\Sdk\emulator;C:\Users\dell\AppData\Roaming\npm;C:\Program Files\OpenLogic\jdk-17.0.10.7-hotspot\bin;
USERNAME=dell
LANG=en_US.UTF-8
OS=Windows_NT
PROCESSOR_IDENTIFIER=Intel64 Family 6 Model 140 Stepping 1, GenuineIntel
TMP=C:\Users\dell\AppData\Local\Temp
TEMP=C:\Users\dell\AppData\Local\Temp



Periodic native trim disabled


---------------  S Y S T E M  ---------------

OS:
 Windows 11 , 64 bit Build 22621 (10.0.22621.4391)
OS uptime: 1 days 14:26 hours
Hyper-V role detected

CPU: total 8 (initial active 8) (4 cores per cpu, 2 threads per core) family 6 model 140 stepping 1 microcode 0xb8, cx8, cmov, fxsr, ht, mmx, 3dnowpref, sse, sse2, sse3, ssse3, sse4.1, sse4.2, popcnt, lzcnt, tsc, tscinvbit, avx, avx2, aes, erms, clmul, bmi1, bmi2, adx, avx512f, avx512dq, avx512cd, avx512bw, avx512vl, sha, fma, vzeroupper, avx512_vpopcntdq, avx512_vpclmulqdq, avx512_vaes, avx512_vnni, clflush, clflushopt, clwb, avx512_vbmi2, avx512_vbmi, hv
Processor Information for all 8 processors :
  Max Mhz: 2419, Current Mhz: 2419, Mhz Limit: 2419

Memory: 4k page, system-wide physical 7918M (919M free)
TotalPageFile size 9966M (AvailPageFile size 5M)
current process WorkingSet (physical memory assigned to process): 81M, peak: 82M
current process commit charge ("private bytes"): 118M, peak: 119M

vm_info: OpenJDK 64-Bit Server VM (17.0.10+7-adhoc..jdk17u) for windows-amd64 JRE (17.0.10+7-adhoc..jdk17u), built on Jan 24 2024 08:51:31 by "" with MS VC++ 16.10 / 16.11 (VS2019)

END.
